CRITICAL - 2023-09-21 10:20:09 --> syntax error, unexpected identifier "Times"
in APPPATH\Controllers\Admin\Process\UserController.php on line 555.
 1 SYSTEMPATH\Autoloader\Autoloader.php(285): CodeIgniter\Autoloader\Autoloader->includeFile('D:\\DATABASE\\XAMPP\\htdocs\\auabclites\\core\\app\\Controllers\\Admin\\Process\\UserController.php')
 2 SYSTEMPATH\Autoloader\Autoloader.php(263): CodeIgniter\Autoloader\Autoloader->loadInNamespace('App\\Controllers\\Admin\\Process\\UserController')
 3 [internal function]: CodeIgniter\Autoloader\Autoloader->loadClass('App\\Controllers\\Admin\\Process\\UserController')
 4 SYSTEMPATH\CodeIgniter.php(873): class_exists('\\App\\Controllers\\Admin\\Process\\UserController', true)
 5 SYSTEMPATH\CodeIgniter.php(479): CodeIgniter\CodeIgniter->startController()
 6 SYSTEMPATH\CodeIgniter.php(353): CodeIgniter\CodeIgniter->handleRequest(null, Object(Config\Cache), false)
 7 FCPATH\index.php(79): CodeIgniter\CodeIgniter->run()
CRITICAL - 2023-09-21 14:13:53 --> Too few arguments to function App\Controllers\Home\ViewsController::bulletin_view(), 2 passed in D:\DATABASE\XAMPP\htdocs\auabclites\core\system\CodeIgniter.php on line 915 and at least 3 expected
in APPPATH\Controllers\Home\ViewsController.php on line 565.
 1 SYSTEMPATH\CodeIgniter.php(915): App\Controllers\Home\ViewsController->bulletin_view('news', '140')
 2 SYSTEMPATH\CodeIgniter.php(492): CodeIgniter\CodeIgniter->runController(Object(App\Controllers\Home\ViewsController))
 3 SYSTEMPATH\CodeIgniter.php(353): CodeIgniter\CodeIgniter->handleRequest(null, Object(Config\Cache), false)
 4 FCPATH\index.php(79): CodeIgniter\CodeIgniter->run()
CRITICAL - 2023-09-21 14:39:24 --> You must set the database table to be used with your query.
in SYSTEMPATH\Database\BaseConnection.php on line 883.
 1 SYSTEMPATH\Model.php(635): CodeIgniter\Database\BaseConnection->table(null)
 2 SYSTEMPATH\Model.php(863): CodeIgniter\Model->builder()
 3 APPPATH\Controllers\Admin\Process\BulletinController.php(297): CodeIgniter\Model->__call('insert_dataBatch', [...])
 4 APPPATH\Controllers\Admin\Process\BulletinController.php(181): App\Controllers\Admin\Process\BulletinController->upload_news([...], [...])
 5 SYSTEMPATH\CodeIgniter.php(915): App\Controllers\Admin\Process\BulletinController->add()
 6 SYSTEMPATH\CodeIgniter.php(492): CodeIgniter\CodeIgniter->runController(Object(App\Controllers\Admin\Process\BulletinController))
 7 SYSTEMPATH\CodeIgniter.php(353): CodeIgniter\CodeIgniter->handleRequest(null, Object(Config\Cache), false)
 8 FCPATH\index.php(79): CodeIgniter\CodeIgniter->run()
CRITICAL - 2023-09-21 18:51:41 --> Undefined variable $fields
in APPPATH\Views\Admin\sub-pages\update-bulletin.php on line 41.
 1 APPPATH\Views\Admin\sub-pages\update-bulletin.php(41): CodeIgniter\Debug\Exceptions->errorHandler(2, 'Undefined variable $fields', 'D:\\DATABASE\\XAMPP\\htdocs\\auabclites\\core\\app\\Views\\Admin\\sub-pages\\update-bulletin.php', 41)
 2 SYSTEMPATH\View\View.php(226): include('D:\\DATABASE\\XAMPP\\htdocs\\auabclites\\core\\app\\Views\\Admin\\sub-pages\\update-bulletin.php')
 3 SYSTEMPATH\View\View.php(229): CodeIgniter\View\View->CodeIgniter\View\{closure}()
 4 SYSTEMPATH\Common.php(1178): CodeIgniter\View\View->render('Admin/sub-pages/update-bulletin', [], true)
 5 APPPATH\Controllers\Admin\ViewsController.php(53): view('Admin/sub-pages/update-bulletin')
 6 APPPATH\Controllers\Admin\ViewsController.php(564): App\Controllers\Admin\ViewsController->renderView('Admin/sub-pages/update-bulletin', [...])
 7 SYSTEMPATH\CodeIgniter.php(915): App\Controllers\Admin\ViewsController->update_bulletin('147')
 8 SYSTEMPATH\CodeIgniter.php(492): CodeIgniter\CodeIgniter->runController(Object(App\Controllers\Admin\ViewsController))
 9 SYSTEMPATH\CodeIgniter.php(353): CodeIgniter\CodeIgniter->handleRequest(null, Object(Config\Cache), false)
10 FCPATH\index.php(79): CodeIgniter\CodeIgniter->run()
CRITICAL - 2023-09-21 18:52:09 --> Undefined property: stdClass::$source
in APPPATH\Helpers\custom_helper.php on line 103.
 1 APPPATH\Helpers\custom_helper.php(103): CodeIgniter\Debug\Exceptions->errorHandler(2, 'Undefined property: stdClass::$source', 'D:\\DATABASE\\XAMPP\\htdocs\\auabclites\\core\\app\\Helpers\\custom_helper.php', 103)
 2 APPPATH\Views\Admin\sub-pages\update-bulletin.php(41): format_field_value(Object(stdClass), 'source')
 3 SYSTEMPATH\View\View.php(226): include('D:\\DATABASE\\XAMPP\\htdocs\\auabclites\\core\\app\\Views\\Admin\\sub-pages\\update-bulletin.php')
 4 SYSTEMPATH\View\View.php(229): CodeIgniter\View\View->CodeIgniter\View\{closure}()
 5 SYSTEMPATH\Common.php(1178): CodeIgniter\View\View->render('Admin/sub-pages/update-bulletin', [], true)
 6 APPPATH\Controllers\Admin\ViewsController.php(53): view('Admin/sub-pages/update-bulletin')
 7 APPPATH\Controllers\Admin\ViewsController.php(564): App\Controllers\Admin\ViewsController->renderView('Admin/sub-pages/update-bulletin', [...])
 8 SYSTEMPATH\CodeIgniter.php(915): App\Controllers\Admin\ViewsController->update_bulletin('147')
 9 SYSTEMPATH\CodeIgniter.php(492): CodeIgniter\CodeIgniter->runController(Object(App\Controllers\Admin\ViewsController))
10 SYSTEMPATH\CodeIgniter.php(353): CodeIgniter\CodeIgniter->handleRequest(null, Object(Config\Cache), false)
11 FCPATH\index.php(79): CodeIgniter\CodeIgniter->run()
CRITICAL - 2023-09-21 18:52:55 --> You must set the database table to be used with your query.
in SYSTEMPATH\Database\BaseConnection.php on line 883.
 1 SYSTEMPATH\Model.php(635): CodeIgniter\Database\BaseConnection->table(null)
 2 SYSTEMPATH\Model.php(863): CodeIgniter\Model->builder()
 3 APPPATH\Controllers\Admin\Process\BulletinController.php(403): CodeIgniter\Model->__call('updateData', [...])
 4 SYSTEMPATH\CodeIgniter.php(915): App\Controllers\Admin\Process\BulletinController->update('147')
 5 SYSTEMPATH\CodeIgniter.php(492): CodeIgniter\CodeIgniter->runController(Object(App\Controllers\Admin\Process\BulletinController))
 6 SYSTEMPATH\CodeIgniter.php(353): CodeIgniter\CodeIgniter->handleRequest(null, Object(Config\Cache), false)
 7 FCPATH\index.php(79): CodeIgniter\CodeIgniter->run()
CRITICAL - 2023-09-21 19:13:23 --> strip_tags() expects at most 2 arguments, 3 given
in APPPATH\Controllers\Admin\Process\BulletinController.php on line 249.
 1 APPPATH\Controllers\Admin\Process\BulletinController.php(249): strip_tags('<p><strong style="margin: 0px; padding: 0px; font-family: \'Open Sans\', Arial, sans-serif; font-size: 14px; text-align: justify; background-color: #ffffff;">Lorem Ipsum</strong><span style="font-family: \'Open Sans\', Arial, sans-serif; font-size: 14px; text-align: justify; background-color: #ffffff;"> is simply dummy text of the printing and typesetting industry. Lorem Ipsum has been the industry\'s standard dummy text ever since the 1500s, when an unknown printer took a galley of type and scrambled it to make a type specimen book. It has survived not only five centuries, but also the leap into electronic typesetting, remaining essentially unchanged. It was popularised in the 1960s with the release of Letraset sheets containing Lorem Ipsum passages, and more recently with desktop publishing software like Aldus PageMaker including versions of Lorem Ipsum.</span></p>', 0, 300)
 2 APPPATH\Controllers\Admin\Process\BulletinController.php(195): App\Controllers\Admin\Process\BulletinController->upload_announcements([...], Object(CodeIgniter\HTTP\Files\UploadedFile))
 3 SYSTEMPATH\CodeIgniter.php(915): App\Controllers\Admin\Process\BulletinController->add()
 4 SYSTEMPATH\CodeIgniter.php(492): CodeIgniter\CodeIgniter->runController(Object(App\Controllers\Admin\Process\BulletinController))
 5 SYSTEMPATH\CodeIgniter.php(353): CodeIgniter\CodeIgniter->handleRequest(null, Object(Config\Cache), false)
 6 FCPATH\index.php(79): CodeIgniter\CodeIgniter->run()
