ERROR - 2023-08-29 08:38:39 --> Error connecting to the database: mysqli_sql_exception: Access denied for user ''@'localhost' (using password: NO) in D:\PROJECTS\system\latest_auabclites\system\Database\MySQLi\Connection.php:184
Stack trace:
#0 D:\PROJECTS\system\latest_auabclites\system\Database\MySQLi\Connection.php(184): mysqli->real_connect('localhost', '', Object(SensitiveParameterValue), '', 3306, '', 0)
#1 D:\PROJECTS\system\latest_auabclites\system\Database\BaseConnection.php(391): CodeIgniter\Database\MySQLi\Connection->connect(false)
#2 D:\PROJECTS\system\latest_auabclites\system\Database\BaseConnection.php(574): CodeIgniter\Database\BaseConnection->initialize()
#3 D:\PROJECTS\system\latest_auabclites\system\Database\BaseBuilder.php(1616): CodeIgniter\Database\BaseConnection->query('SELECT *\nFROM `...', Array, false)
#4 D:\PROJECTS\system\latest_auabclites\app\Models\CustomModel.php(58): CodeIgniter\Database\BaseBuilder->get()
#5 D:\PROJECTS\system\latest_auabclites\app\Controllers\Home\ViewsController.php(65): App\Models\CustomModel->get_data(Array)
#6 D:\PROJECTS\system\latest_auabclites\system\CodeIgniter.php(915): App\Controllers\Home\ViewsController->home()
#7 D:\PROJECTS\system\latest_auabclites\system\CodeIgniter.php(492): CodeIgniter\CodeIgniter->runController(Object(App\Controllers\Home\ViewsController))
#8 D:\PROJECTS\system\latest_auabclites\system\CodeIgniter.php(353): CodeIgniter\CodeIgniter->handleRequest(NULL, Object(Config\Cache), false)
#9 D:\PROJECTS\system\latest_auabclites\public\index.php(79): CodeIgniter\CodeIgniter->run()
#10 D:\PROJECTS\system\latest_auabclites\system\Commands\Server\rewrite.php(47): require_once('D:\\PROJECTS\\sys...')
#11 {main}

Next CodeIgniter\Database\Exceptions\DatabaseException: Access denied for user ''@'localhost' (using password: NO) in D:\PROJECTS\system\latest_auabclites\system\Database\MySQLi\Connection.php:229
Stack trace:
#0 D:\PROJECTS\system\latest_auabclites\system\Database\BaseConnection.php(391): CodeIgniter\Database\MySQLi\Connection->connect(false)
#1 D:\PROJECTS\system\latest_auabclites\system\Database\BaseConnection.php(574): CodeIgniter\Database\BaseConnection->initialize()
#2 D:\PROJECTS\system\latest_auabclites\system\Database\BaseBuilder.php(1616): CodeIgniter\Database\BaseConnection->query('SELECT *\nFROM `...', Array, false)
#3 D:\PROJECTS\system\latest_auabclites\app\Models\CustomModel.php(58): CodeIgniter\Database\BaseBuilder->get()
#4 D:\PROJECTS\system\latest_auabclites\app\Controllers\Home\ViewsController.php(65): App\Models\CustomModel->get_data(Array)
#5 D:\PROJECTS\system\latest_auabclites\system\CodeIgniter.php(915): App\Controllers\Home\ViewsController->home()
#6 D:\PROJECTS\system\latest_auabclites\system\CodeIgniter.php(492): CodeIgniter\CodeIgniter->runController(Object(App\Controllers\Home\ViewsController))
#7 D:\PROJECTS\system\latest_auabclites\system\CodeIgniter.php(353): CodeIgniter\CodeIgniter->handleRequest(NULL, Object(Config\Cache), false)
#8 D:\PROJECTS\system\latest_auabclites\public\index.php(79): CodeIgniter\CodeIgniter->run()
#9 D:\PROJECTS\system\latest_auabclites\system\Commands\Server\rewrite.php(47): require_once('D:\\PROJECTS\\sys...')
#10 {main}
CRITICAL - 2023-08-29 08:38:39 --> Unable to connect to the database.
Main connection [MySQLi]: Access denied for user ''@'localhost' (using password: NO)
in SYSTEMPATH\Database\BaseConnection.php on line 427.
 1 SYSTEMPATH\Database\BaseConnection.php(574): CodeIgniter\Database\BaseConnection->initialize()
 2 SYSTEMPATH\Database\BaseBuilder.php(1616): CodeIgniter\Database\BaseConnection->query('SELECT *
FROM `lites_images`', [], false)
 3 APPPATH\Models\CustomModel.php(58): CodeIgniter\Database\BaseBuilder->get()
 4 APPPATH\Controllers\Home\ViewsController.php(65): App\Models\CustomModel->get_data([...])
 5 SYSTEMPATH\CodeIgniter.php(915): App\Controllers\Home\ViewsController->home()
 6 SYSTEMPATH\CodeIgniter.php(492): CodeIgniter\CodeIgniter->runController(Object(App\Controllers\Home\ViewsController))
 7 SYSTEMPATH\CodeIgniter.php(353): CodeIgniter\CodeIgniter->handleRequest(null, Object(Config\Cache), false)
 8 FCPATH\index.php(79): CodeIgniter\CodeIgniter->run()
 9 SYSTEMPATH\Commands\Server\rewrite.php(47): require_once('D:\\PROJECTS\\system\\latest_auabclites\\public\\index.php')
ERROR - 2023-08-29 08:38:58 --> Error connecting to the database: mysqli_sql_exception: Access denied for user ''@'localhost' (using password: NO) in D:\PROJECTS\system\latest_auabclites\system\Database\MySQLi\Connection.php:184
Stack trace:
#0 D:\PROJECTS\system\latest_auabclites\system\Database\MySQLi\Connection.php(184): mysqli->real_connect('localhost', '', Object(SensitiveParameterValue), '', 3306, '', 0)
#1 D:\PROJECTS\system\latest_auabclites\system\Database\BaseConnection.php(391): CodeIgniter\Database\MySQLi\Connection->connect(false)
#2 D:\PROJECTS\system\latest_auabclites\system\Database\BaseConnection.php(574): CodeIgniter\Database\BaseConnection->initialize()
#3 D:\PROJECTS\system\latest_auabclites\system\Database\BaseBuilder.php(1616): CodeIgniter\Database\BaseConnection->query('SELECT *\nFROM `...', Array, false)
#4 D:\PROJECTS\system\latest_auabclites\app\Models\CustomModel.php(58): CodeIgniter\Database\BaseBuilder->get()
#5 D:\PROJECTS\system\latest_auabclites\app\Controllers\Home\ViewsController.php(65): App\Models\CustomModel->get_data(Array)
#6 D:\PROJECTS\system\latest_auabclites\system\CodeIgniter.php(915): App\Controllers\Home\ViewsController->home()
#7 D:\PROJECTS\system\latest_auabclites\system\CodeIgniter.php(492): CodeIgniter\CodeIgniter->runController(Object(App\Controllers\Home\ViewsController))
#8 D:\PROJECTS\system\latest_auabclites\system\CodeIgniter.php(353): CodeIgniter\CodeIgniter->handleRequest(NULL, Object(Config\Cache), false)
#9 D:\PROJECTS\system\latest_auabclites\public\index.php(79): CodeIgniter\CodeIgniter->run()
#10 D:\PROJECTS\system\latest_auabclites\system\Commands\Server\rewrite.php(47): require_once('D:\\PROJECTS\\sys...')
#11 {main}

Next CodeIgniter\Database\Exceptions\DatabaseException: Access denied for user ''@'localhost' (using password: NO) in D:\PROJECTS\system\latest_auabclites\system\Database\MySQLi\Connection.php:229
Stack trace:
#0 D:\PROJECTS\system\latest_auabclites\system\Database\BaseConnection.php(391): CodeIgniter\Database\MySQLi\Connection->connect(false)
#1 D:\PROJECTS\system\latest_auabclites\system\Database\BaseConnection.php(574): CodeIgniter\Database\BaseConnection->initialize()
#2 D:\PROJECTS\system\latest_auabclites\system\Database\BaseBuilder.php(1616): CodeIgniter\Database\BaseConnection->query('SELECT *\nFROM `...', Array, false)
#3 D:\PROJECTS\system\latest_auabclites\app\Models\CustomModel.php(58): CodeIgniter\Database\BaseBuilder->get()
#4 D:\PROJECTS\system\latest_auabclites\app\Controllers\Home\ViewsController.php(65): App\Models\CustomModel->get_data(Array)
#5 D:\PROJECTS\system\latest_auabclites\system\CodeIgniter.php(915): App\Controllers\Home\ViewsController->home()
#6 D:\PROJECTS\system\latest_auabclites\system\CodeIgniter.php(492): CodeIgniter\CodeIgniter->runController(Object(App\Controllers\Home\ViewsController))
#7 D:\PROJECTS\system\latest_auabclites\system\CodeIgniter.php(353): CodeIgniter\CodeIgniter->handleRequest(NULL, Object(Config\Cache), false)
#8 D:\PROJECTS\system\latest_auabclites\public\index.php(79): CodeIgniter\CodeIgniter->run()
#9 D:\PROJECTS\system\latest_auabclites\system\Commands\Server\rewrite.php(47): require_once('D:\\PROJECTS\\sys...')
#10 {main}
CRITICAL - 2023-08-29 08:38:58 --> Unable to connect to the database.
Main connection [MySQLi]: Access denied for user ''@'localhost' (using password: NO)
in SYSTEMPATH\Database\BaseConnection.php on line 427.
 1 SYSTEMPATH\Database\BaseConnection.php(574): CodeIgniter\Database\BaseConnection->initialize()
 2 SYSTEMPATH\Database\BaseBuilder.php(1616): CodeIgniter\Database\BaseConnection->query('SELECT *
FROM `lites_images`', [], false)
 3 APPPATH\Models\CustomModel.php(58): CodeIgniter\Database\BaseBuilder->get()
 4 APPPATH\Controllers\Home\ViewsController.php(65): App\Models\CustomModel->get_data([...])
 5 SYSTEMPATH\CodeIgniter.php(915): App\Controllers\Home\ViewsController->home()
 6 SYSTEMPATH\CodeIgniter.php(492): CodeIgniter\CodeIgniter->runController(Object(App\Controllers\Home\ViewsController))
 7 SYSTEMPATH\CodeIgniter.php(353): CodeIgniter\CodeIgniter->handleRequest(null, Object(Config\Cache), false)
 8 FCPATH\index.php(79): CodeIgniter\CodeIgniter->run()
 9 SYSTEMPATH\Commands\Server\rewrite.php(47): require_once('D:\\PROJECTS\\system\\latest_auabclites\\public\\index.php')
ERROR - 2023-08-29 08:39:08 --> Error connecting to the database: mysqli_sql_exception: Access denied for user ''@'localhost' (using password: NO) in D:\PROJECTS\system\latest_auabclites\system\Database\MySQLi\Connection.php:184
Stack trace:
#0 D:\PROJECTS\system\latest_auabclites\system\Database\MySQLi\Connection.php(184): mysqli->real_connect('localhost', '', Object(SensitiveParameterValue), '', 3306, '', 0)
#1 D:\PROJECTS\system\latest_auabclites\system\Database\BaseConnection.php(391): CodeIgniter\Database\MySQLi\Connection->connect(false)
#2 D:\PROJECTS\system\latest_auabclites\system\Database\BaseConnection.php(574): CodeIgniter\Database\BaseConnection->initialize()
#3 D:\PROJECTS\system\latest_auabclites\system\Database\BaseBuilder.php(1616): CodeIgniter\Database\BaseConnection->query('SELECT *\nFROM `...', Array, false)
#4 D:\PROJECTS\system\latest_auabclites\app\Models\CustomModel.php(58): CodeIgniter\Database\BaseBuilder->get()
#5 D:\PROJECTS\system\latest_auabclites\app\Controllers\Home\ViewsController.php(65): App\Models\CustomModel->get_data(Array)
#6 D:\PROJECTS\system\latest_auabclites\system\CodeIgniter.php(915): App\Controllers\Home\ViewsController->home()
#7 D:\PROJECTS\system\latest_auabclites\system\CodeIgniter.php(492): CodeIgniter\CodeIgniter->runController(Object(App\Controllers\Home\ViewsController))
#8 D:\PROJECTS\system\latest_auabclites\system\CodeIgniter.php(353): CodeIgniter\CodeIgniter->handleRequest(NULL, Object(Config\Cache), false)
#9 D:\PROJECTS\system\latest_auabclites\public\index.php(79): CodeIgniter\CodeIgniter->run()
#10 D:\PROJECTS\system\latest_auabclites\system\Commands\Server\rewrite.php(47): require_once('D:\\PROJECTS\\sys...')
#11 {main}

Next CodeIgniter\Database\Exceptions\DatabaseException: Access denied for user ''@'localhost' (using password: NO) in D:\PROJECTS\system\latest_auabclites\system\Database\MySQLi\Connection.php:229
Stack trace:
#0 D:\PROJECTS\system\latest_auabclites\system\Database\BaseConnection.php(391): CodeIgniter\Database\MySQLi\Connection->connect(false)
#1 D:\PROJECTS\system\latest_auabclites\system\Database\BaseConnection.php(574): CodeIgniter\Database\BaseConnection->initialize()
#2 D:\PROJECTS\system\latest_auabclites\system\Database\BaseBuilder.php(1616): CodeIgniter\Database\BaseConnection->query('SELECT *\nFROM `...', Array, false)
#3 D:\PROJECTS\system\latest_auabclites\app\Models\CustomModel.php(58): CodeIgniter\Database\BaseBuilder->get()
#4 D:\PROJECTS\system\latest_auabclites\app\Controllers\Home\ViewsController.php(65): App\Models\CustomModel->get_data(Array)
#5 D:\PROJECTS\system\latest_auabclites\system\CodeIgniter.php(915): App\Controllers\Home\ViewsController->home()
#6 D:\PROJECTS\system\latest_auabclites\system\CodeIgniter.php(492): CodeIgniter\CodeIgniter->runController(Object(App\Controllers\Home\ViewsController))
#7 D:\PROJECTS\system\latest_auabclites\system\CodeIgniter.php(353): CodeIgniter\CodeIgniter->handleRequest(NULL, Object(Config\Cache), false)
#8 D:\PROJECTS\system\latest_auabclites\public\index.php(79): CodeIgniter\CodeIgniter->run()
#9 D:\PROJECTS\system\latest_auabclites\system\Commands\Server\rewrite.php(47): require_once('D:\\PROJECTS\\sys...')
#10 {main}
CRITICAL - 2023-08-29 08:39:08 --> Unable to connect to the database.
Main connection [MySQLi]: Access denied for user ''@'localhost' (using password: NO)
in SYSTEMPATH\Database\BaseConnection.php on line 427.
 1 SYSTEMPATH\Database\BaseConnection.php(574): CodeIgniter\Database\BaseConnection->initialize()
 2 SYSTEMPATH\Database\BaseBuilder.php(1616): CodeIgniter\Database\BaseConnection->query('SELECT *
FROM `lites_images`', [], false)
 3 APPPATH\Models\CustomModel.php(58): CodeIgniter\Database\BaseBuilder->get()
 4 APPPATH\Controllers\Home\ViewsController.php(65): App\Models\CustomModel->get_data([...])
 5 SYSTEMPATH\CodeIgniter.php(915): App\Controllers\Home\ViewsController->home()
 6 SYSTEMPATH\CodeIgniter.php(492): CodeIgniter\CodeIgniter->runController(Object(App\Controllers\Home\ViewsController))
 7 SYSTEMPATH\CodeIgniter.php(353): CodeIgniter\CodeIgniter->handleRequest(null, Object(Config\Cache), false)
 8 FCPATH\index.php(79): CodeIgniter\CodeIgniter->run()
 9 SYSTEMPATH\Commands\Server\rewrite.php(47): require_once('D:\\PROJECTS\\system\\latest_auabclites\\public\\index.php')
CRITICAL - 2023-08-29 08:48:24 --> Class "PhpOffice\PhpSpreadsheet\Spreadsheet" not found
in APPPATH\Libraries\ReportsController.php on line 109.
 1 APPPATH\Libraries\ReportsController.php(41): App\Libraries\ReportsController->parseToExcel('user-report', [...])
 2 APPPATH\Controllers\Admin\ViewsController.php(1343): App\Libraries\ReportsController->init()
 3 SYSTEMPATH\CodeIgniter.php(915): App\Controllers\Admin\ViewsController->manage_reports()
 4 SYSTEMPATH\CodeIgniter.php(492): CodeIgniter\CodeIgniter->runController(Object(App\Controllers\Admin\ViewsController))
 5 SYSTEMPATH\CodeIgniter.php(353): CodeIgniter\CodeIgniter->handleRequest(null, Object(Config\Cache), false)
 6 FCPATH\index.php(79): CodeIgniter\CodeIgniter->run()
 7 SYSTEMPATH\Commands\Server\rewrite.php(47): require_once('D:\\PROJECTS\\system\\latest_auabclites\\public\\index.php')
CRITICAL - 2023-08-29 10:07:07 --> Trying to access array offset on value of type null
in APPPATH\Views\Admin\templates\navbar.php on line 25.
 1 APPPATH\Views\Admin\templates\navbar.php(25): CodeIgniter\Debug\Exceptions->errorHandler(2, 'Trying to access array offset on value of type null', 'D:\\PROJECTS\\system\\latest_auabclites\\app\\Views\\Admin\\templates\\navbar.php', 25)
 2 SYSTEMPATH\View\View.php(226): include('D:\\PROJECTS\\system\\latest_auabclites\\app\\Views\\Admin\\templates\\navbar.php')
 3 SYSTEMPATH\View\View.php(229): CodeIgniter\View\View->CodeIgniter\View\{closure}()
 4 SYSTEMPATH\Common.php(1178): CodeIgniter\View\View->render('admin/templates/navbar', [], true)
 5 APPPATH\Views\Admin\dashboard.php(4): view('admin/templates/navbar')
 6 SYSTEMPATH\View\View.php(226): include('D:\\PROJECTS\\system\\latest_auabclites\\app\\Views\\Admin\\dashboard.php')
 7 SYSTEMPATH\View\View.php(229): CodeIgniter\View\View->CodeIgniter\View\{closure}()
 8 SYSTEMPATH\Common.php(1178): CodeIgniter\View\View->render('Admin/dashboard', [], true)
 9 APPPATH\Controllers\Admin\ViewsController.php(56): view('Admin/dashboard')
10 APPPATH\Controllers\Admin\ViewsController.php(139): App\Controllers\Admin\ViewsController->renderView('Admin/dashboard', [...])
11 SYSTEMPATH\CodeIgniter.php(915): App\Controllers\Admin\ViewsController->dashboard()
12 SYSTEMPATH\CodeIgniter.php(492): CodeIgniter\CodeIgniter->runController(Object(App\Controllers\Admin\ViewsController))
13 SYSTEMPATH\CodeIgniter.php(353): CodeIgniter\CodeIgniter->handleRequest(null, Object(Config\Cache), false)
14 FCPATH\index.php(79): CodeIgniter\CodeIgniter->run()
15 SYSTEMPATH\Commands\Server\rewrite.php(47): require_once('D:\\PROJECTS\\system\\latest_auabclites\\public\\index.php')
CRITICAL - 2023-08-29 10:07:34 --> Trying to access array offset on value of type null
in APPPATH\Views\Admin\templates\navbar.php on line 25.
 1 APPPATH\Views\Admin\templates\navbar.php(25): CodeIgniter\Debug\Exceptions->errorHandler(2, 'Trying to access array offset on value of type null', 'D:\\PROJECTS\\system\\latest_auabclites\\app\\Views\\Admin\\templates\\navbar.php', 25)
 2 SYSTEMPATH\View\View.php(226): include('D:\\PROJECTS\\system\\latest_auabclites\\app\\Views\\Admin\\templates\\navbar.php')
 3 SYSTEMPATH\View\View.php(229): CodeIgniter\View\View->CodeIgniter\View\{closure}()
 4 SYSTEMPATH\Common.php(1178): CodeIgniter\View\View->render('admin/templates/navbar', [], true)
 5 APPPATH\Views\Admin\dashboard.php(4): view('admin/templates/navbar')
 6 SYSTEMPATH\View\View.php(226): include('D:\\PROJECTS\\system\\latest_auabclites\\app\\Views\\Admin\\dashboard.php')
 7 SYSTEMPATH\View\View.php(229): CodeIgniter\View\View->CodeIgniter\View\{closure}()
 8 SYSTEMPATH\Common.php(1178): CodeIgniter\View\View->render('Admin/dashboard', [], true)
 9 APPPATH\Controllers\Admin\ViewsController.php(56): view('Admin/dashboard')
10 APPPATH\Controllers\Admin\ViewsController.php(139): App\Controllers\Admin\ViewsController->renderView('Admin/dashboard', [...])
11 SYSTEMPATH\CodeIgniter.php(915): App\Controllers\Admin\ViewsController->dashboard()
12 SYSTEMPATH\CodeIgniter.php(492): CodeIgniter\CodeIgniter->runController(Object(App\Controllers\Admin\ViewsController))
13 SYSTEMPATH\CodeIgniter.php(353): CodeIgniter\CodeIgniter->handleRequest(null, Object(Config\Cache), false)
14 FCPATH\index.php(79): CodeIgniter\CodeIgniter->run()
15 SYSTEMPATH\Commands\Server\rewrite.php(47): require_once('D:\\PROJECTS\\system\\latest_auabclites\\public\\index.php')
CRITICAL - 2023-08-29 10:07:40 --> Trying to access array offset on value of type null
in APPPATH\Views\Admin\templates\navbar.php on line 25.
 1 APPPATH\Views\Admin\templates\navbar.php(25): CodeIgniter\Debug\Exceptions->errorHandler(2, 'Trying to access array offset on value of type null', 'D:\\PROJECTS\\system\\latest_auabclites\\app\\Views\\Admin\\templates\\navbar.php', 25)
 2 SYSTEMPATH\View\View.php(226): include('D:\\PROJECTS\\system\\latest_auabclites\\app\\Views\\Admin\\templates\\navbar.php')
 3 SYSTEMPATH\View\View.php(229): CodeIgniter\View\View->CodeIgniter\View\{closure}()
 4 SYSTEMPATH\Common.php(1178): CodeIgniter\View\View->render('admin/templates/navbar', [], true)
 5 APPPATH\Views\Admin\dashboard.php(4): view('admin/templates/navbar')
 6 SYSTEMPATH\View\View.php(226): include('D:\\PROJECTS\\system\\latest_auabclites\\app\\Views\\Admin\\dashboard.php')
 7 SYSTEMPATH\View\View.php(229): CodeIgniter\View\View->CodeIgniter\View\{closure}()
 8 SYSTEMPATH\Common.php(1178): CodeIgniter\View\View->render('Admin/dashboard', [], true)
 9 APPPATH\Controllers\Admin\ViewsController.php(56): view('Admin/dashboard')
10 APPPATH\Controllers\Admin\ViewsController.php(139): App\Controllers\Admin\ViewsController->renderView('Admin/dashboard', [...])
11 SYSTEMPATH\CodeIgniter.php(915): App\Controllers\Admin\ViewsController->dashboard()
12 SYSTEMPATH\CodeIgniter.php(492): CodeIgniter\CodeIgniter->runController(Object(App\Controllers\Admin\ViewsController))
13 SYSTEMPATH\CodeIgniter.php(353): CodeIgniter\CodeIgniter->handleRequest(null, Object(Config\Cache), false)
14 FCPATH\index.php(79): CodeIgniter\CodeIgniter->run()
15 SYSTEMPATH\Commands\Server\rewrite.php(47): require_once('D:\\PROJECTS\\system\\latest_auabclites\\public\\index.php')
CRITICAL - 2023-08-29 10:07:49 --> Trying to access array offset on value of type null
in APPPATH\Views\Admin\templates\navbar.php on line 25.
 1 APPPATH\Views\Admin\templates\navbar.php(25): CodeIgniter\Debug\Exceptions->errorHandler(2, 'Trying to access array offset on value of type null', 'D:\\PROJECTS\\system\\latest_auabclites\\app\\Views\\Admin\\templates\\navbar.php', 25)
 2 SYSTEMPATH\View\View.php(226): include('D:\\PROJECTS\\system\\latest_auabclites\\app\\Views\\Admin\\templates\\navbar.php')
 3 SYSTEMPATH\View\View.php(229): CodeIgniter\View\View->CodeIgniter\View\{closure}()
 4 SYSTEMPATH\Common.php(1178): CodeIgniter\View\View->render('admin/templates/navbar', [], true)
 5 APPPATH\Views\Admin\dashboard.php(4): view('admin/templates/navbar')
 6 SYSTEMPATH\View\View.php(226): include('D:\\PROJECTS\\system\\latest_auabclites\\app\\Views\\Admin\\dashboard.php')
 7 SYSTEMPATH\View\View.php(229): CodeIgniter\View\View->CodeIgniter\View\{closure}()
 8 SYSTEMPATH\Common.php(1178): CodeIgniter\View\View->render('Admin/dashboard', [], true)
 9 APPPATH\Controllers\Admin\ViewsController.php(56): view('Admin/dashboard')
10 APPPATH\Controllers\Admin\ViewsController.php(139): App\Controllers\Admin\ViewsController->renderView('Admin/dashboard', [...])
11 SYSTEMPATH\CodeIgniter.php(915): App\Controllers\Admin\ViewsController->dashboard()
12 SYSTEMPATH\CodeIgniter.php(492): CodeIgniter\CodeIgniter->runController(Object(App\Controllers\Admin\ViewsController))
13 SYSTEMPATH\CodeIgniter.php(353): CodeIgniter\CodeIgniter->handleRequest(null, Object(Config\Cache), false)
14 FCPATH\index.php(79): CodeIgniter\CodeIgniter->run()
15 SYSTEMPATH\Commands\Server\rewrite.php(47): require_once('D:\\PROJECTS\\system\\latest_auabclites\\public\\index.php')
CRITICAL - 2023-08-29 10:12:28 --> ltrim(): Argument #1 ($string) must be of type string, array given
in APPPATH\Filters\AuthAdminFilter.php on line 135.
 1 APPPATH\Filters\AuthAdminFilter.php(135): ltrim([...])
 2 SYSTEMPATH\Filters\Filters.php(180): App\Filters\AuthAdminFilter->before(Object(CodeIgniter\HTTP\IncomingRequest), null)
 3 SYSTEMPATH\CodeIgniter.php(466): CodeIgniter\Filters\Filters->run('admin/login', 'before')
 4 SYSTEMPATH\CodeIgniter.php(353): CodeIgniter\CodeIgniter->handleRequest(null, Object(Config\Cache), false)
 5 FCPATH\index.php(79): CodeIgniter\CodeIgniter->run()
 6 SYSTEMPATH\Commands\Server\rewrite.php(47): require_once('D:\\PROJECTS\\system\\latest_auabclites\\public\\index.php')
CRITICAL - 2023-08-29 10:55:38 --> syntax error, unexpected single-quoted string "</h5>", expecting "," or ";"
in APPPATH\Views\Home\bulletin.php on line 66.
 1 SYSTEMPATH\View\View.php(229): CodeIgniter\View\View->CodeIgniter\View\{closure}()
 2 SYSTEMPATH\Common.php(1178): CodeIgniter\View\View->render('Home/bulletin', [], true)
 3 APPPATH\Controllers\Home\ViewsController.php(43): view('Home/bulletin')
 4 APPPATH\Controllers\Home\ViewsController.php(179): App\Controllers\Home\ViewsController->renderView('Home/bulletin', [...])
 5 SYSTEMPATH\CodeIgniter.php(915): App\Controllers\Home\ViewsController->bulletin()
 6 SYSTEMPATH\CodeIgniter.php(492): CodeIgniter\CodeIgniter->runController(Object(App\Controllers\Home\ViewsController))
 7 SYSTEMPATH\CodeIgniter.php(353): CodeIgniter\CodeIgniter->handleRequest(null, Object(Config\Cache), false)
 8 FCPATH\index.php(79): CodeIgniter\CodeIgniter->run()
 9 SYSTEMPATH\Commands\Server\rewrite.php(47): require_once('D:\\PROJECTS\\system\\latest_auabclites\\public\\index.php')
CRITICAL - 2023-08-29 11:00:56 --> Undefined array key "table"
in APPPATH\Models\CustomModel.php on line 16.
 1 APPPATH\Models\CustomModel.php(16): CodeIgniter\Debug\Exceptions->errorHandler(2, 'Undefined array key "table"', 'D:\\PROJECTS\\system\\latest_auabclites\\app\\Models\\CustomModel.php', 16)
 2 APPPATH\Controllers\Home\ViewsController.php(146): App\Models\CustomModel->get_data([])
 3 SYSTEMPATH\CodeIgniter.php(915): App\Controllers\Home\ViewsController->bulletin()
 4 SYSTEMPATH\CodeIgniter.php(492): CodeIgniter\CodeIgniter->runController(Object(App\Controllers\Home\ViewsController))
 5 SYSTEMPATH\CodeIgniter.php(353): CodeIgniter\CodeIgniter->handleRequest(null, Object(Config\Cache), false)
 6 FCPATH\index.php(79): CodeIgniter\CodeIgniter->run()
 7 SYSTEMPATH\Commands\Server\rewrite.php(47): require_once('D:\\PROJECTS\\system\\latest_auabclites\\public\\index.php')
CRITICAL - 2023-08-29 11:08:19 --> Call to undefined function format_timestamp_to_data()
in APPPATH\Views\Admin\manage-bulletin.php on line 44.
 1 SYSTEMPATH\View\View.php(226): include()
 2 SYSTEMPATH\View\View.php(229): CodeIgniter\View\View->CodeIgniter\View\{closure}()
 3 SYSTEMPATH\Common.php(1178): CodeIgniter\View\View->render('Admin/manage-bulletin', [], true)
 4 APPPATH\Controllers\Admin\ViewsController.php(56): view('Admin/manage-bulletin')
 5 APPPATH\Controllers\Admin\ViewsController.php(423): App\Controllers\Admin\ViewsController->renderView('Admin/manage-bulletin', [...])
 6 SYSTEMPATH\CodeIgniter.php(915): App\Controllers\Admin\ViewsController->manage_bulletin()
 7 SYSTEMPATH\CodeIgniter.php(492): CodeIgniter\CodeIgniter->runController(Object(App\Controllers\Admin\ViewsController))
 8 SYSTEMPATH\CodeIgniter.php(353): CodeIgniter\CodeIgniter->handleRequest(null, Object(Config\Cache), false)
 9 FCPATH\index.php(79): CodeIgniter\CodeIgniter->run()
10 SYSTEMPATH\Commands\Server\rewrite.php(47): require_once('D:\\PROJECTS\\system\\latest_auabclites\\public\\index.php')
CRITICAL - 2023-08-29 11:15:34 --> Undefined variable $count
in APPPATH\Views\Home\bulletin.php on line 34.
 1 APPPATH\Views\Home\bulletin.php(34): CodeIgniter\Debug\Exceptions->errorHandler(2, 'Undefined variable $count', 'D:\\PROJECTS\\system\\latest_auabclites\\app\\Views\\Home\\bulletin.php', 34)
 2 SYSTEMPATH\View\View.php(226): include('D:\\PROJECTS\\system\\latest_auabclites\\app\\Views\\Home\\bulletin.php')
 3 SYSTEMPATH\View\View.php(229): CodeIgniter\View\View->CodeIgniter\View\{closure}()
 4 SYSTEMPATH\Common.php(1178): CodeIgniter\View\View->render('Home/bulletin', [], true)
 5 APPPATH\Controllers\Home\ViewsController.php(43): view('Home/bulletin')
 6 APPPATH\Controllers\Home\ViewsController.php(179): App\Controllers\Home\ViewsController->renderView('Home/bulletin', [...])
 7 SYSTEMPATH\CodeIgniter.php(915): App\Controllers\Home\ViewsController->bulletin()
 8 SYSTEMPATH\CodeIgniter.php(492): CodeIgniter\CodeIgniter->runController(Object(App\Controllers\Home\ViewsController))
 9 SYSTEMPATH\CodeIgniter.php(353): CodeIgniter\CodeIgniter->handleRequest(null, Object(Config\Cache), false)
10 FCPATH\index.php(79): CodeIgniter\CodeIgniter->run()
11 SYSTEMPATH\Commands\Server\rewrite.php(47): require_once('D:\\PROJECTS\\system\\latest_auabclites\\public\\index.php')
CRITICAL - 2023-08-29 11:17:50 --> Undefined array key "site_newss"
in APPPATH\Views\Home\bulletin.php on line 83.
 1 APPPATH\Views\Home\bulletin.php(83): CodeIgniter\Debug\Exceptions->errorHandler(2, 'Undefined array key "site_newss"', 'D:\\PROJECTS\\system\\latest_auabclites\\app\\Views\\Home\\bulletin.php', 83)
 2 SYSTEMPATH\View\View.php(226): include('D:\\PROJECTS\\system\\latest_auabclites\\app\\Views\\Home\\bulletin.php')
 3 SYSTEMPATH\View\View.php(229): CodeIgniter\View\View->CodeIgniter\View\{closure}()
 4 SYSTEMPATH\Common.php(1178): CodeIgniter\View\View->render('Home/bulletin', [], true)
 5 APPPATH\Controllers\Home\ViewsController.php(43): view('Home/bulletin')
 6 APPPATH\Controllers\Home\ViewsController.php(179): App\Controllers\Home\ViewsController->renderView('Home/bulletin', [...])
 7 SYSTEMPATH\CodeIgniter.php(915): App\Controllers\Home\ViewsController->bulletin()
 8 SYSTEMPATH\CodeIgniter.php(492): CodeIgniter\CodeIgniter->runController(Object(App\Controllers\Home\ViewsController))
 9 SYSTEMPATH\CodeIgniter.php(353): CodeIgniter\CodeIgniter->handleRequest(null, Object(Config\Cache), false)
10 FCPATH\index.php(79): CodeIgniter\CodeIgniter->run()
11 SYSTEMPATH\Commands\Server\rewrite.php(47): require_once('D:\\PROJECTS\\system\\latest_auabclites\\public\\index.php')
CRITICAL - 2023-08-29 11:19:08 --> Call to undefined function format_timestamp_to_data()
in APPPATH\Views\Admin\sub-pages\update-bulletin.php on line 28.
 1 SYSTEMPATH\View\View.php(226): include()
 2 SYSTEMPATH\View\View.php(229): CodeIgniter\View\View->CodeIgniter\View\{closure}()
 3 SYSTEMPATH\Common.php(1178): CodeIgniter\View\View->render('Admin/sub-pages/update-bulletin', [], true)
 4 APPPATH\Controllers\Admin\ViewsController.php(56): view('Admin/sub-pages/update-bulletin')
 5 APPPATH\Controllers\Admin\ViewsController.php(538): App\Controllers\Admin\ViewsController->renderView('Admin/sub-pages/update-bulletin', [...])
 6 SYSTEMPATH\CodeIgniter.php(915): App\Controllers\Admin\ViewsController->update_bulletin('102')
 7 SYSTEMPATH\CodeIgniter.php(492): CodeIgniter\CodeIgniter->runController(Object(App\Controllers\Admin\ViewsController))
 8 SYSTEMPATH\CodeIgniter.php(353): CodeIgniter\CodeIgniter->handleRequest(null, Object(Config\Cache), false)
 9 FCPATH\index.php(79): CodeIgniter\CodeIgniter->run()
10 SYSTEMPATH\Commands\Server\rewrite.php(47): require_once('D:\\PROJECTS\\system\\latest_auabclites\\public\\index.php')
CRITICAL - 2023-08-29 23:58:21 --> str_replace() expects at least 3 arguments, 2 given
in APPPATH\Views\Home\bulletin.php on line 15.
 1 APPPATH\Views\Home\bulletin.php(15): str_replace([...], 'No classes tomorrow August 05, 2023')
 2 SYSTEMPATH\View\View.php(226): include('D:\\PROJECTS\\system\\latest_auabclites\\app\\Views\\Home\\bulletin.php')
 3 SYSTEMPATH\View\View.php(229): CodeIgniter\View\View->CodeIgniter\View\{closure}()
 4 SYSTEMPATH\Common.php(1178): CodeIgniter\View\View->render('Home/bulletin', [], true)
 5 APPPATH\Controllers\Home\ViewsController.php(43): view('Home/bulletin')
 6 APPPATH\Controllers\Home\ViewsController.php(178): App\Controllers\Home\ViewsController->renderView('Home/bulletin', [...])
 7 SYSTEMPATH\CodeIgniter.php(915): App\Controllers\Home\ViewsController->bulletin()
 8 SYSTEMPATH\CodeIgniter.php(492): CodeIgniter\CodeIgniter->runController(Object(App\Controllers\Home\ViewsController))
 9 SYSTEMPATH\CodeIgniter.php(353): CodeIgniter\CodeIgniter->handleRequest(null, Object(Config\Cache), false)
10 FCPATH\index.php(79): CodeIgniter\CodeIgniter->run()
11 SYSTEMPATH\Commands\Server\rewrite.php(47): require_once('D:\\PROJECTS\\system\\latest_auabclites\\public\\index.php')
