CRITICAL - 2023-09-16 15:04:38 --> in_array(): Argument #2 ($haystack) must be of type array, string given
in APPPATH\Views\Home\officers.php on line 24.
 1 APPPATH\Views\Home\officers.php(24): in_array([...], '3')
 2 SYSTEMPATH\View\View.php(226): include('D:\\DATABASE\\XAMPP\\htdocs\\auabclites\\core\\app\\Views\\Home\\officers.php')
 3 SYSTEMPATH\View\View.php(229): CodeIgniter\View\View->CodeIgniter\View\{closure}()
 4 SYSTEMPATH\Common.php(1178): CodeIgniter\View\View->render('Home/officers', [], true)
 5 APPPATH\Controllers\Home\ViewsController.php(44): view('Home/officers')
 6 APPPATH\Controllers\Home\ViewsController.php(802): App\Controllers\Home\ViewsController->renderView('Home/officers', [...])
 7 SYSTEMPATH\CodeIgniter.php(915): App\Controllers\Home\ViewsController->officers()
 8 SYSTEMPATH\CodeIgniter.php(492): CodeIgniter\CodeIgniter->runController(Object(App\Controllers\Home\ViewsController))
 9 SYSTEMPATH\CodeIgniter.php(353): CodeIgniter\CodeIgniter->handleRequest(null, Object(Config\Cache), false)
10 FCPATH\index.php(79): CodeIgniter\CodeIgniter->run()
CRITICAL - 2023-09-16 15:43:33 --> Undefined property: stdClass::$category
in APPPATH\Views\Admin\manage-research.php on line 36.
 1 APPPATH\Views\Admin\manage-research.php(36): CodeIgniter\Debug\Exceptions->errorHandler(2, 'Undefined property: stdClass::$category', 'D:\\DATABASE\\XAMPP\\htdocs\\auabclites\\core\\app\\Views\\Admin\\manage-research.php', 36)
 2 SYSTEMPATH\View\View.php(226): include('D:\\DATABASE\\XAMPP\\htdocs\\auabclites\\core\\app\\Views\\Admin\\manage-research.php')
 3 SYSTEMPATH\View\View.php(229): CodeIgniter\View\View->CodeIgniter\View\{closure}()
 4 SYSTEMPATH\Common.php(1178): CodeIgniter\View\View->render('Admin/manage-research', [], true)
 5 APPPATH\Controllers\Admin\ViewsController.php(53): view('Admin/manage-research')
 6 APPPATH\Controllers\Admin\ViewsController.php(953): App\Controllers\Admin\ViewsController->renderView('Admin/manage-research', [...])
 7 SYSTEMPATH\CodeIgniter.php(915): App\Controllers\Admin\ViewsController->manage_research()
 8 SYSTEMPATH\CodeIgniter.php(492): CodeIgniter\CodeIgniter->runController(Object(App\Controllers\Admin\ViewsController))
 9 SYSTEMPATH\CodeIgniter.php(353): CodeIgniter\CodeIgniter->handleRequest(null, Object(Config\Cache), false)
10 FCPATH\index.php(79): CodeIgniter\CodeIgniter->run()
CRITICAL - 2023-09-16 17:09:16 --> syntax error, unexpected identifier "Closure", expecting variable
in FCPATH\core\vendor\maennchen\zipstream-php\src\ZipStream.php on line 111.
 1 SYSTEMPATH\Autoloader\Autoloader.php(250): CodeIgniter\Autoloader\Autoloader->includeFile('D:\\DATABASE\\XAMPP\\htdocs\\auabclites\\core\\vendor\\composer/../maennchen/zipstream-php/src/ZipStream.php')
 2 FCPATH\core\vendor\phpoffice\phpspreadsheet\src\PhpSpreadsheet\Writer\ZipStream3.php(15): CodeIgniter\Autoloader\Autoloader->loadClassmap('ZipStream\\ZipStream')
 3 FCPATH\core\vendor\phpoffice\phpspreadsheet\src\PhpSpreadsheet\Writer\ZipStream0.php(15): PhpOffice\PhpSpreadsheet\Writer\ZipStream3::newZipStream(resource (stream))
 4 FCPATH\core\vendor\phpoffice\phpspreadsheet\src\PhpSpreadsheet\Writer\Xlsx.php(548): PhpOffice\PhpSpreadsheet\Writer\ZipStream0::newZipStream(resource (stream))
 5 APPPATH\Libraries\ReportsController.php(132): PhpOffice\PhpSpreadsheet\Writer\Xlsx->save('php://output')
 6 APPPATH\Libraries\ReportsController.php(41): App\Libraries\ReportsController->parseToExcel('user-report', [...])
 7 APPPATH\Controllers\Admin\ViewsController.php(1350): App\Libraries\ReportsController->init()
 8 SYSTEMPATH\CodeIgniter.php(915): App\Controllers\Admin\ViewsController->manage_reports()
 9 SYSTEMPATH\CodeIgniter.php(492): CodeIgniter\CodeIgniter->runController(Object(App\Controllers\Admin\ViewsController))
10 SYSTEMPATH\CodeIgniter.php(353): CodeIgniter\CodeIgniter->handleRequest(null, Object(Config\Cache), false)
11 FCPATH\index.php(79): CodeIgniter\CodeIgniter->run()
CRITICAL - 2023-09-16 17:11:51 --> Too few arguments to function PhpOffice\PhpSpreadsheet\Writer\Xlsx::save(), 0 passed in D:\DATABASE\XAMPP\htdocs\auabclites\core\app\Libraries\ReportsController.php on line 132 and at least 1 expected
in FCPATH\core\vendor\phpoffice\phpspreadsheet\src\PhpSpreadsheet\Writer\Xlsx.php on line 300.
 1 APPPATH\Libraries\ReportsController.php(132): PhpOffice\PhpSpreadsheet\Writer\Xlsx->save()
 2 APPPATH\Libraries\ReportsController.php(41): App\Libraries\ReportsController->parseToExcel('user-report', [...])
 3 APPPATH\Controllers\Admin\ViewsController.php(1350): App\Libraries\ReportsController->init()
 4 SYSTEMPATH\CodeIgniter.php(915): App\Controllers\Admin\ViewsController->manage_reports()
 5 SYSTEMPATH\CodeIgniter.php(492): CodeIgniter\CodeIgniter->runController(Object(App\Controllers\Admin\ViewsController))
 6 SYSTEMPATH\CodeIgniter.php(353): CodeIgniter\CodeIgniter->handleRequest(null, Object(Config\Cache), false)
 7 FCPATH\index.php(79): CodeIgniter\CodeIgniter->run()
CRITICAL - 2023-09-16 17:12:30 --> syntax error, unexpected identifier "Closure", expecting variable
in FCPATH\core\vendor\maennchen\zipstream-php\src\ZipStream.php on line 111.
 1 SYSTEMPATH\Autoloader\Autoloader.php(250): CodeIgniter\Autoloader\Autoloader->includeFile('D:\\DATABASE\\XAMPP\\htdocs\\auabclites\\core\\vendor\\composer/../maennchen/zipstream-php/src/ZipStream.php')
 2 FCPATH\core\vendor\phpoffice\phpspreadsheet\src\PhpSpreadsheet\Writer\ZipStream3.php(15): CodeIgniter\Autoloader\Autoloader->loadClassmap('ZipStream\\ZipStream')
 3 FCPATH\core\vendor\phpoffice\phpspreadsheet\src\PhpSpreadsheet\Writer\ZipStream0.php(15): PhpOffice\PhpSpreadsheet\Writer\ZipStream3::newZipStream(resource (stream))
 4 FCPATH\core\vendor\phpoffice\phpspreadsheet\src\PhpSpreadsheet\Writer\Xlsx.php(548): PhpOffice\PhpSpreadsheet\Writer\ZipStream0::newZipStream(resource (stream))
 5 APPPATH\Libraries\ReportsController.php(137): PhpOffice\PhpSpreadsheet\Writer\Xlsx->save('php://output')
 6 APPPATH\Libraries\ReportsController.php(41): App\Libraries\ReportsController->parseToExcel('user-report', [...])
 7 APPPATH\Controllers\Admin\ViewsController.php(1350): App\Libraries\ReportsController->init()
 8 SYSTEMPATH\CodeIgniter.php(915): App\Controllers\Admin\ViewsController->manage_reports()
 9 SYSTEMPATH\CodeIgniter.php(492): CodeIgniter\CodeIgniter->runController(Object(App\Controllers\Admin\ViewsController))
10 SYSTEMPATH\CodeIgniter.php(353): CodeIgniter\CodeIgniter->handleRequest(null, Object(Config\Cache), false)
11 FCPATH\index.php(79): CodeIgniter\CodeIgniter->run()
CRITICAL - 2023-09-16 17:12:32 --> syntax error, unexpected identifier "Closure", expecting variable
in FCPATH\core\vendor\maennchen\zipstream-php\src\ZipStream.php on line 111.
 1 SYSTEMPATH\Autoloader\Autoloader.php(250): CodeIgniter\Autoloader\Autoloader->includeFile('D:\\DATABASE\\XAMPP\\htdocs\\auabclites\\core\\vendor\\composer/../maennchen/zipstream-php/src/ZipStream.php')
 2 FCPATH\core\vendor\phpoffice\phpspreadsheet\src\PhpSpreadsheet\Writer\ZipStream3.php(15): CodeIgniter\Autoloader\Autoloader->loadClassmap('ZipStream\\ZipStream')
 3 FCPATH\core\vendor\phpoffice\phpspreadsheet\src\PhpSpreadsheet\Writer\ZipStream0.php(15): PhpOffice\PhpSpreadsheet\Writer\ZipStream3::newZipStream(resource (stream))
 4 FCPATH\core\vendor\phpoffice\phpspreadsheet\src\PhpSpreadsheet\Writer\Xlsx.php(548): PhpOffice\PhpSpreadsheet\Writer\ZipStream0::newZipStream(resource (stream))
 5 APPPATH\Libraries\ReportsController.php(137): PhpOffice\PhpSpreadsheet\Writer\Xlsx->save('php://output')
 6 APPPATH\Libraries\ReportsController.php(41): App\Libraries\ReportsController->parseToExcel('user-report', [...])
 7 APPPATH\Controllers\Admin\ViewsController.php(1350): App\Libraries\ReportsController->init()
 8 SYSTEMPATH\CodeIgniter.php(915): App\Controllers\Admin\ViewsController->manage_reports()
 9 SYSTEMPATH\CodeIgniter.php(492): CodeIgniter\CodeIgniter->runController(Object(App\Controllers\Admin\ViewsController))
10 SYSTEMPATH\CodeIgniter.php(353): CodeIgniter\CodeIgniter->handleRequest(null, Object(Config\Cache), false)
11 FCPATH\index.php(79): CodeIgniter\CodeIgniter->run()
CRITICAL - 2023-09-16 17:12:33 --> syntax error, unexpected identifier "Closure", expecting variable
in FCPATH\core\vendor\maennchen\zipstream-php\src\ZipStream.php on line 111.
 1 SYSTEMPATH\Autoloader\Autoloader.php(250): CodeIgniter\Autoloader\Autoloader->includeFile('D:\\DATABASE\\XAMPP\\htdocs\\auabclites\\core\\vendor\\composer/../maennchen/zipstream-php/src/ZipStream.php')
 2 FCPATH\core\vendor\phpoffice\phpspreadsheet\src\PhpSpreadsheet\Writer\ZipStream3.php(15): CodeIgniter\Autoloader\Autoloader->loadClassmap('ZipStream\\ZipStream')
 3 FCPATH\core\vendor\phpoffice\phpspreadsheet\src\PhpSpreadsheet\Writer\ZipStream0.php(15): PhpOffice\PhpSpreadsheet\Writer\ZipStream3::newZipStream(resource (stream))
 4 FCPATH\core\vendor\phpoffice\phpspreadsheet\src\PhpSpreadsheet\Writer\Xlsx.php(548): PhpOffice\PhpSpreadsheet\Writer\ZipStream0::newZipStream(resource (stream))
 5 APPPATH\Libraries\ReportsController.php(137): PhpOffice\PhpSpreadsheet\Writer\Xlsx->save('php://output')
 6 APPPATH\Libraries\ReportsController.php(41): App\Libraries\ReportsController->parseToExcel('user-report', [...])
 7 APPPATH\Controllers\Admin\ViewsController.php(1350): App\Libraries\ReportsController->init()
 8 SYSTEMPATH\CodeIgniter.php(915): App\Controllers\Admin\ViewsController->manage_reports()
 9 SYSTEMPATH\CodeIgniter.php(492): CodeIgniter\CodeIgniter->runController(Object(App\Controllers\Admin\ViewsController))
10 SYSTEMPATH\CodeIgniter.php(353): CodeIgniter\CodeIgniter->handleRequest(null, Object(Config\Cache), false)
11 FCPATH\index.php(79): CodeIgniter\CodeIgniter->run()
CRITICAL - 2023-09-16 17:12:35 --> syntax error, unexpected identifier "Closure", expecting variable
in FCPATH\core\vendor\maennchen\zipstream-php\src\ZipStream.php on line 111.
 1 SYSTEMPATH\Autoloader\Autoloader.php(250): CodeIgniter\Autoloader\Autoloader->includeFile('D:\\DATABASE\\XAMPP\\htdocs\\auabclites\\core\\vendor\\composer/../maennchen/zipstream-php/src/ZipStream.php')
 2 FCPATH\core\vendor\phpoffice\phpspreadsheet\src\PhpSpreadsheet\Writer\ZipStream3.php(15): CodeIgniter\Autoloader\Autoloader->loadClassmap('ZipStream\\ZipStream')
 3 FCPATH\core\vendor\phpoffice\phpspreadsheet\src\PhpSpreadsheet\Writer\ZipStream0.php(15): PhpOffice\PhpSpreadsheet\Writer\ZipStream3::newZipStream(resource (stream))
 4 FCPATH\core\vendor\phpoffice\phpspreadsheet\src\PhpSpreadsheet\Writer\Xlsx.php(548): PhpOffice\PhpSpreadsheet\Writer\ZipStream0::newZipStream(resource (stream))
 5 APPPATH\Libraries\ReportsController.php(137): PhpOffice\PhpSpreadsheet\Writer\Xlsx->save('php://output')
 6 APPPATH\Libraries\ReportsController.php(41): App\Libraries\ReportsController->parseToExcel('user-report', [...])
 7 APPPATH\Controllers\Admin\ViewsController.php(1350): App\Libraries\ReportsController->init()
 8 SYSTEMPATH\CodeIgniter.php(915): App\Controllers\Admin\ViewsController->manage_reports()
 9 SYSTEMPATH\CodeIgniter.php(492): CodeIgniter\CodeIgniter->runController(Object(App\Controllers\Admin\ViewsController))
10 SYSTEMPATH\CodeIgniter.php(353): CodeIgniter\CodeIgniter->handleRequest(null, Object(Config\Cache), false)
11 FCPATH\index.php(79): CodeIgniter\CodeIgniter->run()
CRITICAL - 2023-09-16 17:16:39 --> syntax error, unexpected identifier "Closure", expecting variable
in FCPATH\core\vendor\maennchen\zipstream-php\src\ZipStream.php on line 111.
 1 SYSTEMPATH\Autoloader\Autoloader.php(250): CodeIgniter\Autoloader\Autoloader->includeFile('D:\\DATABASE\\XAMPP\\htdocs\\auabclites\\core\\vendor\\composer/../maennchen/zipstream-php/src/ZipStream.php')
 2 FCPATH\core\vendor\phpoffice\phpspreadsheet\src\PhpSpreadsheet\Writer\ZipStream3.php(15): CodeIgniter\Autoloader\Autoloader->loadClassmap('ZipStream\\ZipStream')
 3 FCPATH\core\vendor\phpoffice\phpspreadsheet\src\PhpSpreadsheet\Writer\ZipStream0.php(15): PhpOffice\PhpSpreadsheet\Writer\ZipStream3::newZipStream(resource (stream))
 4 FCPATH\core\vendor\phpoffice\phpspreadsheet\src\PhpSpreadsheet\Writer\Xlsx.php(548): PhpOffice\PhpSpreadsheet\Writer\ZipStream0::newZipStream(resource (stream))
 5 APPPATH\Libraries\ReportsController.php(137): PhpOffice\PhpSpreadsheet\Writer\Xlsx->save('php://output')
 6 APPPATH\Libraries\ReportsController.php(41): App\Libraries\ReportsController->parseToExcel('user-report', [...])
 7 APPPATH\Controllers\Admin\ViewsController.php(1350): App\Libraries\ReportsController->init()
 8 SYSTEMPATH\CodeIgniter.php(915): App\Controllers\Admin\ViewsController->manage_reports()
 9 SYSTEMPATH\CodeIgniter.php(492): CodeIgniter\CodeIgniter->runController(Object(App\Controllers\Admin\ViewsController))
10 SYSTEMPATH\CodeIgniter.php(353): CodeIgniter\CodeIgniter->handleRequest(null, Object(Config\Cache), false)
11 FCPATH\index.php(79): CodeIgniter\CodeIgniter->run()
CRITICAL - 2023-09-16 17:16:40 --> syntax error, unexpected identifier "Closure", expecting variable
in FCPATH\core\vendor\maennchen\zipstream-php\src\ZipStream.php on line 111.
 1 SYSTEMPATH\Autoloader\Autoloader.php(250): CodeIgniter\Autoloader\Autoloader->includeFile('D:\\DATABASE\\XAMPP\\htdocs\\auabclites\\core\\vendor\\composer/../maennchen/zipstream-php/src/ZipStream.php')
 2 FCPATH\core\vendor\phpoffice\phpspreadsheet\src\PhpSpreadsheet\Writer\ZipStream3.php(15): CodeIgniter\Autoloader\Autoloader->loadClassmap('ZipStream\\ZipStream')
 3 FCPATH\core\vendor\phpoffice\phpspreadsheet\src\PhpSpreadsheet\Writer\ZipStream0.php(15): PhpOffice\PhpSpreadsheet\Writer\ZipStream3::newZipStream(resource (stream))
 4 FCPATH\core\vendor\phpoffice\phpspreadsheet\src\PhpSpreadsheet\Writer\Xlsx.php(548): PhpOffice\PhpSpreadsheet\Writer\ZipStream0::newZipStream(resource (stream))
 5 APPPATH\Libraries\ReportsController.php(137): PhpOffice\PhpSpreadsheet\Writer\Xlsx->save('php://output')
 6 APPPATH\Libraries\ReportsController.php(41): App\Libraries\ReportsController->parseToExcel('user-report', [...])
 7 APPPATH\Controllers\Admin\ViewsController.php(1350): App\Libraries\ReportsController->init()
 8 SYSTEMPATH\CodeIgniter.php(915): App\Controllers\Admin\ViewsController->manage_reports()
 9 SYSTEMPATH\CodeIgniter.php(492): CodeIgniter\CodeIgniter->runController(Object(App\Controllers\Admin\ViewsController))
10 SYSTEMPATH\CodeIgniter.php(353): CodeIgniter\CodeIgniter->handleRequest(null, Object(Config\Cache), false)
11 FCPATH\index.php(79): CodeIgniter\CodeIgniter->run()
CRITICAL - 2023-09-16 17:17:10 --> syntax error, unexpected identifier "Closure", expecting variable
in FCPATH\core\vendor\maennchen\zipstream-php\src\ZipStream.php on line 111.
 1 SYSTEMPATH\Autoloader\Autoloader.php(250): CodeIgniter\Autoloader\Autoloader->includeFile('D:\\DATABASE\\XAMPP\\htdocs\\auabclites\\core\\vendor\\composer/../maennchen/zipstream-php/src/ZipStream.php')
 2 FCPATH\core\vendor\phpoffice\phpspreadsheet\src\PhpSpreadsheet\Writer\ZipStream3.php(15): CodeIgniter\Autoloader\Autoloader->loadClassmap('ZipStream\\ZipStream')
 3 FCPATH\core\vendor\phpoffice\phpspreadsheet\src\PhpSpreadsheet\Writer\ZipStream0.php(15): PhpOffice\PhpSpreadsheet\Writer\ZipStream3::newZipStream(resource (stream))
 4 FCPATH\core\vendor\phpoffice\phpspreadsheet\src\PhpSpreadsheet\Writer\Xlsx.php(548): PhpOffice\PhpSpreadsheet\Writer\ZipStream0::newZipStream(resource (stream))
 5 APPPATH\Libraries\ReportsController.php(138): PhpOffice\PhpSpreadsheet\Writer\Xlsx->save('php://output')
 6 APPPATH\Libraries\ReportsController.php(41): App\Libraries\ReportsController->parseToExcel('user-report', [...])
 7 APPPATH\Controllers\Admin\ViewsController.php(1350): App\Libraries\ReportsController->init()
 8 SYSTEMPATH\CodeIgniter.php(915): App\Controllers\Admin\ViewsController->manage_reports()
 9 SYSTEMPATH\CodeIgniter.php(492): CodeIgniter\CodeIgniter->runController(Object(App\Controllers\Admin\ViewsController))
10 SYSTEMPATH\CodeIgniter.php(353): CodeIgniter\CodeIgniter->handleRequest(null, Object(Config\Cache), false)
11 FCPATH\index.php(79): CodeIgniter\CodeIgniter->run()
CRITICAL - 2023-09-16 17:17:11 --> syntax error, unexpected identifier "Closure", expecting variable
in FCPATH\core\vendor\maennchen\zipstream-php\src\ZipStream.php on line 111.
 1 SYSTEMPATH\Autoloader\Autoloader.php(250): CodeIgniter\Autoloader\Autoloader->includeFile('D:\\DATABASE\\XAMPP\\htdocs\\auabclites\\core\\vendor\\composer/../maennchen/zipstream-php/src/ZipStream.php')
 2 FCPATH\core\vendor\phpoffice\phpspreadsheet\src\PhpSpreadsheet\Writer\ZipStream3.php(15): CodeIgniter\Autoloader\Autoloader->loadClassmap('ZipStream\\ZipStream')
 3 FCPATH\core\vendor\phpoffice\phpspreadsheet\src\PhpSpreadsheet\Writer\ZipStream0.php(15): PhpOffice\PhpSpreadsheet\Writer\ZipStream3::newZipStream(resource (stream))
 4 FCPATH\core\vendor\phpoffice\phpspreadsheet\src\PhpSpreadsheet\Writer\Xlsx.php(548): PhpOffice\PhpSpreadsheet\Writer\ZipStream0::newZipStream(resource (stream))
 5 APPPATH\Libraries\ReportsController.php(138): PhpOffice\PhpSpreadsheet\Writer\Xlsx->save('php://output')
 6 APPPATH\Libraries\ReportsController.php(41): App\Libraries\ReportsController->parseToExcel('user-report', [...])
 7 APPPATH\Controllers\Admin\ViewsController.php(1350): App\Libraries\ReportsController->init()
 8 SYSTEMPATH\CodeIgniter.php(915): App\Controllers\Admin\ViewsController->manage_reports()
 9 SYSTEMPATH\CodeIgniter.php(492): CodeIgniter\CodeIgniter->runController(Object(App\Controllers\Admin\ViewsController))
10 SYSTEMPATH\CodeIgniter.php(353): CodeIgniter\CodeIgniter->handleRequest(null, Object(Config\Cache), false)
11 FCPATH\index.php(79): CodeIgniter\CodeIgniter->run()
CRITICAL - 2023-09-16 17:18:42 --> syntax error, unexpected identifier "Closure", expecting variable
in FCPATH\core\vendor\maennchen\zipstream-php\src\ZipStream.php on line 111.
 1 SYSTEMPATH\Autoloader\Autoloader.php(250): CodeIgniter\Autoloader\Autoloader->includeFile('D:\\DATABASE\\XAMPP\\htdocs\\auabclites\\core\\vendor\\composer/../maennchen/zipstream-php/src/ZipStream.php')
 2 FCPATH\core\vendor\phpoffice\phpspreadsheet\src\PhpSpreadsheet\Writer\ZipStream3.php(15): CodeIgniter\Autoloader\Autoloader->loadClassmap('ZipStream\\ZipStream')
 3 FCPATH\core\vendor\phpoffice\phpspreadsheet\src\PhpSpreadsheet\Writer\ZipStream0.php(15): PhpOffice\PhpSpreadsheet\Writer\ZipStream3::newZipStream(resource (stream))
 4 FCPATH\core\vendor\phpoffice\phpspreadsheet\src\PhpSpreadsheet\Writer\Xlsx.php(548): PhpOffice\PhpSpreadsheet\Writer\ZipStream0::newZipStream(resource (stream))
 5 APPPATH\Libraries\ReportsController.php(138): PhpOffice\PhpSpreadsheet\Writer\Xlsx->save('php://output')
 6 APPPATH\Libraries\ReportsController.php(41): App\Libraries\ReportsController->parseToExcel('user-report', [...])
 7 APPPATH\Controllers\Admin\ViewsController.php(1350): App\Libraries\ReportsController->init()
 8 SYSTEMPATH\CodeIgniter.php(915): App\Controllers\Admin\ViewsController->manage_reports()
 9 SYSTEMPATH\CodeIgniter.php(492): CodeIgniter\CodeIgniter->runController(Object(App\Controllers\Admin\ViewsController))
10 SYSTEMPATH\CodeIgniter.php(353): CodeIgniter\CodeIgniter->handleRequest(null, Object(Config\Cache), false)
11 FCPATH\index.php(79): CodeIgniter\CodeIgniter->run()
CRITICAL - 2023-09-16 17:18:43 --> syntax error, unexpected identifier "Closure", expecting variable
in FCPATH\core\vendor\maennchen\zipstream-php\src\ZipStream.php on line 111.
 1 SYSTEMPATH\Autoloader\Autoloader.php(250): CodeIgniter\Autoloader\Autoloader->includeFile('D:\\DATABASE\\XAMPP\\htdocs\\auabclites\\core\\vendor\\composer/../maennchen/zipstream-php/src/ZipStream.php')
 2 FCPATH\core\vendor\phpoffice\phpspreadsheet\src\PhpSpreadsheet\Writer\ZipStream3.php(15): CodeIgniter\Autoloader\Autoloader->loadClassmap('ZipStream\\ZipStream')
 3 FCPATH\core\vendor\phpoffice\phpspreadsheet\src\PhpSpreadsheet\Writer\ZipStream0.php(15): PhpOffice\PhpSpreadsheet\Writer\ZipStream3::newZipStream(resource (stream))
 4 FCPATH\core\vendor\phpoffice\phpspreadsheet\src\PhpSpreadsheet\Writer\Xlsx.php(548): PhpOffice\PhpSpreadsheet\Writer\ZipStream0::newZipStream(resource (stream))
 5 APPPATH\Libraries\ReportsController.php(138): PhpOffice\PhpSpreadsheet\Writer\Xlsx->save('php://output')
 6 APPPATH\Libraries\ReportsController.php(41): App\Libraries\ReportsController->parseToExcel('user-report', [...])
 7 APPPATH\Controllers\Admin\ViewsController.php(1350): App\Libraries\ReportsController->init()
 8 SYSTEMPATH\CodeIgniter.php(915): App\Controllers\Admin\ViewsController->manage_reports()
 9 SYSTEMPATH\CodeIgniter.php(492): CodeIgniter\CodeIgniter->runController(Object(App\Controllers\Admin\ViewsController))
10 SYSTEMPATH\CodeIgniter.php(353): CodeIgniter\CodeIgniter->handleRequest(null, Object(Config\Cache), false)
11 FCPATH\index.php(79): CodeIgniter\CodeIgniter->run()
CRITICAL - 2023-09-16 17:47:24 --> Undefined variable $excel
in APPPATH\Libraries\ReportsController.php on line 137.
 1 APPPATH\Libraries\ReportsController.php(137): CodeIgniter\Debug\Exceptions->errorHandler(2, 'Undefined variable $excel', 'D:\\DATABASE\\XAMPP\\htdocs\\auabclites\\core\\app\\Libraries\\ReportsController.php', 137)
 2 APPPATH\Libraries\ReportsController.php(41): App\Libraries\ReportsController->parseToExcel('user-report', [...])
 3 APPPATH\Controllers\Admin\ViewsController.php(1350): App\Libraries\ReportsController->init()
 4 SYSTEMPATH\CodeIgniter.php(915): App\Controllers\Admin\ViewsController->manage_reports()
 5 SYSTEMPATH\CodeIgniter.php(492): CodeIgniter\CodeIgniter->runController(Object(App\Controllers\Admin\ViewsController))
 6 SYSTEMPATH\CodeIgniter.php(353): CodeIgniter\CodeIgniter->handleRequest(null, Object(Config\Cache), false)
 7 FCPATH\index.php(79): CodeIgniter\CodeIgniter->run()
CRITICAL - 2023-09-16 17:47:25 --> Undefined variable $excel
in APPPATH\Libraries\ReportsController.php on line 137.
 1 APPPATH\Libraries\ReportsController.php(137): CodeIgniter\Debug\Exceptions->errorHandler(2, 'Undefined variable $excel', 'D:\\DATABASE\\XAMPP\\htdocs\\auabclites\\core\\app\\Libraries\\ReportsController.php', 137)
 2 APPPATH\Libraries\ReportsController.php(41): App\Libraries\ReportsController->parseToExcel('user-report', [...])
 3 APPPATH\Controllers\Admin\ViewsController.php(1350): App\Libraries\ReportsController->init()
 4 SYSTEMPATH\CodeIgniter.php(915): App\Controllers\Admin\ViewsController->manage_reports()
 5 SYSTEMPATH\CodeIgniter.php(492): CodeIgniter\CodeIgniter->runController(Object(App\Controllers\Admin\ViewsController))
 6 SYSTEMPATH\CodeIgniter.php(353): CodeIgniter\CodeIgniter->handleRequest(null, Object(Config\Cache), false)
 7 FCPATH\index.php(79): CodeIgniter\CodeIgniter->run()
CRITICAL - 2023-09-16 17:47:27 --> Undefined variable $excel
in APPPATH\Libraries\ReportsController.php on line 137.
 1 APPPATH\Libraries\ReportsController.php(137): CodeIgniter\Debug\Exceptions->errorHandler(2, 'Undefined variable $excel', 'D:\\DATABASE\\XAMPP\\htdocs\\auabclites\\core\\app\\Libraries\\ReportsController.php', 137)
 2 APPPATH\Libraries\ReportsController.php(41): App\Libraries\ReportsController->parseToExcel('user-report', [...])
 3 APPPATH\Controllers\Admin\ViewsController.php(1350): App\Libraries\ReportsController->init()
 4 SYSTEMPATH\CodeIgniter.php(915): App\Controllers\Admin\ViewsController->manage_reports()
 5 SYSTEMPATH\CodeIgniter.php(492): CodeIgniter\CodeIgniter->runController(Object(App\Controllers\Admin\ViewsController))
 6 SYSTEMPATH\CodeIgniter.php(353): CodeIgniter\CodeIgniter->handleRequest(null, Object(Config\Cache), false)
 7 FCPATH\index.php(79): CodeIgniter\CodeIgniter->run()
CRITICAL - 2023-09-16 17:47:28 --> Undefined variable $excel
in APPPATH\Libraries\ReportsController.php on line 137.
 1 APPPATH\Libraries\ReportsController.php(137): CodeIgniter\Debug\Exceptions->errorHandler(2, 'Undefined variable $excel', 'D:\\DATABASE\\XAMPP\\htdocs\\auabclites\\core\\app\\Libraries\\ReportsController.php', 137)
 2 APPPATH\Libraries\ReportsController.php(41): App\Libraries\ReportsController->parseToExcel('user-report', [...])
 3 APPPATH\Controllers\Admin\ViewsController.php(1350): App\Libraries\ReportsController->init()
 4 SYSTEMPATH\CodeIgniter.php(915): App\Controllers\Admin\ViewsController->manage_reports()
 5 SYSTEMPATH\CodeIgniter.php(492): CodeIgniter\CodeIgniter->runController(Object(App\Controllers\Admin\ViewsController))
 6 SYSTEMPATH\CodeIgniter.php(353): CodeIgniter\CodeIgniter->handleRequest(null, Object(Config\Cache), false)
 7 FCPATH\index.php(79): CodeIgniter\CodeIgniter->run()
CRITICAL - 2023-09-16 17:47:30 --> syntax error, unexpected identifier "Closure", expecting variable
in FCPATH\core\vendor\maennchen\zipstream-php\src\ZipStream.php on line 111.
 1 SYSTEMPATH\Autoloader\Autoloader.php(250): CodeIgniter\Autoloader\Autoloader->includeFile('D:\\DATABASE\\XAMPP\\htdocs\\auabclites\\core\\vendor\\composer/../maennchen/zipstream-php/src/ZipStream.php')
 2 FCPATH\core\vendor\phpoffice\phpspreadsheet\src\PhpSpreadsheet\Writer\ZipStream3.php(15): CodeIgniter\Autoloader\Autoloader->loadClassmap('ZipStream\\ZipStream')
 3 FCPATH\core\vendor\phpoffice\phpspreadsheet\src\PhpSpreadsheet\Writer\ZipStream0.php(15): PhpOffice\PhpSpreadsheet\Writer\ZipStream3::newZipStream(resource (stream))
 4 FCPATH\core\vendor\phpoffice\phpspreadsheet\src\PhpSpreadsheet\Writer\Xlsx.php(548): PhpOffice\PhpSpreadsheet\Writer\ZipStream0::newZipStream(resource (stream))
 5 APPPATH\Libraries\ReportsController.php(138): PhpOffice\PhpSpreadsheet\Writer\Xlsx->save('php://output')
 6 APPPATH\Libraries\ReportsController.php(41): App\Libraries\ReportsController->parseToExcel('user-report', [...])
 7 APPPATH\Controllers\Admin\ViewsController.php(1350): App\Libraries\ReportsController->init()
 8 SYSTEMPATH\CodeIgniter.php(915): App\Controllers\Admin\ViewsController->manage_reports()
 9 SYSTEMPATH\CodeIgniter.php(492): CodeIgniter\CodeIgniter->runController(Object(App\Controllers\Admin\ViewsController))
10 SYSTEMPATH\CodeIgniter.php(353): CodeIgniter\CodeIgniter->handleRequest(null, Object(Config\Cache), false)
11 FCPATH\index.php(79): CodeIgniter\CodeIgniter->run()
CRITICAL - 2023-09-16 17:47:37 --> syntax error, unexpected identifier "Closure", expecting variable
in FCPATH\core\vendor\maennchen\zipstream-php\src\ZipStream.php on line 111.
 1 SYSTEMPATH\Autoloader\Autoloader.php(250): CodeIgniter\Autoloader\Autoloader->includeFile('D:\\DATABASE\\XAMPP\\htdocs\\auabclites\\core\\vendor\\composer/../maennchen/zipstream-php/src/ZipStream.php')
 2 FCPATH\core\vendor\phpoffice\phpspreadsheet\src\PhpSpreadsheet\Writer\ZipStream3.php(15): CodeIgniter\Autoloader\Autoloader->loadClassmap('ZipStream\\ZipStream')
 3 FCPATH\core\vendor\phpoffice\phpspreadsheet\src\PhpSpreadsheet\Writer\ZipStream0.php(15): PhpOffice\PhpSpreadsheet\Writer\ZipStream3::newZipStream(resource (stream))
 4 FCPATH\core\vendor\phpoffice\phpspreadsheet\src\PhpSpreadsheet\Writer\Xlsx.php(548): PhpOffice\PhpSpreadsheet\Writer\ZipStream0::newZipStream(resource (stream))
 5 APPPATH\Libraries\ReportsController.php(137): PhpOffice\PhpSpreadsheet\Writer\Xlsx->save('php://output')
 6 APPPATH\Libraries\ReportsController.php(41): App\Libraries\ReportsController->parseToExcel('user-report', [...])
 7 APPPATH\Controllers\Admin\ViewsController.php(1350): App\Libraries\ReportsController->init()
 8 SYSTEMPATH\CodeIgniter.php(915): App\Controllers\Admin\ViewsController->manage_reports()
 9 SYSTEMPATH\CodeIgniter.php(492): CodeIgniter\CodeIgniter->runController(Object(App\Controllers\Admin\ViewsController))
10 SYSTEMPATH\CodeIgniter.php(353): CodeIgniter\CodeIgniter->handleRequest(null, Object(Config\Cache), false)
11 FCPATH\index.php(79): CodeIgniter\CodeIgniter->run()
CRITICAL - 2023-09-16 17:47:39 --> syntax error, unexpected identifier "Closure", expecting variable
in FCPATH\core\vendor\maennchen\zipstream-php\src\ZipStream.php on line 111.
 1 SYSTEMPATH\Autoloader\Autoloader.php(250): CodeIgniter\Autoloader\Autoloader->includeFile('D:\\DATABASE\\XAMPP\\htdocs\\auabclites\\core\\vendor\\composer/../maennchen/zipstream-php/src/ZipStream.php')
 2 FCPATH\core\vendor\phpoffice\phpspreadsheet\src\PhpSpreadsheet\Writer\ZipStream3.php(15): CodeIgniter\Autoloader\Autoloader->loadClassmap('ZipStream\\ZipStream')
 3 FCPATH\core\vendor\phpoffice\phpspreadsheet\src\PhpSpreadsheet\Writer\ZipStream0.php(15): PhpOffice\PhpSpreadsheet\Writer\ZipStream3::newZipStream(resource (stream))
 4 FCPATH\core\vendor\phpoffice\phpspreadsheet\src\PhpSpreadsheet\Writer\Xlsx.php(548): PhpOffice\PhpSpreadsheet\Writer\ZipStream0::newZipStream(resource (stream))
 5 APPPATH\Libraries\ReportsController.php(137): PhpOffice\PhpSpreadsheet\Writer\Xlsx->save('php://output')
 6 APPPATH\Libraries\ReportsController.php(41): App\Libraries\ReportsController->parseToExcel('user-report', [...])
 7 APPPATH\Controllers\Admin\ViewsController.php(1350): App\Libraries\ReportsController->init()
 8 SYSTEMPATH\CodeIgniter.php(915): App\Controllers\Admin\ViewsController->manage_reports()
 9 SYSTEMPATH\CodeIgniter.php(492): CodeIgniter\CodeIgniter->runController(Object(App\Controllers\Admin\ViewsController))
10 SYSTEMPATH\CodeIgniter.php(353): CodeIgniter\CodeIgniter->handleRequest(null, Object(Config\Cache), false)
11 FCPATH\index.php(79): CodeIgniter\CodeIgniter->run()
CRITICAL - 2023-09-16 17:52:15 --> syntax error, unexpected identifier "Closure", expecting variable
in FCPATH\core\vendor\maennchen\zipstream-php\src\ZipStream.php on line 111.
 1 SYSTEMPATH\Autoloader\Autoloader.php(250): CodeIgniter\Autoloader\Autoloader->includeFile('D:\\DATABASE\\XAMPP\\htdocs\\auabclites\\core\\vendor\\composer/../maennchen/zipstream-php/src/ZipStream.php')
 2 FCPATH\core\vendor\phpoffice\phpspreadsheet\src\PhpSpreadsheet\Writer\ZipStream3.php(15): CodeIgniter\Autoloader\Autoloader->loadClassmap('ZipStream\\ZipStream')
 3 FCPATH\core\vendor\phpoffice\phpspreadsheet\src\PhpSpreadsheet\Writer\ZipStream0.php(15): PhpOffice\PhpSpreadsheet\Writer\ZipStream3::newZipStream(resource (stream))
 4 FCPATH\core\vendor\phpoffice\phpspreadsheet\src\PhpSpreadsheet\Writer\Xlsx.php(548): PhpOffice\PhpSpreadsheet\Writer\ZipStream0::newZipStream(resource (stream))
 5 APPPATH\Libraries\ReportsController.php(137): PhpOffice\PhpSpreadsheet\Writer\Xlsx->save('php://output')
 6 APPPATH\Libraries\ReportsController.php(41): App\Libraries\ReportsController->parseToExcel('user-report', [...])
 7 APPPATH\Controllers\Admin\ViewsController.php(1350): App\Libraries\ReportsController->init()
 8 SYSTEMPATH\CodeIgniter.php(915): App\Controllers\Admin\ViewsController->manage_reports()
 9 SYSTEMPATH\CodeIgniter.php(492): CodeIgniter\CodeIgniter->runController(Object(App\Controllers\Admin\ViewsController))
10 SYSTEMPATH\CodeIgniter.php(353): CodeIgniter\CodeIgniter->handleRequest(null, Object(Config\Cache), false)
11 FCPATH\index.php(79): CodeIgniter\CodeIgniter->run()
CRITICAL - 2023-09-16 17:52:15 --> syntax error, unexpected identifier "Closure", expecting variable
in FCPATH\core\vendor\maennchen\zipstream-php\src\ZipStream.php on line 111.
 1 SYSTEMPATH\Autoloader\Autoloader.php(250): CodeIgniter\Autoloader\Autoloader->includeFile('D:\\DATABASE\\XAMPP\\htdocs\\auabclites\\core\\vendor\\composer/../maennchen/zipstream-php/src/ZipStream.php')
 2 FCPATH\core\vendor\phpoffice\phpspreadsheet\src\PhpSpreadsheet\Writer\ZipStream3.php(15): CodeIgniter\Autoloader\Autoloader->loadClassmap('ZipStream\\ZipStream')
 3 FCPATH\core\vendor\phpoffice\phpspreadsheet\src\PhpSpreadsheet\Writer\ZipStream0.php(15): PhpOffice\PhpSpreadsheet\Writer\ZipStream3::newZipStream(resource (stream))
 4 FCPATH\core\vendor\phpoffice\phpspreadsheet\src\PhpSpreadsheet\Writer\Xlsx.php(548): PhpOffice\PhpSpreadsheet\Writer\ZipStream0::newZipStream(resource (stream))
 5 APPPATH\Libraries\ReportsController.php(137): PhpOffice\PhpSpreadsheet\Writer\Xlsx->save('php://output')
 6 APPPATH\Libraries\ReportsController.php(41): App\Libraries\ReportsController->parseToExcel('user-report', [...])
 7 APPPATH\Controllers\Admin\ViewsController.php(1350): App\Libraries\ReportsController->init()
 8 SYSTEMPATH\CodeIgniter.php(915): App\Controllers\Admin\ViewsController->manage_reports()
 9 SYSTEMPATH\CodeIgniter.php(492): CodeIgniter\CodeIgniter->runController(Object(App\Controllers\Admin\ViewsController))
10 SYSTEMPATH\CodeIgniter.php(353): CodeIgniter\CodeIgniter->handleRequest(null, Object(Config\Cache), false)
11 FCPATH\index.php(79): CodeIgniter\CodeIgniter->run()
CRITICAL - 2023-09-16 17:52:16 --> syntax error, unexpected identifier "Closure", expecting variable
in FCPATH\core\vendor\maennchen\zipstream-php\src\ZipStream.php on line 111.
 1 SYSTEMPATH\Autoloader\Autoloader.php(250): CodeIgniter\Autoloader\Autoloader->includeFile('D:\\DATABASE\\XAMPP\\htdocs\\auabclites\\core\\vendor\\composer/../maennchen/zipstream-php/src/ZipStream.php')
 2 FCPATH\core\vendor\phpoffice\phpspreadsheet\src\PhpSpreadsheet\Writer\ZipStream3.php(15): CodeIgniter\Autoloader\Autoloader->loadClassmap('ZipStream\\ZipStream')
 3 FCPATH\core\vendor\phpoffice\phpspreadsheet\src\PhpSpreadsheet\Writer\ZipStream0.php(15): PhpOffice\PhpSpreadsheet\Writer\ZipStream3::newZipStream(resource (stream))
 4 FCPATH\core\vendor\phpoffice\phpspreadsheet\src\PhpSpreadsheet\Writer\Xlsx.php(548): PhpOffice\PhpSpreadsheet\Writer\ZipStream0::newZipStream(resource (stream))
 5 APPPATH\Libraries\ReportsController.php(137): PhpOffice\PhpSpreadsheet\Writer\Xlsx->save('php://output')
 6 APPPATH\Libraries\ReportsController.php(41): App\Libraries\ReportsController->parseToExcel('user-report', [...])
 7 APPPATH\Controllers\Admin\ViewsController.php(1350): App\Libraries\ReportsController->init()
 8 SYSTEMPATH\CodeIgniter.php(915): App\Controllers\Admin\ViewsController->manage_reports()
 9 SYSTEMPATH\CodeIgniter.php(492): CodeIgniter\CodeIgniter->runController(Object(App\Controllers\Admin\ViewsController))
10 SYSTEMPATH\CodeIgniter.php(353): CodeIgniter\CodeIgniter->handleRequest(null, Object(Config\Cache), false)
11 FCPATH\index.php(79): CodeIgniter\CodeIgniter->run()
CRITICAL - 2023-09-16 17:52:21 --> syntax error, unexpected identifier "Closure", expecting variable
in FCPATH\core\vendor\maennchen\zipstream-php\src\ZipStream.php on line 111.
 1 SYSTEMPATH\Autoloader\Autoloader.php(250): CodeIgniter\Autoloader\Autoloader->includeFile('D:\\DATABASE\\XAMPP\\htdocs\\auabclites\\core\\vendor\\composer/../maennchen/zipstream-php/src/ZipStream.php')
 2 FCPATH\core\vendor\phpoffice\phpspreadsheet\src\PhpSpreadsheet\Writer\ZipStream3.php(15): CodeIgniter\Autoloader\Autoloader->loadClassmap('ZipStream\\ZipStream')
 3 FCPATH\core\vendor\phpoffice\phpspreadsheet\src\PhpSpreadsheet\Writer\ZipStream0.php(15): PhpOffice\PhpSpreadsheet\Writer\ZipStream3::newZipStream(resource (stream))
 4 FCPATH\core\vendor\phpoffice\phpspreadsheet\src\PhpSpreadsheet\Writer\Xlsx.php(548): PhpOffice\PhpSpreadsheet\Writer\ZipStream0::newZipStream(resource (stream))
 5 APPPATH\Libraries\ReportsController.php(137): PhpOffice\PhpSpreadsheet\Writer\Xlsx->save('php://output')
 6 APPPATH\Libraries\ReportsController.php(41): App\Libraries\ReportsController->parseToExcel('user-report', [...])
 7 APPPATH\Controllers\Admin\ViewsController.php(1350): App\Libraries\ReportsController->init()
 8 SYSTEMPATH\CodeIgniter.php(915): App\Controllers\Admin\ViewsController->manage_reports()
 9 SYSTEMPATH\CodeIgniter.php(492): CodeIgniter\CodeIgniter->runController(Object(App\Controllers\Admin\ViewsController))
10 SYSTEMPATH\CodeIgniter.php(353): CodeIgniter\CodeIgniter->handleRequest(null, Object(Config\Cache), false)
11 FCPATH\index.php(79): CodeIgniter\CodeIgniter->run()
CRITICAL - 2023-09-16 17:52:24 --> syntax error, unexpected identifier "Closure", expecting variable
in FCPATH\core\vendor\maennchen\zipstream-php\src\ZipStream.php on line 111.
 1 SYSTEMPATH\Autoloader\Autoloader.php(250): CodeIgniter\Autoloader\Autoloader->includeFile('D:\\DATABASE\\XAMPP\\htdocs\\auabclites\\core\\vendor\\composer/../maennchen/zipstream-php/src/ZipStream.php')
 2 FCPATH\core\vendor\phpoffice\phpspreadsheet\src\PhpSpreadsheet\Writer\ZipStream3.php(15): CodeIgniter\Autoloader\Autoloader->loadClassmap('ZipStream\\ZipStream')
 3 FCPATH\core\vendor\phpoffice\phpspreadsheet\src\PhpSpreadsheet\Writer\ZipStream0.php(15): PhpOffice\PhpSpreadsheet\Writer\ZipStream3::newZipStream(resource (stream))
 4 FCPATH\core\vendor\phpoffice\phpspreadsheet\src\PhpSpreadsheet\Writer\Xlsx.php(548): PhpOffice\PhpSpreadsheet\Writer\ZipStream0::newZipStream(resource (stream))
 5 APPPATH\Libraries\ReportsController.php(132): PhpOffice\PhpSpreadsheet\Writer\Xlsx->save('php://output')
 6 APPPATH\Libraries\ReportsController.php(41): App\Libraries\ReportsController->parseToExcel('user-report', [...])
 7 APPPATH\Controllers\Admin\ViewsController.php(1350): App\Libraries\ReportsController->init()
 8 SYSTEMPATH\CodeIgniter.php(915): App\Controllers\Admin\ViewsController->manage_reports()
 9 SYSTEMPATH\CodeIgniter.php(492): CodeIgniter\CodeIgniter->runController(Object(App\Controllers\Admin\ViewsController))
10 SYSTEMPATH\CodeIgniter.php(353): CodeIgniter\CodeIgniter->handleRequest(null, Object(Config\Cache), false)
11 FCPATH\index.php(79): CodeIgniter\CodeIgniter->run()
CRITICAL - 2023-09-16 17:52:35 --> syntax error, unexpected identifier "Closure", expecting variable
in FCPATH\core\vendor\maennchen\zipstream-php\src\ZipStream.php on line 111.
 1 SYSTEMPATH\Autoloader\Autoloader.php(250): CodeIgniter\Autoloader\Autoloader->includeFile('D:\\DATABASE\\XAMPP\\htdocs\\auabclites\\core\\vendor\\composer/../maennchen/zipstream-php/src/ZipStream.php')
 2 FCPATH\core\vendor\phpoffice\phpspreadsheet\src\PhpSpreadsheet\Writer\ZipStream3.php(15): CodeIgniter\Autoloader\Autoloader->loadClassmap('ZipStream\\ZipStream')
 3 FCPATH\core\vendor\phpoffice\phpspreadsheet\src\PhpSpreadsheet\Writer\ZipStream0.php(15): PhpOffice\PhpSpreadsheet\Writer\ZipStream3::newZipStream(resource (stream))
 4 FCPATH\core\vendor\phpoffice\phpspreadsheet\src\PhpSpreadsheet\Writer\Xlsx.php(548): PhpOffice\PhpSpreadsheet\Writer\ZipStream0::newZipStream(resource (stream))
 5 APPPATH\Libraries\ReportsController.php(132): PhpOffice\PhpSpreadsheet\Writer\Xlsx->save('september_16_2023_user-report.xlsx')
 6 APPPATH\Libraries\ReportsController.php(41): App\Libraries\ReportsController->parseToExcel('user-report', [...])
 7 APPPATH\Controllers\Admin\ViewsController.php(1350): App\Libraries\ReportsController->init()
 8 SYSTEMPATH\CodeIgniter.php(915): App\Controllers\Admin\ViewsController->manage_reports()
 9 SYSTEMPATH\CodeIgniter.php(492): CodeIgniter\CodeIgniter->runController(Object(App\Controllers\Admin\ViewsController))
10 SYSTEMPATH\CodeIgniter.php(353): CodeIgniter\CodeIgniter->handleRequest(null, Object(Config\Cache), false)
11 FCPATH\index.php(79): CodeIgniter\CodeIgniter->run()
CRITICAL - 2023-09-16 17:52:37 --> syntax error, unexpected identifier "Closure", expecting variable
in FCPATH\core\vendor\maennchen\zipstream-php\src\ZipStream.php on line 111.
 1 SYSTEMPATH\Autoloader\Autoloader.php(250): CodeIgniter\Autoloader\Autoloader->includeFile('D:\\DATABASE\\XAMPP\\htdocs\\auabclites\\core\\vendor\\composer/../maennchen/zipstream-php/src/ZipStream.php')
 2 FCPATH\core\vendor\phpoffice\phpspreadsheet\src\PhpSpreadsheet\Writer\ZipStream3.php(15): CodeIgniter\Autoloader\Autoloader->loadClassmap('ZipStream\\ZipStream')
 3 FCPATH\core\vendor\phpoffice\phpspreadsheet\src\PhpSpreadsheet\Writer\ZipStream0.php(15): PhpOffice\PhpSpreadsheet\Writer\ZipStream3::newZipStream(resource (stream))
 4 FCPATH\core\vendor\phpoffice\phpspreadsheet\src\PhpSpreadsheet\Writer\Xlsx.php(548): PhpOffice\PhpSpreadsheet\Writer\ZipStream0::newZipStream(resource (stream))
 5 APPPATH\Libraries\ReportsController.php(132): PhpOffice\PhpSpreadsheet\Writer\Xlsx->save('september_16_2023_user-report.xlsx')
 6 APPPATH\Libraries\ReportsController.php(41): App\Libraries\ReportsController->parseToExcel('user-report', [...])
 7 APPPATH\Controllers\Admin\ViewsController.php(1350): App\Libraries\ReportsController->init()
 8 SYSTEMPATH\CodeIgniter.php(915): App\Controllers\Admin\ViewsController->manage_reports()
 9 SYSTEMPATH\CodeIgniter.php(492): CodeIgniter\CodeIgniter->runController(Object(App\Controllers\Admin\ViewsController))
10 SYSTEMPATH\CodeIgniter.php(353): CodeIgniter\CodeIgniter->handleRequest(null, Object(Config\Cache), false)
11 FCPATH\index.php(79): CodeIgniter\CodeIgniter->run()
CRITICAL - 2023-09-16 17:52:44 --> syntax error, unexpected identifier "Closure", expecting variable
in FCPATH\core\vendor\maennchen\zipstream-php\src\ZipStream.php on line 111.
 1 SYSTEMPATH\Autoloader\Autoloader.php(250): CodeIgniter\Autoloader\Autoloader->includeFile('D:\\DATABASE\\XAMPP\\htdocs\\auabclites\\core\\vendor\\composer/../maennchen/zipstream-php/src/ZipStream.php')
 2 FCPATH\core\vendor\phpoffice\phpspreadsheet\src\PhpSpreadsheet\Writer\ZipStream3.php(15): CodeIgniter\Autoloader\Autoloader->loadClassmap('ZipStream\\ZipStream')
 3 FCPATH\core\vendor\phpoffice\phpspreadsheet\src\PhpSpreadsheet\Writer\ZipStream0.php(15): PhpOffice\PhpSpreadsheet\Writer\ZipStream3::newZipStream(resource (stream))
 4 FCPATH\core\vendor\phpoffice\phpspreadsheet\src\PhpSpreadsheet\Writer\Xlsx.php(548): PhpOffice\PhpSpreadsheet\Writer\ZipStream0::newZipStream(resource (stream))
 5 APPPATH\Libraries\ReportsController.php(136): PhpOffice\PhpSpreadsheet\Writer\Xlsx->save('september_16_2023_user-report.xlsx')
 6 APPPATH\Libraries\ReportsController.php(41): App\Libraries\ReportsController->parseToExcel('user-report', [...])
 7 APPPATH\Controllers\Admin\ViewsController.php(1350): App\Libraries\ReportsController->init()
 8 SYSTEMPATH\CodeIgniter.php(915): App\Controllers\Admin\ViewsController->manage_reports()
 9 SYSTEMPATH\CodeIgniter.php(492): CodeIgniter\CodeIgniter->runController(Object(App\Controllers\Admin\ViewsController))
10 SYSTEMPATH\CodeIgniter.php(353): CodeIgniter\CodeIgniter->handleRequest(null, Object(Config\Cache), false)
11 FCPATH\index.php(79): CodeIgniter\CodeIgniter->run()
CRITICAL - 2023-09-16 17:52:45 --> syntax error, unexpected identifier "Closure", expecting variable
in FCPATH\core\vendor\maennchen\zipstream-php\src\ZipStream.php on line 111.
 1 SYSTEMPATH\Autoloader\Autoloader.php(250): CodeIgniter\Autoloader\Autoloader->includeFile('D:\\DATABASE\\XAMPP\\htdocs\\auabclites\\core\\vendor\\composer/../maennchen/zipstream-php/src/ZipStream.php')
 2 FCPATH\core\vendor\phpoffice\phpspreadsheet\src\PhpSpreadsheet\Writer\ZipStream3.php(15): CodeIgniter\Autoloader\Autoloader->loadClassmap('ZipStream\\ZipStream')
 3 FCPATH\core\vendor\phpoffice\phpspreadsheet\src\PhpSpreadsheet\Writer\ZipStream0.php(15): PhpOffice\PhpSpreadsheet\Writer\ZipStream3::newZipStream(resource (stream))
 4 FCPATH\core\vendor\phpoffice\phpspreadsheet\src\PhpSpreadsheet\Writer\Xlsx.php(548): PhpOffice\PhpSpreadsheet\Writer\ZipStream0::newZipStream(resource (stream))
 5 APPPATH\Libraries\ReportsController.php(136): PhpOffice\PhpSpreadsheet\Writer\Xlsx->save('september_16_2023_user-report.xlsx')
 6 APPPATH\Libraries\ReportsController.php(41): App\Libraries\ReportsController->parseToExcel('user-report', [...])
 7 APPPATH\Controllers\Admin\ViewsController.php(1350): App\Libraries\ReportsController->init()
 8 SYSTEMPATH\CodeIgniter.php(915): App\Controllers\Admin\ViewsController->manage_reports()
 9 SYSTEMPATH\CodeIgniter.php(492): CodeIgniter\CodeIgniter->runController(Object(App\Controllers\Admin\ViewsController))
10 SYSTEMPATH\CodeIgniter.php(353): CodeIgniter\CodeIgniter->handleRequest(null, Object(Config\Cache), false)
11 FCPATH\index.php(79): CodeIgniter\CodeIgniter->run()
CRITICAL - 2023-09-16 17:54:21 --> syntax error, unexpected identifier "Closure", expecting variable
in FCPATH\core\vendor\maennchen\zipstream-php\src\ZipStream.php on line 111.
 1 SYSTEMPATH\Autoloader\Autoloader.php(250): CodeIgniter\Autoloader\Autoloader->includeFile('D:\\DATABASE\\XAMPP\\htdocs\\auabclites\\core\\vendor\\composer/../maennchen/zipstream-php/src/ZipStream.php')
 2 FCPATH\core\vendor\phpoffice\phpspreadsheet\src\PhpSpreadsheet\Writer\ZipStream3.php(15): CodeIgniter\Autoloader\Autoloader->loadClassmap('ZipStream\\ZipStream')
 3 FCPATH\core\vendor\phpoffice\phpspreadsheet\src\PhpSpreadsheet\Writer\ZipStream0.php(15): PhpOffice\PhpSpreadsheet\Writer\ZipStream3::newZipStream(resource (stream))
 4 FCPATH\core\vendor\phpoffice\phpspreadsheet\src\PhpSpreadsheet\Writer\Xlsx.php(548): PhpOffice\PhpSpreadsheet\Writer\ZipStream0::newZipStream(resource (stream))
 5 APPPATH\Libraries\ReportsController.php(136): PhpOffice\PhpSpreadsheet\Writer\Xlsx->save('php://output')
 6 APPPATH\Libraries\ReportsController.php(41): App\Libraries\ReportsController->parseToExcel('user-report', [...])
 7 APPPATH\Controllers\Admin\ViewsController.php(1350): App\Libraries\ReportsController->init()
 8 SYSTEMPATH\CodeIgniter.php(915): App\Controllers\Admin\ViewsController->manage_reports()
 9 SYSTEMPATH\CodeIgniter.php(492): CodeIgniter\CodeIgniter->runController(Object(App\Controllers\Admin\ViewsController))
10 SYSTEMPATH\CodeIgniter.php(353): CodeIgniter\CodeIgniter->handleRequest(null, Object(Config\Cache), false)
11 FCPATH\index.php(79): CodeIgniter\CodeIgniter->run()
CRITICAL - 2023-09-16 17:54:22 --> syntax error, unexpected identifier "Closure", expecting variable
in FCPATH\core\vendor\maennchen\zipstream-php\src\ZipStream.php on line 111.
 1 SYSTEMPATH\Autoloader\Autoloader.php(250): CodeIgniter\Autoloader\Autoloader->includeFile('D:\\DATABASE\\XAMPP\\htdocs\\auabclites\\core\\vendor\\composer/../maennchen/zipstream-php/src/ZipStream.php')
 2 FCPATH\core\vendor\phpoffice\phpspreadsheet\src\PhpSpreadsheet\Writer\ZipStream3.php(15): CodeIgniter\Autoloader\Autoloader->loadClassmap('ZipStream\\ZipStream')
 3 FCPATH\core\vendor\phpoffice\phpspreadsheet\src\PhpSpreadsheet\Writer\ZipStream0.php(15): PhpOffice\PhpSpreadsheet\Writer\ZipStream3::newZipStream(resource (stream))
 4 FCPATH\core\vendor\phpoffice\phpspreadsheet\src\PhpSpreadsheet\Writer\Xlsx.php(548): PhpOffice\PhpSpreadsheet\Writer\ZipStream0::newZipStream(resource (stream))
 5 APPPATH\Libraries\ReportsController.php(136): PhpOffice\PhpSpreadsheet\Writer\Xlsx->save('php://output')
 6 APPPATH\Libraries\ReportsController.php(41): App\Libraries\ReportsController->parseToExcel('user-report', [...])
 7 APPPATH\Controllers\Admin\ViewsController.php(1350): App\Libraries\ReportsController->init()
 8 SYSTEMPATH\CodeIgniter.php(915): App\Controllers\Admin\ViewsController->manage_reports()
 9 SYSTEMPATH\CodeIgniter.php(492): CodeIgniter\CodeIgniter->runController(Object(App\Controllers\Admin\ViewsController))
10 SYSTEMPATH\CodeIgniter.php(353): CodeIgniter\CodeIgniter->handleRequest(null, Object(Config\Cache), false)
11 FCPATH\index.php(79): CodeIgniter\CodeIgniter->run()
CRITICAL - 2023-09-16 17:54:28 --> syntax error, unexpected identifier "Closure", expecting variable
in FCPATH\core\vendor\maennchen\zipstream-php\src\ZipStream.php on line 111.
 1 SYSTEMPATH\Autoloader\Autoloader.php(250): CodeIgniter\Autoloader\Autoloader->includeFile('D:\\DATABASE\\XAMPP\\htdocs\\auabclites\\core\\vendor\\composer/../maennchen/zipstream-php/src/ZipStream.php')
 2 FCPATH\core\vendor\phpoffice\phpspreadsheet\src\PhpSpreadsheet\Writer\ZipStream3.php(15): CodeIgniter\Autoloader\Autoloader->loadClassmap('ZipStream\\ZipStream')
 3 FCPATH\core\vendor\phpoffice\phpspreadsheet\src\PhpSpreadsheet\Writer\ZipStream0.php(15): PhpOffice\PhpSpreadsheet\Writer\ZipStream3::newZipStream(resource (stream))
 4 FCPATH\core\vendor\phpoffice\phpspreadsheet\src\PhpSpreadsheet\Writer\Xlsx.php(548): PhpOffice\PhpSpreadsheet\Writer\ZipStream0::newZipStream(resource (stream))
 5 APPPATH\Libraries\ReportsController.php(132): PhpOffice\PhpSpreadsheet\Writer\Xlsx->save('php://output')
 6 APPPATH\Libraries\ReportsController.php(41): App\Libraries\ReportsController->parseToExcel('user-report', [...])
 7 APPPATH\Controllers\Admin\ViewsController.php(1350): App\Libraries\ReportsController->init()
 8 SYSTEMPATH\CodeIgniter.php(915): App\Controllers\Admin\ViewsController->manage_reports()
 9 SYSTEMPATH\CodeIgniter.php(492): CodeIgniter\CodeIgniter->runController(Object(App\Controllers\Admin\ViewsController))
10 SYSTEMPATH\CodeIgniter.php(353): CodeIgniter\CodeIgniter->handleRequest(null, Object(Config\Cache), false)
11 FCPATH\index.php(79): CodeIgniter\CodeIgniter->run()
