CRITICAL - 2023-09-01 00:50:45 --> syntax error, unexpected variable "$routes"
in APPPATH\Config\Routes.php on line 54.
 1 SYSTEMPATH\CodeIgniter.php(783): CodeIgniter\Router\RouteCollection->loadRoutes()
 2 SYSTEMPATH\CodeIgniter.php(442): CodeIgniter\CodeIgniter->tryToRouteIt(null)
 3 SYSTEMPATH\CodeIgniter.php(353): CodeIgniter\CodeIgniter->handleRequest(null, Object(Config\Cache), false)
 4 FCPATH\index.php(79): CodeIgniter\CodeIgniter->run()
 5 SYSTEMPATH\Commands\Server\rewrite.php(47): require_once('D:\\PROJECTS\\system\\latest_auabclites\\public\\index.php')
CRITICAL - 2023-09-01 01:05:38 --> Invalid file: "Home/sub-pagesview-news.php"
in SYSTEMPATH\Exceptions\FrameworkException.php on line 39.
 1 SYSTEMPATH\View\View.php(214): CodeIgniter\Exceptions\FrameworkException::forInvalidFile('Home/sub-pagesview-news.php')
 2 SYSTEMPATH\Common.php(1178): CodeIgniter\View\View->render('Home/sub-pagesview-news', [], true)
 3 APPPATH\Controllers\Home\ViewsController.php(44): view('Home/sub-pagesview-news')
 4 APPPATH\Controllers\Home\ViewsController.php(259): App\Controllers\Home\ViewsController->renderView('Home/sub-pagesview-news', [...])
 5 SYSTEMPATH\CodeIgniter.php(915): App\Controllers\Home\ViewsController->bulletin_news()
 6 SYSTEMPATH\CodeIgniter.php(492): CodeIgniter\CodeIgniter->runController(Object(App\Controllers\Home\ViewsController))
 7 SYSTEMPATH\CodeIgniter.php(353): CodeIgniter\CodeIgniter->handleRequest(null, Object(Config\Cache), false)
 8 FCPATH\index.php(79): CodeIgniter\CodeIgniter->run()
 9 SYSTEMPATH\Commands\Server\rewrite.php(47): require_once('D:\\PROJECTS\\system\\latest_auabclites\\public\\index.php')
CRITICAL - 2023-09-01 01:14:05 --> Undefined variable $value
in APPPATH\Views\Home\sub-pages\view-news.php on line 84.
 1 APPPATH\Views\Home\sub-pages\view-news.php(84): CodeIgniter\Debug\Exceptions->errorHandler(2, 'Undefined variable $value', 'D:\\PROJECTS\\system\\latest_auabclites\\app\\Views\\Home\\sub-pages\\view-news.php', 84)
 2 SYSTEMPATH\View\View.php(226): include('D:\\PROJECTS\\system\\latest_auabclites\\app\\Views\\Home\\sub-pages\\view-news.php')
 3 SYSTEMPATH\View\View.php(229): CodeIgniter\View\View->CodeIgniter\View\{closure}()
 4 SYSTEMPATH\Common.php(1178): CodeIgniter\View\View->render('Home/sub-pages/view-news', [], true)
 5 APPPATH\Controllers\Home\ViewsController.php(44): view('Home/sub-pages/view-news')
 6 APPPATH\Controllers\Home\ViewsController.php(237): App\Controllers\Home\ViewsController->renderView('Home/sub-pages/view-news', [...])
 7 SYSTEMPATH\CodeIgniter.php(915): App\Controllers\Home\ViewsController->bulletin_news()
 8 SYSTEMPATH\CodeIgniter.php(492): CodeIgniter\CodeIgniter->runController(Object(App\Controllers\Home\ViewsController))
 9 SYSTEMPATH\CodeIgniter.php(353): CodeIgniter\CodeIgniter->handleRequest(null, Object(Config\Cache), false)
10 FCPATH\index.php(79): CodeIgniter\CodeIgniter->run()
11 SYSTEMPATH\Commands\Server\rewrite.php(47): require_once('D:\\PROJECTS\\system\\latest_auabclites\\public\\index.php')
CRITICAL - 2023-09-01 01:16:02 --> Undefined array key "bulletin_data"
in APPPATH\Views\Home\sub-pages\view-news.php on line 14.
 1 APPPATH\Views\Home\sub-pages\view-news.php(14): CodeIgniter\Debug\Exceptions->errorHandler(2, 'Undefined array key "bulletin_data"', 'D:\\PROJECTS\\system\\latest_auabclites\\app\\Views\\Home\\sub-pages\\view-news.php', 14)
 2 SYSTEMPATH\View\View.php(226): include('D:\\PROJECTS\\system\\latest_auabclites\\app\\Views\\Home\\sub-pages\\view-news.php')
 3 SYSTEMPATH\View\View.php(229): CodeIgniter\View\View->CodeIgniter\View\{closure}()
 4 SYSTEMPATH\Common.php(1178): CodeIgniter\View\View->render('Home/sub-pages/view-news', [], true)
 5 APPPATH\Controllers\Home\ViewsController.php(44): view('Home/sub-pages/view-news')
 6 APPPATH\Controllers\Home\ViewsController.php(237): App\Controllers\Home\ViewsController->renderView('Home/sub-pages/view-news', [...])
 7 SYSTEMPATH\CodeIgniter.php(915): App\Controllers\Home\ViewsController->bulletin_news()
 8 SYSTEMPATH\CodeIgniter.php(492): CodeIgniter\CodeIgniter->runController(Object(App\Controllers\Home\ViewsController))
 9 SYSTEMPATH\CodeIgniter.php(353): CodeIgniter\CodeIgniter->handleRequest(null, Object(Config\Cache), false)
10 FCPATH\index.php(79): CodeIgniter\CodeIgniter->run()
11 SYSTEMPATH\Commands\Server\rewrite.php(47): require_once('D:\\PROJECTS\\system\\latest_auabclites\\public\\index.php')
CRITICAL - 2023-09-01 01:22:09 --> You must set the database table to be used with your query.
in SYSTEMPATH\Database\BaseConnection.php on line 883.
 1 SYSTEMPATH\Model.php(635): CodeIgniter\Database\BaseConnection->table(null)
 2 SYSTEMPATH\Model.php(863): CodeIgniter\Model->builder()
 3 APPPATH\Controllers\Home\ViewsController.php(226): CodeIgniter\Model->__call('countAll', [])
 4 SYSTEMPATH\CodeIgniter.php(915): App\Controllers\Home\ViewsController->bulletin_news()
 5 SYSTEMPATH\CodeIgniter.php(492): CodeIgniter\CodeIgniter->runController(Object(App\Controllers\Home\ViewsController))
 6 SYSTEMPATH\CodeIgniter.php(353): CodeIgniter\CodeIgniter->handleRequest(null, Object(Config\Cache), false)
 7 FCPATH\index.php(79): CodeIgniter\CodeIgniter->run()
 8 SYSTEMPATH\Commands\Server\rewrite.php(47): require_once('D:\\PROJECTS\\system\\latest_auabclites\\public\\index.php')
CRITICAL - 2023-09-01 01:44:47 --> Undefined variable $data
in APPPATH\Controllers\Home\ViewsController.php on line 244.
 1 APPPATH\Controllers\Home\ViewsController.php(244): CodeIgniter\Debug\Exceptions->errorHandler(2, 'Undefined variable $data', 'D:\\PROJECTS\\system\\latest_auabclites\\app\\Controllers\\Home\\ViewsController.php', 244)
 2 SYSTEMPATH\CodeIgniter.php(915): App\Controllers\Home\ViewsController->bulletin_news('2')
 3 SYSTEMPATH\CodeIgniter.php(492): CodeIgniter\CodeIgniter->runController(Object(App\Controllers\Home\ViewsController))
 4 SYSTEMPATH\CodeIgniter.php(353): CodeIgniter\CodeIgniter->handleRequest(null, Object(Config\Cache), false)
 5 FCPATH\index.php(79): CodeIgniter\CodeIgniter->run()
 6 SYSTEMPATH\Commands\Server\rewrite.php(47): require_once('D:\\PROJECTS\\system\\latest_auabclites\\public\\index.php')
CRITICAL - 2023-09-01 01:45:42 --> Undefined array key "site_images"
in APPPATH\Views\Home\templates\header.php on line 54.
 1 APPPATH\Views\Home\templates\header.php(54): CodeIgniter\Debug\Exceptions->errorHandler(2, 'Undefined array key "site_images"', 'D:\\PROJECTS\\system\\latest_auabclites\\app\\Views\\Home\\templates\\header.php', 54)
 2 SYSTEMPATH\View\View.php(226): include('D:\\PROJECTS\\system\\latest_auabclites\\app\\Views\\Home\\templates\\header.php')
 3 SYSTEMPATH\View\View.php(229): CodeIgniter\View\View->CodeIgniter\View\{closure}()
 4 SYSTEMPATH\Common.php(1178): CodeIgniter\View\View->render('home/templates/header', [], true)
 5 APPPATH\Controllers\Home\ViewsController.php(43): view('home/templates/header', [...])
 6 APPPATH\Controllers\Home\ViewsController.php(256): App\Controllers\Home\ViewsController->renderView('Home/sub-pages/view-news', [...])
 7 SYSTEMPATH\CodeIgniter.php(915): App\Controllers\Home\ViewsController->bulletin_news('2')
 8 SYSTEMPATH\CodeIgniter.php(492): CodeIgniter\CodeIgniter->runController(Object(App\Controllers\Home\ViewsController))
 9 SYSTEMPATH\CodeIgniter.php(353): CodeIgniter\CodeIgniter->handleRequest(null, Object(Config\Cache), false)
10 FCPATH\index.php(79): CodeIgniter\CodeIgniter->run()
11 SYSTEMPATH\Commands\Server\rewrite.php(47): require_once('D:\\PROJECTS\\system\\latest_auabclites\\public\\index.php')
CRITICAL - 2023-09-01 02:11:47 --> Undefined variable $result_count
in APPPATH\Controllers\Home\ViewsController.php on line 266.
 1 APPPATH\Controllers\Home\ViewsController.php(266): CodeIgniter\Debug\Exceptions->errorHandler(2, 'Undefined variable $result_count', 'D:\\PROJECTS\\system\\latest_auabclites\\app\\Controllers\\Home\\ViewsController.php', 266)
 2 SYSTEMPATH\CodeIgniter.php(915): App\Controllers\Home\ViewsController->bulletin_news('2')
 3 SYSTEMPATH\CodeIgniter.php(492): CodeIgniter\CodeIgniter->runController(Object(App\Controllers\Home\ViewsController))
 4 SYSTEMPATH\CodeIgniter.php(353): CodeIgniter\CodeIgniter->handleRequest(null, Object(Config\Cache), false)
 5 FCPATH\index.php(79): CodeIgniter\CodeIgniter->run()
 6 SYSTEMPATH\Commands\Server\rewrite.php(47): require_once('D:\\PROJECTS\\system\\latest_auabclites\\public\\index.php')
CRITICAL - 2023-09-01 02:12:12 --> Undefined variable $result_count
in APPPATH\Controllers\Home\ViewsController.php on line 242.
 1 APPPATH\Controllers\Home\ViewsController.php(242): CodeIgniter\Debug\Exceptions->errorHandler(2, 'Undefined variable $result_count', 'D:\\PROJECTS\\system\\latest_auabclites\\app\\Controllers\\Home\\ViewsController.php', 242)
 2 SYSTEMPATH\CodeIgniter.php(915): App\Controllers\Home\ViewsController->bulletin_news()
 3 SYSTEMPATH\CodeIgniter.php(492): CodeIgniter\CodeIgniter->runController(Object(App\Controllers\Home\ViewsController))
 4 SYSTEMPATH\CodeIgniter.php(353): CodeIgniter\CodeIgniter->handleRequest(null, Object(Config\Cache), false)
 5 FCPATH\index.php(79): CodeIgniter\CodeIgniter->run()
 6 SYSTEMPATH\Commands\Server\rewrite.php(47): require_once('D:\\PROJECTS\\system\\latest_auabclites\\public\\index.php')
CRITICAL - 2023-09-01 04:07:47 --> Undefined array key 0
in APPPATH\Views\Home\sub-pages\view-bulletin.php on line 227.
 1 APPPATH\Views\Home\sub-pages\view-bulletin.php(227): CodeIgniter\Debug\Exceptions->errorHandler(2, 'Undefined array key 0', 'D:\\PROJECTS\\system\\latest_auabclites\\app\\Views\\Home\\sub-pages\\view-bulletin.php', 227)
 2 SYSTEMPATH\View\View.php(226): include('D:\\PROJECTS\\system\\latest_auabclites\\app\\Views\\Home\\sub-pages\\view-bulletin.php')
 3 SYSTEMPATH\View\View.php(229): CodeIgniter\View\View->CodeIgniter\View\{closure}()
 4 SYSTEMPATH\Common.php(1178): CodeIgniter\View\View->render('Home/sub-pages/view-bulletin', [], true)
 5 APPPATH\Controllers\Home\ViewsController.php(44): view('Home/sub-pages/view-bulletin')
 6 APPPATH\Controllers\Home\ViewsController.php(458): App\Controllers\Home\ViewsController->renderView('Home/sub-pages/view-bulletin', [...])
 7 SYSTEMPATH\CodeIgniter.php(915): App\Controllers\Home\ViewsController->bulletin_view('news', '1101', 'start-your-journey-towards-a-tech-powered-future-at-arellano-university-andres-bonifacio-campus')
 8 SYSTEMPATH\CodeIgniter.php(492): CodeIgniter\CodeIgniter->runController(Object(App\Controllers\Home\ViewsController))
 9 SYSTEMPATH\CodeIgniter.php(353): CodeIgniter\CodeIgniter->handleRequest(null, Object(Config\Cache), false)
10 FCPATH\index.php(79): CodeIgniter\CodeIgniter->run()
11 SYSTEMPATH\Commands\Server\rewrite.php(47): require_once('D:\\PROJECTS\\system\\latest_auabclites\\public\\index.php')
CRITICAL - 2023-09-01 05:42:37 --> Call to a member function getName() on array
in APPPATH\Controllers\Admin\Process\BulletinController.php on line 266.
 1 APPPATH\Controllers\Admin\Process\BulletinController.php(183): App\Controllers\Admin\Process\BulletinController->upload_news([...], [...])
 2 SYSTEMPATH\CodeIgniter.php(915): App\Controllers\Admin\Process\BulletinController->add()
 3 SYSTEMPATH\CodeIgniter.php(492): CodeIgniter\CodeIgniter->runController(Object(App\Controllers\Admin\Process\BulletinController))
 4 SYSTEMPATH\CodeIgniter.php(353): CodeIgniter\CodeIgniter->handleRequest(null, Object(Config\Cache), false)
 5 FCPATH\index.php(79): CodeIgniter\CodeIgniter->run()
 6 SYSTEMPATH\Commands\Server\rewrite.php(47): require_once('D:\\PROJECTS\\system\\latest_auabclites\\public\\index.php')
CRITICAL - 2023-09-01 05:55:20 --> Undefined variable $builder
in APPPATH\Controllers\Home\ViewsController.php on line 304.
 1 APPPATH\Controllers\Home\ViewsController.php(304): CodeIgniter\Debug\Exceptions->errorHandler(2, 'Undefined variable $builder', 'D:\\PROJECTS\\system\\latest_auabclites\\app\\Controllers\\Home\\ViewsController.php', 304)
 2 SYSTEMPATH\CodeIgniter.php(915): App\Controllers\Home\ViewsController->bulletin_news('2')
 3 SYSTEMPATH\CodeIgniter.php(492): CodeIgniter\CodeIgniter->runController(Object(App\Controllers\Home\ViewsController))
 4 SYSTEMPATH\CodeIgniter.php(353): CodeIgniter\CodeIgniter->handleRequest(null, Object(Config\Cache), false)
 5 FCPATH\index.php(79): CodeIgniter\CodeIgniter->run()
 6 SYSTEMPATH\Commands\Server\rewrite.php(47): require_once('D:\\PROJECTS\\system\\latest_auabclites\\public\\index.php')
CRITICAL - 2023-09-01 05:55:23 --> Undefined variable $builder
in APPPATH\Controllers\Home\ViewsController.php on line 304.
 1 APPPATH\Controllers\Home\ViewsController.php(304): CodeIgniter\Debug\Exceptions->errorHandler(2, 'Undefined variable $builder', 'D:\\PROJECTS\\system\\latest_auabclites\\app\\Controllers\\Home\\ViewsController.php', 304)
 2 SYSTEMPATH\CodeIgniter.php(915): App\Controllers\Home\ViewsController->bulletin_news('2')
 3 SYSTEMPATH\CodeIgniter.php(492): CodeIgniter\CodeIgniter->runController(Object(App\Controllers\Home\ViewsController))
 4 SYSTEMPATH\CodeIgniter.php(353): CodeIgniter\CodeIgniter->handleRequest(null, Object(Config\Cache), false)
 5 FCPATH\index.php(79): CodeIgniter\CodeIgniter->run()
 6 SYSTEMPATH\Commands\Server\rewrite.php(47): require_once('D:\\PROJECTS\\system\\latest_auabclites\\public\\index.php')
CRITICAL - 2023-09-01 05:55:25 --> Undefined variable $builder
in APPPATH\Controllers\Home\ViewsController.php on line 304.
 1 APPPATH\Controllers\Home\ViewsController.php(304): CodeIgniter\Debug\Exceptions->errorHandler(2, 'Undefined variable $builder', 'D:\\PROJECTS\\system\\latest_auabclites\\app\\Controllers\\Home\\ViewsController.php', 304)
 2 SYSTEMPATH\CodeIgniter.php(915): App\Controllers\Home\ViewsController->bulletin_news('2')
 3 SYSTEMPATH\CodeIgniter.php(492): CodeIgniter\CodeIgniter->runController(Object(App\Controllers\Home\ViewsController))
 4 SYSTEMPATH\CodeIgniter.php(353): CodeIgniter\CodeIgniter->handleRequest(null, Object(Config\Cache), false)
 5 FCPATH\index.php(79): CodeIgniter\CodeIgniter->run()
 6 SYSTEMPATH\Commands\Server\rewrite.php(47): require_once('D:\\PROJECTS\\system\\latest_auabclites\\public\\index.php')
CRITICAL - 2023-09-01 05:55:40 --> Trying to access array offset on value of type null
in APPPATH\Controllers\Home\ViewsController.php on line 244.
 1 APPPATH\Controllers\Home\ViewsController.php(244): CodeIgniter\Debug\Exceptions->errorHandler(2, 'Trying to access array offset on value of type null', 'D:\\PROJECTS\\system\\latest_auabclites\\app\\Controllers\\Home\\ViewsController.php', 244)
 2 SYSTEMPATH\CodeIgniter.php(915): App\Controllers\Home\ViewsController->bulletin_news('2')
 3 SYSTEMPATH\CodeIgniter.php(492): CodeIgniter\CodeIgniter->runController(Object(App\Controllers\Home\ViewsController))
 4 SYSTEMPATH\CodeIgniter.php(353): CodeIgniter\CodeIgniter->handleRequest(null, Object(Config\Cache), false)
 5 FCPATH\index.php(79): CodeIgniter\CodeIgniter->run()
 6 SYSTEMPATH\Commands\Server\rewrite.php(47): require_once('D:\\PROJECTS\\system\\latest_auabclites\\public\\index.php')
CRITICAL - 2023-09-01 05:55:42 --> Trying to access array offset on value of type null
in APPPATH\Views\Home\templates\header.php on line 54.
 1 APPPATH\Views\Home\templates\header.php(54): CodeIgniter\Debug\Exceptions->errorHandler(2, 'Trying to access array offset on value of type null', 'D:\\PROJECTS\\system\\latest_auabclites\\app\\Views\\Home\\templates\\header.php', 54)
 2 SYSTEMPATH\View\View.php(226): include('D:\\PROJECTS\\system\\latest_auabclites\\app\\Views\\Home\\templates\\header.php')
 3 SYSTEMPATH\View\View.php(229): CodeIgniter\View\View->CodeIgniter\View\{closure}()
 4 SYSTEMPATH\Common.php(1178): CodeIgniter\View\View->render('home/templates/header', [], true)
 5 APPPATH\Controllers\Home\ViewsController.php(43): view('home/templates/header', [...])
 6 APPPATH\Controllers\Home\ViewsController.php(182): App\Controllers\Home\ViewsController->renderView('Home/bulletin', [...])
 7 SYSTEMPATH\CodeIgniter.php(915): App\Controllers\Home\ViewsController->bulletin()
 8 SYSTEMPATH\CodeIgniter.php(492): CodeIgniter\CodeIgniter->runController(Object(App\Controllers\Home\ViewsController))
 9 SYSTEMPATH\CodeIgniter.php(353): CodeIgniter\CodeIgniter->handleRequest(null, Object(Config\Cache), false)
10 FCPATH\index.php(79): CodeIgniter\CodeIgniter->run()
11 SYSTEMPATH\Commands\Server\rewrite.php(47): require_once('D:\\PROJECTS\\system\\latest_auabclites\\public\\index.php')
CRITICAL - 2023-09-01 05:55:46 --> Undefined property: stdClass::$result_count
in APPPATH\Controllers\Home\ViewsController.php on line 244.
 1 APPPATH\Controllers\Home\ViewsController.php(244): CodeIgniter\Debug\Exceptions->errorHandler(2, 'Undefined property: stdClass::$result_count', 'D:\\PROJECTS\\system\\latest_auabclites\\app\\Controllers\\Home\\ViewsController.php', 244)
 2 SYSTEMPATH\CodeIgniter.php(915): App\Controllers\Home\ViewsController->bulletin_news('2')
 3 SYSTEMPATH\CodeIgniter.php(492): CodeIgniter\CodeIgniter->runController(Object(App\Controllers\Home\ViewsController))
 4 SYSTEMPATH\CodeIgniter.php(353): CodeIgniter\CodeIgniter->handleRequest(null, Object(Config\Cache), false)
 5 FCPATH\index.php(79): CodeIgniter\CodeIgniter->run()
 6 SYSTEMPATH\Commands\Server\rewrite.php(47): require_once('D:\\PROJECTS\\system\\latest_auabclites\\public\\index.php')
CRITICAL - 2023-09-01 06:15:00 --> Unsupported operand types: array / int
in APPPATH\Views\Home\sub-pages\view-news.php on line 42.
 1 SYSTEMPATH\View\View.php(226): include()
 2 SYSTEMPATH\View\View.php(229): CodeIgniter\View\View->CodeIgniter\View\{closure}()
 3 SYSTEMPATH\Common.php(1178): CodeIgniter\View\View->render('Home/sub-pages/view-news', [], true)
 4 APPPATH\Controllers\Home\ViewsController.php(44): view('Home/sub-pages/view-news')
 5 APPPATH\Controllers\Home\ViewsController.php(302): App\Controllers\Home\ViewsController->renderView('Home/sub-pages/view-news', [...])
 6 SYSTEMPATH\CodeIgniter.php(915): App\Controllers\Home\ViewsController->bulletin_news('2')
 7 SYSTEMPATH\CodeIgniter.php(492): CodeIgniter\CodeIgniter->runController(Object(App\Controllers\Home\ViewsController))
 8 SYSTEMPATH\CodeIgniter.php(353): CodeIgniter\CodeIgniter->handleRequest(null, Object(Config\Cache), false)
 9 FCPATH\index.php(79): CodeIgniter\CodeIgniter->run()
10 SYSTEMPATH\Commands\Server\rewrite.php(47): require_once('D:\\PROJECTS\\system\\latest_auabclites\\public\\index.php')
CRITICAL - 2023-09-01 07:06:20 --> Undefined array key "offset"
in APPPATH\Views\Home\sub-pages\view-news.php on line 43.
 1 APPPATH\Views\Home\sub-pages\view-news.php(43): CodeIgniter\Debug\Exceptions->errorHandler(2, 'Undefined array key "offset"', 'D:\\PROJECTS\\system\\latest_auabclites\\app\\Views\\Home\\sub-pages\\view-news.php', 43)
 2 SYSTEMPATH\View\View.php(226): include('D:\\PROJECTS\\system\\latest_auabclites\\app\\Views\\Home\\sub-pages\\view-news.php')
 3 SYSTEMPATH\View\View.php(229): CodeIgniter\View\View->CodeIgniter\View\{closure}()
 4 SYSTEMPATH\Common.php(1178): CodeIgniter\View\View->render('Home/sub-pages/view-news', [], true)
 5 APPPATH\Controllers\Home\ViewsController.php(44): view('Home/sub-pages/view-news')
 6 APPPATH\Controllers\Home\ViewsController.php(308): App\Controllers\Home\ViewsController->renderView('Home/sub-pages/view-news', [...])
 7 SYSTEMPATH\CodeIgniter.php(915): App\Controllers\Home\ViewsController->bulletin_news()
 8 SYSTEMPATH\CodeIgniter.php(492): CodeIgniter\CodeIgniter->runController(Object(App\Controllers\Home\ViewsController))
 9 SYSTEMPATH\CodeIgniter.php(353): CodeIgniter\CodeIgniter->handleRequest(null, Object(Config\Cache), false)
10 FCPATH\index.php(79): CodeIgniter\CodeIgniter->run()
11 SYSTEMPATH\Commands\Server\rewrite.php(47): require_once('D:\\PROJECTS\\system\\latest_auabclites\\public\\index.php')
CRITICAL - 2023-09-01 07:06:37 --> Cannot use object of type stdClass as array
in APPPATH\Views\Home\sub-pages\view-news.php on line 43.
 1 SYSTEMPATH\View\View.php(226): include()
 2 SYSTEMPATH\View\View.php(229): CodeIgniter\View\View->CodeIgniter\View\{closure}()
 3 SYSTEMPATH\Common.php(1178): CodeIgniter\View\View->render('Home/sub-pages/view-news', [], true)
 4 APPPATH\Controllers\Home\ViewsController.php(44): view('Home/sub-pages/view-news')
 5 APPPATH\Controllers\Home\ViewsController.php(308): App\Controllers\Home\ViewsController->renderView('Home/sub-pages/view-news', [...])
 6 SYSTEMPATH\CodeIgniter.php(915): App\Controllers\Home\ViewsController->bulletin_news()
 7 SYSTEMPATH\CodeIgniter.php(492): CodeIgniter\CodeIgniter->runController(Object(App\Controllers\Home\ViewsController))
 8 SYSTEMPATH\CodeIgniter.php(353): CodeIgniter\CodeIgniter->handleRequest(null, Object(Config\Cache), false)
 9 FCPATH\index.php(79): CodeIgniter\CodeIgniter->run()
10 SYSTEMPATH\Commands\Server\rewrite.php(47): require_once('D:\\PROJECTS\\system\\latest_auabclites\\public\\index.php')
CRITICAL - 2023-09-01 07:06:44 --> Undefined property: stdClass::$offset
in APPPATH\Views\Home\sub-pages\view-news.php on line 43.
 1 APPPATH\Views\Home\sub-pages\view-news.php(43): CodeIgniter\Debug\Exceptions->errorHandler(2, 'Undefined property: stdClass::$offset', 'D:\\PROJECTS\\system\\latest_auabclites\\app\\Views\\Home\\sub-pages\\view-news.php', 43)
 2 SYSTEMPATH\View\View.php(226): include('D:\\PROJECTS\\system\\latest_auabclites\\app\\Views\\Home\\sub-pages\\view-news.php')
 3 SYSTEMPATH\View\View.php(229): CodeIgniter\View\View->CodeIgniter\View\{closure}()
 4 SYSTEMPATH\Common.php(1178): CodeIgniter\View\View->render('Home/sub-pages/view-news', [], true)
 5 APPPATH\Controllers\Home\ViewsController.php(44): view('Home/sub-pages/view-news')
 6 APPPATH\Controllers\Home\ViewsController.php(308): App\Controllers\Home\ViewsController->renderView('Home/sub-pages/view-news', [...])
 7 SYSTEMPATH\CodeIgniter.php(915): App\Controllers\Home\ViewsController->bulletin_news()
 8 SYSTEMPATH\CodeIgniter.php(492): CodeIgniter\CodeIgniter->runController(Object(App\Controllers\Home\ViewsController))
 9 SYSTEMPATH\CodeIgniter.php(353): CodeIgniter\CodeIgniter->handleRequest(null, Object(Config\Cache), false)
10 FCPATH\index.php(79): CodeIgniter\CodeIgniter->run()
11 SYSTEMPATH\Commands\Server\rewrite.php(47): require_once('D:\\PROJECTS\\system\\latest_auabclites\\public\\index.php')
CRITICAL - 2023-09-01 07:08:13 --> Attempt to read property "result_count" on array
in APPPATH\Views\Home\sub-pages\view-news.php on line 42.
 1 APPPATH\Views\Home\sub-pages\view-news.php(42): CodeIgniter\Debug\Exceptions->errorHandler(2, 'Attempt to read property "result_count" on array', 'D:\\PROJECTS\\system\\latest_auabclites\\app\\Views\\Home\\sub-pages\\view-news.php', 42)
 2 SYSTEMPATH\View\View.php(226): include('D:\\PROJECTS\\system\\latest_auabclites\\app\\Views\\Home\\sub-pages\\view-news.php')
 3 SYSTEMPATH\View\View.php(229): CodeIgniter\View\View->CodeIgniter\View\{closure}()
 4 SYSTEMPATH\Common.php(1178): CodeIgniter\View\View->render('Home/sub-pages/view-news', [], true)
 5 APPPATH\Controllers\Home\ViewsController.php(44): view('Home/sub-pages/view-news')
 6 APPPATH\Controllers\Home\ViewsController.php(308): App\Controllers\Home\ViewsController->renderView('Home/sub-pages/view-news', [...])
 7 SYSTEMPATH\CodeIgniter.php(915): App\Controllers\Home\ViewsController->bulletin_news('1')
 8 SYSTEMPATH\CodeIgniter.php(492): CodeIgniter\CodeIgniter->runController(Object(App\Controllers\Home\ViewsController))
 9 SYSTEMPATH\CodeIgniter.php(353): CodeIgniter\CodeIgniter->handleRequest(null, Object(Config\Cache), false)
10 FCPATH\index.php(79): CodeIgniter\CodeIgniter->run()
11 SYSTEMPATH\Commands\Server\rewrite.php(47): require_once('D:\\PROJECTS\\system\\latest_auabclites\\public\\index.php')
CRITICAL - 2023-09-01 07:08:15 --> Attempt to read property "result_count" on array
in APPPATH\Views\Home\sub-pages\view-news.php on line 42.
 1 APPPATH\Views\Home\sub-pages\view-news.php(42): CodeIgniter\Debug\Exceptions->errorHandler(2, 'Attempt to read property "result_count" on array', 'D:\\PROJECTS\\system\\latest_auabclites\\app\\Views\\Home\\sub-pages\\view-news.php', 42)
 2 SYSTEMPATH\View\View.php(226): include('D:\\PROJECTS\\system\\latest_auabclites\\app\\Views\\Home\\sub-pages\\view-news.php')
 3 SYSTEMPATH\View\View.php(229): CodeIgniter\View\View->CodeIgniter\View\{closure}()
 4 SYSTEMPATH\Common.php(1178): CodeIgniter\View\View->render('Home/sub-pages/view-news', [], true)
 5 APPPATH\Controllers\Home\ViewsController.php(44): view('Home/sub-pages/view-news')
 6 APPPATH\Controllers\Home\ViewsController.php(308): App\Controllers\Home\ViewsController->renderView('Home/sub-pages/view-news', [...])
 7 SYSTEMPATH\CodeIgniter.php(915): App\Controllers\Home\ViewsController->bulletin_news()
 8 SYSTEMPATH\CodeIgniter.php(492): CodeIgniter\CodeIgniter->runController(Object(App\Controllers\Home\ViewsController))
 9 SYSTEMPATH\CodeIgniter.php(353): CodeIgniter\CodeIgniter->handleRequest(null, Object(Config\Cache), false)
10 FCPATH\index.php(79): CodeIgniter\CodeIgniter->run()
11 SYSTEMPATH\Commands\Server\rewrite.php(47): require_once('D:\\PROJECTS\\system\\latest_auabclites\\public\\index.php')
CRITICAL - 2023-09-01 07:08:24 --> Attempt to read property "result_count" on array
in APPPATH\Views\Home\sub-pages\view-news.php on line 42.
 1 APPPATH\Views\Home\sub-pages\view-news.php(42): CodeIgniter\Debug\Exceptions->errorHandler(2, 'Attempt to read property "result_count" on array', 'D:\\PROJECTS\\system\\latest_auabclites\\app\\Views\\Home\\sub-pages\\view-news.php', 42)
 2 SYSTEMPATH\View\View.php(226): include('D:\\PROJECTS\\system\\latest_auabclites\\app\\Views\\Home\\sub-pages\\view-news.php')
 3 SYSTEMPATH\View\View.php(229): CodeIgniter\View\View->CodeIgniter\View\{closure}()
 4 SYSTEMPATH\Common.php(1178): CodeIgniter\View\View->render('Home/sub-pages/view-news', [], true)
 5 APPPATH\Controllers\Home\ViewsController.php(44): view('Home/sub-pages/view-news')
 6 APPPATH\Controllers\Home\ViewsController.php(308): App\Controllers\Home\ViewsController->renderView('Home/sub-pages/view-news', [...])
 7 SYSTEMPATH\CodeIgniter.php(915): App\Controllers\Home\ViewsController->bulletin_news()
 8 SYSTEMPATH\CodeIgniter.php(492): CodeIgniter\CodeIgniter->runController(Object(App\Controllers\Home\ViewsController))
 9 SYSTEMPATH\CodeIgniter.php(353): CodeIgniter\CodeIgniter->handleRequest(null, Object(Config\Cache), false)
10 FCPATH\index.php(79): CodeIgniter\CodeIgniter->run()
11 SYSTEMPATH\Commands\Server\rewrite.php(47): require_once('D:\\PROJECTS\\system\\latest_auabclites\\public\\index.php')
CRITICAL - 2023-09-01 07:09:27 --> Attempt to read property "offset" on array
in APPPATH\Views\Home\sub-pages\view-news.php on line 44.
 1 APPPATH\Views\Home\sub-pages\view-news.php(44): CodeIgniter\Debug\Exceptions->errorHandler(2, 'Attempt to read property "offset" on array', 'D:\\PROJECTS\\system\\latest_auabclites\\app\\Views\\Home\\sub-pages\\view-news.php', 44)
 2 SYSTEMPATH\View\View.php(226): include('D:\\PROJECTS\\system\\latest_auabclites\\app\\Views\\Home\\sub-pages\\view-news.php')
 3 SYSTEMPATH\View\View.php(229): CodeIgniter\View\View->CodeIgniter\View\{closure}()
 4 SYSTEMPATH\Common.php(1178): CodeIgniter\View\View->render('Home/sub-pages/view-news', [], true)
 5 APPPATH\Controllers\Home\ViewsController.php(44): view('Home/sub-pages/view-news')
 6 APPPATH\Controllers\Home\ViewsController.php(308): App\Controllers\Home\ViewsController->renderView('Home/sub-pages/view-news', [...])
 7 SYSTEMPATH\CodeIgniter.php(915): App\Controllers\Home\ViewsController->bulletin_news('1')
 8 SYSTEMPATH\CodeIgniter.php(492): CodeIgniter\CodeIgniter->runController(Object(App\Controllers\Home\ViewsController))
 9 SYSTEMPATH\CodeIgniter.php(353): CodeIgniter\CodeIgniter->handleRequest(null, Object(Config\Cache), false)
10 FCPATH\index.php(79): CodeIgniter\CodeIgniter->run()
11 SYSTEMPATH\Commands\Server\rewrite.php(47): require_once('D:\\PROJECTS\\system\\latest_auabclites\\public\\index.php')
CRITICAL - 2023-09-01 07:09:28 --> Attempt to read property "offset" on array
in APPPATH\Views\Home\sub-pages\view-news.php on line 44.
 1 APPPATH\Views\Home\sub-pages\view-news.php(44): CodeIgniter\Debug\Exceptions->errorHandler(2, 'Attempt to read property "offset" on array', 'D:\\PROJECTS\\system\\latest_auabclites\\app\\Views\\Home\\sub-pages\\view-news.php', 44)
 2 SYSTEMPATH\View\View.php(226): include('D:\\PROJECTS\\system\\latest_auabclites\\app\\Views\\Home\\sub-pages\\view-news.php')
 3 SYSTEMPATH\View\View.php(229): CodeIgniter\View\View->CodeIgniter\View\{closure}()
 4 SYSTEMPATH\Common.php(1178): CodeIgniter\View\View->render('Home/sub-pages/view-news', [], true)
 5 APPPATH\Controllers\Home\ViewsController.php(44): view('Home/sub-pages/view-news')
 6 APPPATH\Controllers\Home\ViewsController.php(308): App\Controllers\Home\ViewsController->renderView('Home/sub-pages/view-news', [...])
 7 SYSTEMPATH\CodeIgniter.php(915): App\Controllers\Home\ViewsController->bulletin_news()
 8 SYSTEMPATH\CodeIgniter.php(492): CodeIgniter\CodeIgniter->runController(Object(App\Controllers\Home\ViewsController))
 9 SYSTEMPATH\CodeIgniter.php(353): CodeIgniter\CodeIgniter->handleRequest(null, Object(Config\Cache), false)
10 FCPATH\index.php(79): CodeIgniter\CodeIgniter->run()
11 SYSTEMPATH\Commands\Server\rewrite.php(47): require_once('D:\\PROJECTS\\system\\latest_auabclites\\public\\index.php')
CRITICAL - 2023-09-01 07:09:35 --> Undefined array key 1
in APPPATH\Views\Home\sub-pages\view-news.php on line 44.
 1 APPPATH\Views\Home\sub-pages\view-news.php(44): CodeIgniter\Debug\Exceptions->errorHandler(2, 'Undefined array key 1', 'D:\\PROJECTS\\system\\latest_auabclites\\app\\Views\\Home\\sub-pages\\view-news.php', 44)
 2 SYSTEMPATH\View\View.php(226): include('D:\\PROJECTS\\system\\latest_auabclites\\app\\Views\\Home\\sub-pages\\view-news.php')
 3 SYSTEMPATH\View\View.php(229): CodeIgniter\View\View->CodeIgniter\View\{closure}()
 4 SYSTEMPATH\Common.php(1178): CodeIgniter\View\View->render('Home/sub-pages/view-news', [], true)
 5 APPPATH\Controllers\Home\ViewsController.php(44): view('Home/sub-pages/view-news')
 6 APPPATH\Controllers\Home\ViewsController.php(308): App\Controllers\Home\ViewsController->renderView('Home/sub-pages/view-news', [...])
 7 SYSTEMPATH\CodeIgniter.php(915): App\Controllers\Home\ViewsController->bulletin_news()
 8 SYSTEMPATH\CodeIgniter.php(492): CodeIgniter\CodeIgniter->runController(Object(App\Controllers\Home\ViewsController))
 9 SYSTEMPATH\CodeIgniter.php(353): CodeIgniter\CodeIgniter->handleRequest(null, Object(Config\Cache), false)
10 FCPATH\index.php(79): CodeIgniter\CodeIgniter->run()
11 SYSTEMPATH\Commands\Server\rewrite.php(47): require_once('D:\\PROJECTS\\system\\latest_auabclites\\public\\index.php')
CRITICAL - 2023-09-01 07:10:14 --> Attempt to read property "offset" on array
in APPPATH\Views\Home\sub-pages\view-news.php on line 44.
 1 APPPATH\Views\Home\sub-pages\view-news.php(44): CodeIgniter\Debug\Exceptions->errorHandler(2, 'Attempt to read property "offset" on array', 'D:\\PROJECTS\\system\\latest_auabclites\\app\\Views\\Home\\sub-pages\\view-news.php', 44)
 2 SYSTEMPATH\View\View.php(226): include('D:\\PROJECTS\\system\\latest_auabclites\\app\\Views\\Home\\sub-pages\\view-news.php')
 3 SYSTEMPATH\View\View.php(229): CodeIgniter\View\View->CodeIgniter\View\{closure}()
 4 SYSTEMPATH\Common.php(1178): CodeIgniter\View\View->render('Home/sub-pages/view-news', [], true)
 5 APPPATH\Controllers\Home\ViewsController.php(44): view('Home/sub-pages/view-news')
 6 APPPATH\Controllers\Home\ViewsController.php(308): App\Controllers\Home\ViewsController->renderView('Home/sub-pages/view-news', [...])
 7 SYSTEMPATH\CodeIgniter.php(915): App\Controllers\Home\ViewsController->bulletin_news()
 8 SYSTEMPATH\CodeIgniter.php(492): CodeIgniter\CodeIgniter->runController(Object(App\Controllers\Home\ViewsController))
 9 SYSTEMPATH\CodeIgniter.php(353): CodeIgniter\CodeIgniter->handleRequest(null, Object(Config\Cache), false)
10 FCPATH\index.php(79): CodeIgniter\CodeIgniter->run()
11 SYSTEMPATH\Commands\Server\rewrite.php(47): require_once('D:\\PROJECTS\\system\\latest_auabclites\\public\\index.php')
CRITICAL - 2023-09-01 07:10:24 --> Undefined variable $offset
in APPPATH\Views\Home\sub-pages\view-news.php on line 45.
 1 APPPATH\Views\Home\sub-pages\view-news.php(45): CodeIgniter\Debug\Exceptions->errorHandler(2, 'Undefined variable $offset', 'D:\\PROJECTS\\system\\latest_auabclites\\app\\Views\\Home\\sub-pages\\view-news.php', 45)
 2 SYSTEMPATH\View\View.php(226): include('D:\\PROJECTS\\system\\latest_auabclites\\app\\Views\\Home\\sub-pages\\view-news.php')
 3 SYSTEMPATH\View\View.php(229): CodeIgniter\View\View->CodeIgniter\View\{closure}()
 4 SYSTEMPATH\Common.php(1178): CodeIgniter\View\View->render('Home/sub-pages/view-news', [], true)
 5 APPPATH\Controllers\Home\ViewsController.php(44): view('Home/sub-pages/view-news')
 6 APPPATH\Controllers\Home\ViewsController.php(308): App\Controllers\Home\ViewsController->renderView('Home/sub-pages/view-news', [...])
 7 SYSTEMPATH\CodeIgniter.php(915): App\Controllers\Home\ViewsController->bulletin_news()
 8 SYSTEMPATH\CodeIgniter.php(492): CodeIgniter\CodeIgniter->runController(Object(App\Controllers\Home\ViewsController))
 9 SYSTEMPATH\CodeIgniter.php(353): CodeIgniter\CodeIgniter->handleRequest(null, Object(Config\Cache), false)
10 FCPATH\index.php(79): CodeIgniter\CodeIgniter->run()
11 SYSTEMPATH\Commands\Server\rewrite.php(47): require_once('D:\\PROJECTS\\system\\latest_auabclites\\public\\index.php')
CRITICAL - 2023-09-01 07:10:31 --> Undefined array key 1
in APPPATH\Views\Home\sub-pages\view-news.php on line 44.
 1 APPPATH\Views\Home\sub-pages\view-news.php(44): CodeIgniter\Debug\Exceptions->errorHandler(2, 'Undefined array key 1', 'D:\\PROJECTS\\system\\latest_auabclites\\app\\Views\\Home\\sub-pages\\view-news.php', 44)
 2 SYSTEMPATH\View\View.php(226): include('D:\\PROJECTS\\system\\latest_auabclites\\app\\Views\\Home\\sub-pages\\view-news.php')
 3 SYSTEMPATH\View\View.php(229): CodeIgniter\View\View->CodeIgniter\View\{closure}()
 4 SYSTEMPATH\Common.php(1178): CodeIgniter\View\View->render('Home/sub-pages/view-news', [], true)
 5 APPPATH\Controllers\Home\ViewsController.php(44): view('Home/sub-pages/view-news')
 6 APPPATH\Controllers\Home\ViewsController.php(308): App\Controllers\Home\ViewsController->renderView('Home/sub-pages/view-news', [...])
 7 SYSTEMPATH\CodeIgniter.php(915): App\Controllers\Home\ViewsController->bulletin_news()
 8 SYSTEMPATH\CodeIgniter.php(492): CodeIgniter\CodeIgniter->runController(Object(App\Controllers\Home\ViewsController))
 9 SYSTEMPATH\CodeIgniter.php(353): CodeIgniter\CodeIgniter->handleRequest(null, Object(Config\Cache), false)
10 FCPATH\index.php(79): CodeIgniter\CodeIgniter->run()
11 SYSTEMPATH\Commands\Server\rewrite.php(47): require_once('D:\\PROJECTS\\system\\latest_auabclites\\public\\index.php')
CRITICAL - 2023-09-01 07:12:31 --> Attempt to read property "result_count" on array
in APPPATH\Views\Home\sub-pages\view-news.php on line 43.
 1 APPPATH\Views\Home\sub-pages\view-news.php(43): CodeIgniter\Debug\Exceptions->errorHandler(2, 'Attempt to read property "result_count" on array', 'D:\\PROJECTS\\system\\latest_auabclites\\app\\Views\\Home\\sub-pages\\view-news.php', 43)
 2 SYSTEMPATH\View\View.php(226): include('D:\\PROJECTS\\system\\latest_auabclites\\app\\Views\\Home\\sub-pages\\view-news.php')
 3 SYSTEMPATH\View\View.php(229): CodeIgniter\View\View->CodeIgniter\View\{closure}()
 4 SYSTEMPATH\Common.php(1178): CodeIgniter\View\View->render('Home/sub-pages/view-news', [], true)
 5 APPPATH\Controllers\Home\ViewsController.php(44): view('Home/sub-pages/view-news')
 6 APPPATH\Controllers\Home\ViewsController.php(308): App\Controllers\Home\ViewsController->renderView('Home/sub-pages/view-news', [...])
 7 SYSTEMPATH\CodeIgniter.php(915): App\Controllers\Home\ViewsController->bulletin_news()
 8 SYSTEMPATH\CodeIgniter.php(492): CodeIgniter\CodeIgniter->runController(Object(App\Controllers\Home\ViewsController))
 9 SYSTEMPATH\CodeIgniter.php(353): CodeIgniter\CodeIgniter->handleRequest(null, Object(Config\Cache), false)
10 FCPATH\index.php(79): CodeIgniter\CodeIgniter->run()
11 SYSTEMPATH\Commands\Server\rewrite.php(47): require_once('D:\\PROJECTS\\system\\latest_auabclites\\public\\index.php')
CRITICAL - 2023-09-01 07:12:37 --> Attempt to read property "result_count" on array
in APPPATH\Views\Home\sub-pages\view-news.php on line 43.
 1 APPPATH\Views\Home\sub-pages\view-news.php(43): CodeIgniter\Debug\Exceptions->errorHandler(2, 'Attempt to read property "result_count" on array', 'D:\\PROJECTS\\system\\latest_auabclites\\app\\Views\\Home\\sub-pages\\view-news.php', 43)
 2 SYSTEMPATH\View\View.php(226): include('D:\\PROJECTS\\system\\latest_auabclites\\app\\Views\\Home\\sub-pages\\view-news.php')
 3 SYSTEMPATH\View\View.php(229): CodeIgniter\View\View->CodeIgniter\View\{closure}()
 4 SYSTEMPATH\Common.php(1178): CodeIgniter\View\View->render('Home/sub-pages/view-news', [], true)
 5 APPPATH\Controllers\Home\ViewsController.php(44): view('Home/sub-pages/view-news')
 6 APPPATH\Controllers\Home\ViewsController.php(308): App\Controllers\Home\ViewsController->renderView('Home/sub-pages/view-news', [...])
 7 SYSTEMPATH\CodeIgniter.php(915): App\Controllers\Home\ViewsController->bulletin_news()
 8 SYSTEMPATH\CodeIgniter.php(492): CodeIgniter\CodeIgniter->runController(Object(App\Controllers\Home\ViewsController))
 9 SYSTEMPATH\CodeIgniter.php(353): CodeIgniter\CodeIgniter->handleRequest(null, Object(Config\Cache), false)
10 FCPATH\index.php(79): CodeIgniter\CodeIgniter->run()
11 SYSTEMPATH\Commands\Server\rewrite.php(47): require_once('D:\\PROJECTS\\system\\latest_auabclites\\public\\index.php')
CRITICAL - 2023-09-01 07:12:53 --> Attempt to read property "result_count" on array
in APPPATH\Views\Home\sub-pages\view-news.php on line 43.
 1 APPPATH\Views\Home\sub-pages\view-news.php(43): CodeIgniter\Debug\Exceptions->errorHandler(2, 'Attempt to read property "result_count" on array', 'D:\\PROJECTS\\system\\latest_auabclites\\app\\Views\\Home\\sub-pages\\view-news.php', 43)
 2 SYSTEMPATH\View\View.php(226): include('D:\\PROJECTS\\system\\latest_auabclites\\app\\Views\\Home\\sub-pages\\view-news.php')
 3 SYSTEMPATH\View\View.php(229): CodeIgniter\View\View->CodeIgniter\View\{closure}()
 4 SYSTEMPATH\Common.php(1178): CodeIgniter\View\View->render('Home/sub-pages/view-news', [], true)
 5 APPPATH\Controllers\Home\ViewsController.php(44): view('Home/sub-pages/view-news')
 6 APPPATH\Controllers\Home\ViewsController.php(308): App\Controllers\Home\ViewsController->renderView('Home/sub-pages/view-news', [...])
 7 SYSTEMPATH\CodeIgniter.php(915): App\Controllers\Home\ViewsController->bulletin_news()
 8 SYSTEMPATH\CodeIgniter.php(492): CodeIgniter\CodeIgniter->runController(Object(App\Controllers\Home\ViewsController))
 9 SYSTEMPATH\CodeIgniter.php(353): CodeIgniter\CodeIgniter->handleRequest(null, Object(Config\Cache), false)
10 FCPATH\index.php(79): CodeIgniter\CodeIgniter->run()
11 SYSTEMPATH\Commands\Server\rewrite.php(47): require_once('D:\\PROJECTS\\system\\latest_auabclites\\public\\index.php')
CRITICAL - 2023-09-01 07:15:43 --> Undefined array key 0
in APPPATH\Views\Home\sub-pages\view-news.php on line 42.
 1 APPPATH\Views\Home\sub-pages\view-news.php(42): CodeIgniter\Debug\Exceptions->errorHandler(2, 'Undefined array key 0', 'D:\\PROJECTS\\system\\latest_auabclites\\app\\Views\\Home\\sub-pages\\view-news.php', 42)
 2 SYSTEMPATH\View\View.php(226): include('D:\\PROJECTS\\system\\latest_auabclites\\app\\Views\\Home\\sub-pages\\view-news.php')
 3 SYSTEMPATH\View\View.php(229): CodeIgniter\View\View->CodeIgniter\View\{closure}()
 4 SYSTEMPATH\Common.php(1178): CodeIgniter\View\View->render('Home/sub-pages/view-news', [], true)
 5 APPPATH\Controllers\Home\ViewsController.php(44): view('Home/sub-pages/view-news')
 6 APPPATH\Controllers\Home\ViewsController.php(308): App\Controllers\Home\ViewsController->renderView('Home/sub-pages/view-news', [...])
 7 SYSTEMPATH\CodeIgniter.php(915): App\Controllers\Home\ViewsController->bulletin_news()
 8 SYSTEMPATH\CodeIgniter.php(492): CodeIgniter\CodeIgniter->runController(Object(App\Controllers\Home\ViewsController))
 9 SYSTEMPATH\CodeIgniter.php(353): CodeIgniter\CodeIgniter->handleRequest(null, Object(Config\Cache), false)
10 FCPATH\index.php(79): CodeIgniter\CodeIgniter->run()
11 SYSTEMPATH\Commands\Server\rewrite.php(47): require_once('D:\\PROJECTS\\system\\latest_auabclites\\public\\index.php')
CRITICAL - 2023-09-01 07:17:43 --> Attempt to read property "offset" on array
in APPPATH\Views\Home\sub-pages\view-news.php on line 44.
 1 APPPATH\Views\Home\sub-pages\view-news.php(44): CodeIgniter\Debug\Exceptions->errorHandler(2, 'Attempt to read property "offset" on array', 'D:\\PROJECTS\\system\\latest_auabclites\\app\\Views\\Home\\sub-pages\\view-news.php', 44)
 2 SYSTEMPATH\View\View.php(226): include('D:\\PROJECTS\\system\\latest_auabclites\\app\\Views\\Home\\sub-pages\\view-news.php')
 3 SYSTEMPATH\View\View.php(229): CodeIgniter\View\View->CodeIgniter\View\{closure}()
 4 SYSTEMPATH\Common.php(1178): CodeIgniter\View\View->render('Home/sub-pages/view-news', [], true)
 5 APPPATH\Controllers\Home\ViewsController.php(44): view('Home/sub-pages/view-news')
 6 APPPATH\Controllers\Home\ViewsController.php(308): App\Controllers\Home\ViewsController->renderView('Home/sub-pages/view-news', [...])
 7 SYSTEMPATH\CodeIgniter.php(915): App\Controllers\Home\ViewsController->bulletin_news('1')
 8 SYSTEMPATH\CodeIgniter.php(492): CodeIgniter\CodeIgniter->runController(Object(App\Controllers\Home\ViewsController))
 9 SYSTEMPATH\CodeIgniter.php(353): CodeIgniter\CodeIgniter->handleRequest(null, Object(Config\Cache), false)
10 FCPATH\index.php(79): CodeIgniter\CodeIgniter->run()
11 SYSTEMPATH\Commands\Server\rewrite.php(47): require_once('D:\\PROJECTS\\system\\latest_auabclites\\public\\index.php')
CRITICAL - 2023-09-01 07:17:44 --> Attempt to read property "offset" on array
in APPPATH\Views\Home\sub-pages\view-news.php on line 44.
 1 APPPATH\Views\Home\sub-pages\view-news.php(44): CodeIgniter\Debug\Exceptions->errorHandler(2, 'Attempt to read property "offset" on array', 'D:\\PROJECTS\\system\\latest_auabclites\\app\\Views\\Home\\sub-pages\\view-news.php', 44)
 2 SYSTEMPATH\View\View.php(226): include('D:\\PROJECTS\\system\\latest_auabclites\\app\\Views\\Home\\sub-pages\\view-news.php')
 3 SYSTEMPATH\View\View.php(229): CodeIgniter\View\View->CodeIgniter\View\{closure}()
 4 SYSTEMPATH\Common.php(1178): CodeIgniter\View\View->render('Home/sub-pages/view-news', [], true)
 5 APPPATH\Controllers\Home\ViewsController.php(44): view('Home/sub-pages/view-news')
 6 APPPATH\Controllers\Home\ViewsController.php(308): App\Controllers\Home\ViewsController->renderView('Home/sub-pages/view-news', [...])
 7 SYSTEMPATH\CodeIgniter.php(915): App\Controllers\Home\ViewsController->bulletin_news()
 8 SYSTEMPATH\CodeIgniter.php(492): CodeIgniter\CodeIgniter->runController(Object(App\Controllers\Home\ViewsController))
 9 SYSTEMPATH\CodeIgniter.php(353): CodeIgniter\CodeIgniter->handleRequest(null, Object(Config\Cache), false)
10 FCPATH\index.php(79): CodeIgniter\CodeIgniter->run()
11 SYSTEMPATH\Commands\Server\rewrite.php(47): require_once('D:\\PROJECTS\\system\\latest_auabclites\\public\\index.php')
CRITICAL - 2023-09-01 07:36:31 --> Undefined variable $limit
in APPPATH\Views\Home\sub-pages\view-news.php on line 50.
 1 APPPATH\Views\Home\sub-pages\view-news.php(50): CodeIgniter\Debug\Exceptions->errorHandler(2, 'Undefined variable $limit', 'D:\\PROJECTS\\system\\latest_auabclites\\app\\Views\\Home\\sub-pages\\view-news.php', 50)
 2 SYSTEMPATH\View\View.php(226): include('D:\\PROJECTS\\system\\latest_auabclites\\app\\Views\\Home\\sub-pages\\view-news.php')
 3 SYSTEMPATH\View\View.php(229): CodeIgniter\View\View->CodeIgniter\View\{closure}()
 4 SYSTEMPATH\Common.php(1178): CodeIgniter\View\View->render('Home/sub-pages/view-news', [], true)
 5 APPPATH\Controllers\Home\ViewsController.php(44): view('Home/sub-pages/view-news')
 6 APPPATH\Controllers\Home\ViewsController.php(309): App\Controllers\Home\ViewsController->renderView('Home/sub-pages/view-news', [...])
 7 SYSTEMPATH\CodeIgniter.php(915): App\Controllers\Home\ViewsController->bulletin_news('3')
 8 SYSTEMPATH\CodeIgniter.php(492): CodeIgniter\CodeIgniter->runController(Object(App\Controllers\Home\ViewsController))
 9 SYSTEMPATH\CodeIgniter.php(353): CodeIgniter\CodeIgniter->handleRequest(null, Object(Config\Cache), false)
10 FCPATH\index.php(79): CodeIgniter\CodeIgniter->run()
11 SYSTEMPATH\Commands\Server\rewrite.php(47): require_once('D:\\PROJECTS\\system\\latest_auabclites\\public\\index.php')
CRITICAL - 2023-09-01 07:36:45 --> Undefined variable $limit
in APPPATH\Views\Home\sub-pages\view-news.php on line 51.
 1 APPPATH\Views\Home\sub-pages\view-news.php(51): CodeIgniter\Debug\Exceptions->errorHandler(2, 'Undefined variable $limit', 'D:\\PROJECTS\\system\\latest_auabclites\\app\\Views\\Home\\sub-pages\\view-news.php', 51)
 2 SYSTEMPATH\View\View.php(226): include('D:\\PROJECTS\\system\\latest_auabclites\\app\\Views\\Home\\sub-pages\\view-news.php')
 3 SYSTEMPATH\View\View.php(229): CodeIgniter\View\View->CodeIgniter\View\{closure}()
 4 SYSTEMPATH\Common.php(1178): CodeIgniter\View\View->render('Home/sub-pages/view-news', [], true)
 5 APPPATH\Controllers\Home\ViewsController.php(44): view('Home/sub-pages/view-news')
 6 APPPATH\Controllers\Home\ViewsController.php(309): App\Controllers\Home\ViewsController->renderView('Home/sub-pages/view-news', [...])
 7 SYSTEMPATH\CodeIgniter.php(915): App\Controllers\Home\ViewsController->bulletin_news('3')
 8 SYSTEMPATH\CodeIgniter.php(492): CodeIgniter\CodeIgniter->runController(Object(App\Controllers\Home\ViewsController))
 9 SYSTEMPATH\CodeIgniter.php(353): CodeIgniter\CodeIgniter->handleRequest(null, Object(Config\Cache), false)
10 FCPATH\index.php(79): CodeIgniter\CodeIgniter->run()
11 SYSTEMPATH\Commands\Server\rewrite.php(47): require_once('D:\\PROJECTS\\system\\latest_auabclites\\public\\index.php')
CRITICAL - 2023-09-01 07:49:25 --> Attempt to read property "result_count" on array
in APPPATH\Views\Home\sub-pages\view-news.php on line 42.
 1 APPPATH\Views\Home\sub-pages\view-news.php(42): CodeIgniter\Debug\Exceptions->errorHandler(2, 'Attempt to read property "result_count" on array', 'D:\\PROJECTS\\system\\latest_auabclites\\app\\Views\\Home\\sub-pages\\view-news.php', 42)
 2 SYSTEMPATH\View\View.php(226): include('D:\\PROJECTS\\system\\latest_auabclites\\app\\Views\\Home\\sub-pages\\view-news.php')
 3 SYSTEMPATH\View\View.php(229): CodeIgniter\View\View->CodeIgniter\View\{closure}()
 4 SYSTEMPATH\Common.php(1178): CodeIgniter\View\View->render('Home/sub-pages/view-news', [], true)
 5 APPPATH\Controllers\Home\ViewsController.php(44): view('Home/sub-pages/view-news')
 6 APPPATH\Controllers\Home\ViewsController.php(310): App\Controllers\Home\ViewsController->renderView('Home/sub-pages/view-news', [...])
 7 SYSTEMPATH\CodeIgniter.php(915): App\Controllers\Home\ViewsController->bulletin_news()
 8 SYSTEMPATH\CodeIgniter.php(492): CodeIgniter\CodeIgniter->runController(Object(App\Controllers\Home\ViewsController))
 9 SYSTEMPATH\CodeIgniter.php(353): CodeIgniter\CodeIgniter->handleRequest(null, Object(Config\Cache), false)
10 FCPATH\index.php(79): CodeIgniter\CodeIgniter->run()
11 SYSTEMPATH\Commands\Server\rewrite.php(47): require_once('D:\\PROJECTS\\system\\latest_auabclites\\public\\index.php')
CRITICAL - 2023-09-01 07:50:35 --> Undefined property: stdClass::$result_count
in APPPATH\Views\Home\sub-pages\view-news.php on line 42.
 1 APPPATH\Views\Home\sub-pages\view-news.php(42): CodeIgniter\Debug\Exceptions->errorHandler(2, 'Undefined property: stdClass::$result_count', 'D:\\PROJECTS\\system\\latest_auabclites\\app\\Views\\Home\\sub-pages\\view-news.php', 42)
 2 SYSTEMPATH\View\View.php(226): include('D:\\PROJECTS\\system\\latest_auabclites\\app\\Views\\Home\\sub-pages\\view-news.php')
 3 SYSTEMPATH\View\View.php(229): CodeIgniter\View\View->CodeIgniter\View\{closure}()
 4 SYSTEMPATH\Common.php(1178): CodeIgniter\View\View->render('Home/sub-pages/view-news', [], true)
 5 APPPATH\Controllers\Home\ViewsController.php(44): view('Home/sub-pages/view-news')
 6 APPPATH\Controllers\Home\ViewsController.php(309): App\Controllers\Home\ViewsController->renderView('Home/sub-pages/view-news', [...])
 7 SYSTEMPATH\CodeIgniter.php(915): App\Controllers\Home\ViewsController->bulletin_news('2')
 8 SYSTEMPATH\CodeIgniter.php(492): CodeIgniter\CodeIgniter->runController(Object(App\Controllers\Home\ViewsController))
 9 SYSTEMPATH\CodeIgniter.php(353): CodeIgniter\CodeIgniter->handleRequest(null, Object(Config\Cache), false)
10 FCPATH\index.php(79): CodeIgniter\CodeIgniter->run()
11 SYSTEMPATH\Commands\Server\rewrite.php(47): require_once('D:\\PROJECTS\\system\\latest_auabclites\\public\\index.php')
CRITICAL - 2023-09-01 08:15:53 --> Attempt to read property "total_pages" on array
in APPPATH\Views\Home\sub-pages\view-news.php on line 43.
 1 APPPATH\Views\Home\sub-pages\view-news.php(43): CodeIgniter\Debug\Exceptions->errorHandler(2, 'Attempt to read property "total_pages" on array', 'D:\\PROJECTS\\system\\latest_auabclites\\app\\Views\\Home\\sub-pages\\view-news.php', 43)
 2 SYSTEMPATH\View\View.php(226): include('D:\\PROJECTS\\system\\latest_auabclites\\app\\Views\\Home\\sub-pages\\view-news.php')
 3 SYSTEMPATH\View\View.php(229): CodeIgniter\View\View->CodeIgniter\View\{closure}()
 4 SYSTEMPATH\Common.php(1178): CodeIgniter\View\View->render('Home/sub-pages/view-news', [], true)
 5 APPPATH\Controllers\Home\ViewsController.php(44): view('Home/sub-pages/view-news')
 6 APPPATH\Controllers\Home\ViewsController.php(309): App\Controllers\Home\ViewsController->renderView('Home/sub-pages/view-news', [...])
 7 SYSTEMPATH\CodeIgniter.php(915): App\Controllers\Home\ViewsController->bulletin_news('1')
 8 SYSTEMPATH\CodeIgniter.php(492): CodeIgniter\CodeIgniter->runController(Object(App\Controllers\Home\ViewsController))
 9 SYSTEMPATH\CodeIgniter.php(353): CodeIgniter\CodeIgniter->handleRequest(null, Object(Config\Cache), false)
10 FCPATH\index.php(79): CodeIgniter\CodeIgniter->run()
11 SYSTEMPATH\Commands\Server\rewrite.php(47): require_once('D:\\PROJECTS\\system\\latest_auabclites\\public\\index.php')
CRITICAL - 2023-09-01 08:16:09 --> Attempt to read property "total_pages" on array
in APPPATH\Views\Home\sub-pages\view-news.php on line 43.
 1 APPPATH\Views\Home\sub-pages\view-news.php(43): CodeIgniter\Debug\Exceptions->errorHandler(2, 'Attempt to read property "total_pages" on array', 'D:\\PROJECTS\\system\\latest_auabclites\\app\\Views\\Home\\sub-pages\\view-news.php', 43)
 2 SYSTEMPATH\View\View.php(226): include('D:\\PROJECTS\\system\\latest_auabclites\\app\\Views\\Home\\sub-pages\\view-news.php')
 3 SYSTEMPATH\View\View.php(229): CodeIgniter\View\View->CodeIgniter\View\{closure}()
 4 SYSTEMPATH\Common.php(1178): CodeIgniter\View\View->render('Home/sub-pages/view-news', [], true)
 5 APPPATH\Controllers\Home\ViewsController.php(44): view('Home/sub-pages/view-news')
 6 APPPATH\Controllers\Home\ViewsController.php(309): App\Controllers\Home\ViewsController->renderView('Home/sub-pages/view-news', [...])
 7 SYSTEMPATH\CodeIgniter.php(915): App\Controllers\Home\ViewsController->bulletin_news('1')
 8 SYSTEMPATH\CodeIgniter.php(492): CodeIgniter\CodeIgniter->runController(Object(App\Controllers\Home\ViewsController))
 9 SYSTEMPATH\CodeIgniter.php(353): CodeIgniter\CodeIgniter->handleRequest(null, Object(Config\Cache), false)
10 FCPATH\index.php(79): CodeIgniter\CodeIgniter->run()
11 SYSTEMPATH\Commands\Server\rewrite.php(47): require_once('D:\\PROJECTS\\system\\latest_auabclites\\public\\index.php')
CRITICAL - 2023-09-01 08:16:30 --> Undefined array key 0
in APPPATH\Views\Home\sub-pages\view-news.php on line 43.
 1 APPPATH\Views\Home\sub-pages\view-news.php(43): CodeIgniter\Debug\Exceptions->errorHandler(2, 'Undefined array key 0', 'D:\\PROJECTS\\system\\latest_auabclites\\app\\Views\\Home\\sub-pages\\view-news.php', 43)
 2 SYSTEMPATH\View\View.php(226): include('D:\\PROJECTS\\system\\latest_auabclites\\app\\Views\\Home\\sub-pages\\view-news.php')
 3 SYSTEMPATH\View\View.php(229): CodeIgniter\View\View->CodeIgniter\View\{closure}()
 4 SYSTEMPATH\Common.php(1178): CodeIgniter\View\View->render('Home/sub-pages/view-news', [], true)
 5 APPPATH\Controllers\Home\ViewsController.php(44): view('Home/sub-pages/view-news')
 6 APPPATH\Controllers\Home\ViewsController.php(309): App\Controllers\Home\ViewsController->renderView('Home/sub-pages/view-news', [...])
 7 SYSTEMPATH\CodeIgniter.php(915): App\Controllers\Home\ViewsController->bulletin_news('1')
 8 SYSTEMPATH\CodeIgniter.php(492): CodeIgniter\CodeIgniter->runController(Object(App\Controllers\Home\ViewsController))
 9 SYSTEMPATH\CodeIgniter.php(353): CodeIgniter\CodeIgniter->handleRequest(null, Object(Config\Cache), false)
10 FCPATH\index.php(79): CodeIgniter\CodeIgniter->run()
11 SYSTEMPATH\Commands\Server\rewrite.php(47): require_once('D:\\PROJECTS\\system\\latest_auabclites\\public\\index.php')
CRITICAL - 2023-09-01 08:16:36 --> Attempt to read property "total_pages" on array
in APPPATH\Views\Home\sub-pages\view-news.php on line 43.
 1 APPPATH\Views\Home\sub-pages\view-news.php(43): CodeIgniter\Debug\Exceptions->errorHandler(2, 'Attempt to read property "total_pages" on array', 'D:\\PROJECTS\\system\\latest_auabclites\\app\\Views\\Home\\sub-pages\\view-news.php', 43)
 2 SYSTEMPATH\View\View.php(226): include('D:\\PROJECTS\\system\\latest_auabclites\\app\\Views\\Home\\sub-pages\\view-news.php')
 3 SYSTEMPATH\View\View.php(229): CodeIgniter\View\View->CodeIgniter\View\{closure}()
 4 SYSTEMPATH\Common.php(1178): CodeIgniter\View\View->render('Home/sub-pages/view-news', [], true)
 5 APPPATH\Controllers\Home\ViewsController.php(44): view('Home/sub-pages/view-news')
 6 APPPATH\Controllers\Home\ViewsController.php(309): App\Controllers\Home\ViewsController->renderView('Home/sub-pages/view-news', [...])
 7 SYSTEMPATH\CodeIgniter.php(915): App\Controllers\Home\ViewsController->bulletin_news('1')
 8 SYSTEMPATH\CodeIgniter.php(492): CodeIgniter\CodeIgniter->runController(Object(App\Controllers\Home\ViewsController))
 9 SYSTEMPATH\CodeIgniter.php(353): CodeIgniter\CodeIgniter->handleRequest(null, Object(Config\Cache), false)
10 FCPATH\index.php(79): CodeIgniter\CodeIgniter->run()
11 SYSTEMPATH\Commands\Server\rewrite.php(47): require_once('D:\\PROJECTS\\system\\latest_auabclites\\public\\index.php')
CRITICAL - 2023-09-01 08:25:04 --> Undefined variable $page
in APPPATH\Views\Home\sub-pages\view-news.php on line 51.
 1 APPPATH\Views\Home\sub-pages\view-news.php(51): CodeIgniter\Debug\Exceptions->errorHandler(2, 'Undefined variable $page', 'D:\\PROJECTS\\system\\latest_auabclites\\app\\Views\\Home\\sub-pages\\view-news.php', 51)
 2 SYSTEMPATH\View\View.php(226): include('D:\\PROJECTS\\system\\latest_auabclites\\app\\Views\\Home\\sub-pages\\view-news.php')
 3 SYSTEMPATH\View\View.php(229): CodeIgniter\View\View->CodeIgniter\View\{closure}()
 4 SYSTEMPATH\Common.php(1178): CodeIgniter\View\View->render('Home/sub-pages/view-news', [], true)
 5 APPPATH\Controllers\Home\ViewsController.php(44): view('Home/sub-pages/view-news')
 6 APPPATH\Controllers\Home\ViewsController.php(309): App\Controllers\Home\ViewsController->renderView('Home/sub-pages/view-news', [...])
 7 SYSTEMPATH\CodeIgniter.php(915): App\Controllers\Home\ViewsController->bulletin_news('1')
 8 SYSTEMPATH\CodeIgniter.php(492): CodeIgniter\CodeIgniter->runController(Object(App\Controllers\Home\ViewsController))
 9 SYSTEMPATH\CodeIgniter.php(353): CodeIgniter\CodeIgniter->handleRequest(null, Object(Config\Cache), false)
10 FCPATH\index.php(79): CodeIgniter\CodeIgniter->run()
11 SYSTEMPATH\Commands\Server\rewrite.php(47): require_once('D:\\PROJECTS\\system\\latest_auabclites\\public\\index.php')
CRITICAL - 2023-09-01 10:06:06 --> Call to undefined function isfloat()
in APPPATH\Views\Home\sub-pages\view-news.php on line 48.
 1 SYSTEMPATH\View\View.php(226): include()
 2 SYSTEMPATH\View\View.php(229): CodeIgniter\View\View->CodeIgniter\View\{closure}()
 3 SYSTEMPATH\Common.php(1178): CodeIgniter\View\View->render('Home/sub-pages/view-news', [], true)
 4 APPPATH\Controllers\Home\ViewsController.php(44): view('Home/sub-pages/view-news')
 5 APPPATH\Controllers\Home\ViewsController.php(309): App\Controllers\Home\ViewsController->renderView('Home/sub-pages/view-news', [...])
 6 SYSTEMPATH\CodeIgniter.php(915): App\Controllers\Home\ViewsController->bulletin_news('2')
 7 SYSTEMPATH\CodeIgniter.php(492): CodeIgniter\CodeIgniter->runController(Object(App\Controllers\Home\ViewsController))
 8 SYSTEMPATH\CodeIgniter.php(353): CodeIgniter\CodeIgniter->handleRequest(null, Object(Config\Cache), false)
 9 FCPATH\index.php(79): CodeIgniter\CodeIgniter->run()
10 SYSTEMPATH\Commands\Server\rewrite.php(47): require_once('D:\\PROJECTS\\system\\latest_auabclites\\public\\index.php')
CRITICAL - 2023-09-01 10:20:59 --> Unsupported operand types: string - int
in APPPATH\Controllers\Home\ViewsController.php on line 314.
 1 SYSTEMPATH\CodeIgniter.php(915): App\Controllers\Home\ViewsController->bulletin_news('$1')
 2 SYSTEMPATH\CodeIgniter.php(492): CodeIgniter\CodeIgniter->runController(Object(App\Controllers\Home\ViewsController))
 3 SYSTEMPATH\CodeIgniter.php(353): CodeIgniter\CodeIgniter->handleRequest(null, Object(Config\Cache), false)
 4 FCPATH\index.php(79): CodeIgniter\CodeIgniter->run()
 5 SYSTEMPATH\Commands\Server\rewrite.php(47): require_once('D:\\PROJECTS\\system\\latest_auabclites\\public\\index.php')
CRITICAL - 2023-09-01 10:51:06 --> Unsupported operand types: string * int
in APPPATH\Controllers\Home\ViewsController.php on line 190.
 1 SYSTEMPATH\CodeIgniter.php(915): App\Controllers\Home\ViewsController->bulletin_announcement()
 2 SYSTEMPATH\CodeIgniter.php(492): CodeIgniter\CodeIgniter->runController(Object(App\Controllers\Home\ViewsController))
 3 SYSTEMPATH\CodeIgniter.php(353): CodeIgniter\CodeIgniter->handleRequest(null, Object(Config\Cache), false)
 4 FCPATH\index.php(79): CodeIgniter\CodeIgniter->run()
 5 SYSTEMPATH\Commands\Server\rewrite.php(47): require_once('D:\\PROJECTS\\system\\latest_auabclites\\public\\index.php')
CRITICAL - 2023-09-01 10:51:08 --> Division by zero
in APPPATH\Controllers\Home\ViewsController.php on line 219.
 1 SYSTEMPATH\CodeIgniter.php(915): App\Controllers\Home\ViewsController->bulletin_announcement()
 2 SYSTEMPATH\CodeIgniter.php(492): CodeIgniter\CodeIgniter->runController(Object(App\Controllers\Home\ViewsController))
 3 SYSTEMPATH\CodeIgniter.php(353): CodeIgniter\CodeIgniter->handleRequest(null, Object(Config\Cache), false)
 4 FCPATH\index.php(79): CodeIgniter\CodeIgniter->run()
 5 SYSTEMPATH\Commands\Server\rewrite.php(47): require_once('D:\\PROJECTS\\system\\latest_auabclites\\public\\index.php')
