CRITICAL - 2023-09-07 05:39:43 --> Class "Locale" not found
in SYSTEMPATH\CodeIgniter.php on line 214.
 1 FCPATH\index.php(67): CodeIgniter\CodeIgniter->initialize()
CRITICAL - 2023-09-07 05:39:44 --> Uncaught Error: Class "Locale" not found in D:\DATABASE\XAMPP\htdocs\auabclites\system\Helpers\number_helper.php:136
Stack trace:
#0 D:\DATABASE\XAMPP\htdocs\auabclites\system\Helpers\number_helper.php(55): format_number(8, 2, NULL, Array)
#1 D:\DATABASE\XAMPP\htdocs\auabclites\system\Debug\BaseExceptionHandler.php(145): number_to_size(8, 2)
#2 D:\DATABASE\XAMPP\htdocs\auabclites\app\Views\errors\html\error_exception.php(360): CodeIgniter\Debug\BaseExceptionHandler::describeMemory(8388608)
#3 D:\DATABASE\XAMPP\htdocs\auabclites\system\Debug\BaseExceptionHandler.php(241): include('D:\\DATABASE\\XAM...')
#4 D:\DATABASE\XAMPP\htdocs\auabclites\system\Debug\BaseExceptionHandler.php(244): CodeIgniter\Debug\BaseExceptionHandler->CodeIgniter\Debug\{closure}()
#5 D:\DATABASE\XAMPP\htdocs\auabclites\system\Debug\ExceptionHandler.php(109): CodeIgniter\Debug\BaseExceptionHandler->render(Object(Error), 500, 'D:\\DATABASE\\XAM...')
#6 D:\DATABASE\XAMPP\htdocs\auabclites\system\Debug\Exceptions.php(147): CodeIgniter\Debug\ExceptionHandler->handle(Object(Error), Object(CodeIgniter\HTTP\IncomingRequest), Object(CodeIgniter\HTTP\Response), 500, 1)
#7 [internal function]: CodeIgniter\Debug\Exceptions->exceptionHandler(Object(Error))
#8 {main}
  thrown
【Previous Exception】
Error
Class "Locale" not found
#0 D:\DATABASE\XAMPP\htdocs\auabclites\public\index.php(67): CodeIgniter\CodeIgniter->initialize()
#1 {main}
in SYSTEMPATH\Helpers\number_helper.php on line 136.
 1 [internal function]: CodeIgniter\Debug\Exceptions->shutdownHandler()
CRITICAL - 2023-09-07 05:40:38 --> Class "Locale" not found
in SYSTEMPATH\CodeIgniter.php on line 214.
 1 FCPATH\index.php(67): CodeIgniter\CodeIgniter->initialize()
CRITICAL - 2023-09-07 05:40:38 --> Uncaught Error: Class "Locale" not found in D:\DATABASE\XAMPP\htdocs\auabclites\core\system\Helpers\number_helper.php:136
Stack trace:
#0 D:\DATABASE\XAMPP\htdocs\auabclites\core\system\Helpers\number_helper.php(55): format_number(8, 2, NULL, Array)
#1 D:\DATABASE\XAMPP\htdocs\auabclites\core\system\Debug\BaseExceptionHandler.php(145): number_to_size(8, 2)
#2 D:\DATABASE\XAMPP\htdocs\auabclites\core\app\Views\errors\html\error_exception.php(360): CodeIgniter\Debug\BaseExceptionHandler::describeMemory(8388608)
#3 D:\DATABASE\XAMPP\htdocs\auabclites\core\system\Debug\BaseExceptionHandler.php(241): include('D:\\DATABASE\\XAM...')
#4 D:\DATABASE\XAMPP\htdocs\auabclites\core\system\Debug\BaseExceptionHandler.php(244): CodeIgniter\Debug\BaseExceptionHandler->CodeIgniter\Debug\{closure}()
#5 D:\DATABASE\XAMPP\htdocs\auabclites\core\system\Debug\ExceptionHandler.php(109): CodeIgniter\Debug\BaseExceptionHandler->render(Object(Error), 500, 'D:\\DATABASE\\XAM...')
#6 D:\DATABASE\XAMPP\htdocs\auabclites\core\system\Debug\Exceptions.php(147): CodeIgniter\Debug\ExceptionHandler->handle(Object(Error), Object(CodeIgniter\HTTP\IncomingRequest), Object(CodeIgniter\HTTP\Response), 500, 1)
#7 [internal function]: CodeIgniter\Debug\Exceptions->exceptionHandler(Object(Error))
#8 {main}
  thrown
【Previous Exception】
Error
Class "Locale" not found
#0 D:\DATABASE\XAMPP\htdocs\auabclites\public\index.php(67): CodeIgniter\CodeIgniter->initialize()
#1 {main}
in SYSTEMPATH\Helpers\number_helper.php on line 136.
 1 [internal function]: CodeIgniter\Debug\Exceptions->shutdownHandler()
CRITICAL - 2023-09-07 05:42:02 --> Class "Locale" not found
in SYSTEMPATH\CodeIgniter.php on line 214.
 1 FCPATH\index.php(67): CodeIgniter\CodeIgniter->initialize()
CRITICAL - 2023-09-07 05:42:02 --> Uncaught Error: Class "Locale" not found in D:\DATABASE\XAMPP\htdocs\auabclites\core\system\Helpers\number_helper.php:136
Stack trace:
#0 D:\DATABASE\XAMPP\htdocs\auabclites\core\system\Helpers\number_helper.php(55): format_number(8, 2, NULL, Array)
#1 D:\DATABASE\XAMPP\htdocs\auabclites\core\system\Debug\BaseExceptionHandler.php(145): number_to_size(8, 2)
#2 D:\DATABASE\XAMPP\htdocs\auabclites\core\app\Views\errors\html\error_exception.php(360): CodeIgniter\Debug\BaseExceptionHandler::describeMemory(8388608)
#3 D:\DATABASE\XAMPP\htdocs\auabclites\core\system\Debug\BaseExceptionHandler.php(241): include('D:\\DATABASE\\XAM...')
#4 D:\DATABASE\XAMPP\htdocs\auabclites\core\system\Debug\BaseExceptionHandler.php(244): CodeIgniter\Debug\BaseExceptionHandler->CodeIgniter\Debug\{closure}()
#5 D:\DATABASE\XAMPP\htdocs\auabclites\core\system\Debug\ExceptionHandler.php(109): CodeIgniter\Debug\BaseExceptionHandler->render(Object(Error), 500, 'D:\\DATABASE\\XAM...')
#6 D:\DATABASE\XAMPP\htdocs\auabclites\core\system\Debug\Exceptions.php(147): CodeIgniter\Debug\ExceptionHandler->handle(Object(Error), Object(CodeIgniter\HTTP\IncomingRequest), Object(CodeIgniter\HTTP\Response), 500, 1)
#7 [internal function]: CodeIgniter\Debug\Exceptions->exceptionHandler(Object(Error))
#8 {main}
  thrown
【Previous Exception】
Error
Class "Locale" not found
#0 D:\DATABASE\XAMPP\htdocs\auabclites\index.php(67): CodeIgniter\CodeIgniter->initialize()
#1 {main}
in SYSTEMPATH\Helpers\number_helper.php on line 136.
 1 [internal function]: CodeIgniter\Debug\Exceptions->shutdownHandler()
CRITICAL - 2023-09-07 05:42:21 --> Class "Locale" not found
in SYSTEMPATH\CodeIgniter.php on line 214.
 1 FCPATH\index.php(67): CodeIgniter\CodeIgniter->initialize()
CRITICAL - 2023-09-07 05:42:21 --> Uncaught Error: Class "Locale" not found in D:\DATABASE\XAMPP\htdocs\auabclites\core\system\Helpers\number_helper.php:136
Stack trace:
#0 D:\DATABASE\XAMPP\htdocs\auabclites\core\system\Helpers\number_helper.php(55): format_number(8, 2, NULL, Array)
#1 D:\DATABASE\XAMPP\htdocs\auabclites\core\system\Debug\BaseExceptionHandler.php(145): number_to_size(8, 2)
#2 D:\DATABASE\XAMPP\htdocs\auabclites\core\app\Views\errors\html\error_exception.php(360): CodeIgniter\Debug\BaseExceptionHandler::describeMemory(8388608)
#3 D:\DATABASE\XAMPP\htdocs\auabclites\core\system\Debug\BaseExceptionHandler.php(241): include('D:\\DATABASE\\XAM...')
#4 D:\DATABASE\XAMPP\htdocs\auabclites\core\system\Debug\BaseExceptionHandler.php(244): CodeIgniter\Debug\BaseExceptionHandler->CodeIgniter\Debug\{closure}()
#5 D:\DATABASE\XAMPP\htdocs\auabclites\core\system\Debug\ExceptionHandler.php(109): CodeIgniter\Debug\BaseExceptionHandler->render(Object(Error), 500, 'D:\\DATABASE\\XAM...')
#6 D:\DATABASE\XAMPP\htdocs\auabclites\core\system\Debug\Exceptions.php(147): CodeIgniter\Debug\ExceptionHandler->handle(Object(Error), Object(CodeIgniter\HTTP\IncomingRequest), Object(CodeIgniter\HTTP\Response), 500, 1)
#7 [internal function]: CodeIgniter\Debug\Exceptions->exceptionHandler(Object(Error))
#8 {main}
  thrown
【Previous Exception】
Error
Class "Locale" not found
#0 D:\DATABASE\XAMPP\htdocs\auabclites\index.php(67): CodeIgniter\CodeIgniter->initialize()
#1 {main}
in SYSTEMPATH\Helpers\number_helper.php on line 136.
 1 [internal function]: CodeIgniter\Debug\Exceptions->shutdownHandler()
CRITICAL - 2023-09-07 05:42:22 --> Class "Locale" not found
in SYSTEMPATH\CodeIgniter.php on line 214.
 1 FCPATH\index.php(67): CodeIgniter\CodeIgniter->initialize()
CRITICAL - 2023-09-07 05:42:22 --> Uncaught Error: Class "Locale" not found in D:\DATABASE\XAMPP\htdocs\auabclites\core\system\Helpers\number_helper.php:136
Stack trace:
#0 D:\DATABASE\XAMPP\htdocs\auabclites\core\system\Helpers\number_helper.php(55): format_number(8, 2, NULL, Array)
#1 D:\DATABASE\XAMPP\htdocs\auabclites\core\system\Debug\BaseExceptionHandler.php(145): number_to_size(8, 2)
#2 D:\DATABASE\XAMPP\htdocs\auabclites\core\app\Views\errors\html\error_exception.php(360): CodeIgniter\Debug\BaseExceptionHandler::describeMemory(8388608)
#3 D:\DATABASE\XAMPP\htdocs\auabclites\core\system\Debug\BaseExceptionHandler.php(241): include('D:\\DATABASE\\XAM...')
#4 D:\DATABASE\XAMPP\htdocs\auabclites\core\system\Debug\BaseExceptionHandler.php(244): CodeIgniter\Debug\BaseExceptionHandler->CodeIgniter\Debug\{closure}()
#5 D:\DATABASE\XAMPP\htdocs\auabclites\core\system\Debug\ExceptionHandler.php(109): CodeIgniter\Debug\BaseExceptionHandler->render(Object(Error), 500, 'D:\\DATABASE\\XAM...')
#6 D:\DATABASE\XAMPP\htdocs\auabclites\core\system\Debug\Exceptions.php(147): CodeIgniter\Debug\ExceptionHandler->handle(Object(Error), Object(CodeIgniter\HTTP\IncomingRequest), Object(CodeIgniter\HTTP\Response), 500, 1)
#7 [internal function]: CodeIgniter\Debug\Exceptions->exceptionHandler(Object(Error))
#8 {main}
  thrown
【Previous Exception】
Error
Class "Locale" not found
#0 D:\DATABASE\XAMPP\htdocs\auabclites\index.php(67): CodeIgniter\CodeIgniter->initialize()
#1 {main}
in SYSTEMPATH\Helpers\number_helper.php on line 136.
 1 [internal function]: CodeIgniter\Debug\Exceptions->shutdownHandler()
CRITICAL - 2023-09-07 03:44:12 --> Class "Locale" not found
in SYSTEMPATH\I18n\TimeTrait.php on line 74.
 1 SYSTEMPATH\I18n\TimeTrait.php(115): CodeIgniter\I18n\Time->__construct(null, null, null)
 2 SYSTEMPATH\HTTP\ResponseTrait.php(468): CodeIgniter\I18n\Time::now()
 3 SYSTEMPATH\HTTP\ResponseTrait.php(446): CodeIgniter\HTTP\Response->sendHeaders()
 4 SYSTEMPATH\CodeIgniter.php(1080): CodeIgniter\HTTP\Response->send()
 5 SYSTEMPATH\CodeIgniter.php(373): CodeIgniter\CodeIgniter->sendResponse()
 6 FCPATH\index.php(79): CodeIgniter\CodeIgniter->run()
CRITICAL - 2023-09-07 03:44:12 --> Uncaught Error: Class "Locale" not found in D:\DATABASE\XAMPP\htdocs\auabclites\core\system\Helpers\number_helper.php:136
Stack trace:
#0 D:\DATABASE\XAMPP\htdocs\auabclites\core\system\Helpers\number_helper.php(55): format_number(10, 2, NULL, Array)
#1 D:\DATABASE\XAMPP\htdocs\auabclites\core\system\Debug\BaseExceptionHandler.php(145): number_to_size(10, 2)
#2 D:\DATABASE\XAMPP\htdocs\auabclites\core\app\Views\errors\html\error_exception.php(360): CodeIgniter\Debug\BaseExceptionHandler::describeMemory(10485760)
#3 D:\DATABASE\XAMPP\htdocs\auabclites\core\system\Debug\BaseExceptionHandler.php(241): include('D:\\DATABASE\\XAM...')
#4 D:\DATABASE\XAMPP\htdocs\auabclites\core\system\Debug\BaseExceptionHandler.php(244): CodeIgniter\Debug\BaseExceptionHandler->CodeIgniter\Debug\{closure}()
#5 D:\DATABASE\XAMPP\htdocs\auabclites\core\system\Debug\ExceptionHandler.php(109): CodeIgniter\Debug\BaseExceptionHandler->render(Object(Error), 500, 'D:\\DATABASE\\XAM...')
#6 D:\DATABASE\XAMPP\htdocs\auabclites\core\system\Debug\Exceptions.php(147): CodeIgniter\Debug\ExceptionHandler->handle(Object(Error), Object(CodeIgniter\HTTP\IncomingRequest), Object(CodeIgniter\HTTP\Response), 500, 1)
#7 [internal function]: CodeIgniter\Debug\Exceptions->exceptionHandler(Object(Error))
#8 {main}
  thrown
【Previous Exception】
Error
Class "Locale" not found
#0 D:\DATABASE\XAMPP\htdocs\auabclites\core\system\I18n\TimeTrait.php(115): CodeIgniter\I18n\Time->__construct(NULL, NULL, NULL)
#1 D:\DATABASE\XAMPP\htdocs\auabclites\core\system\HTTP\ResponseTrait.php(468): CodeIgniter\I18n\Time::now()
#2 D:\DATABASE\XAMPP\htdocs\auabclites\core\system\HTTP\ResponseTrait.php(446): CodeIgniter\HTTP\Response->sendHeaders()
#3 D:\DATABASE\XAMPP\htdocs\auabclites\core\system\CodeIgniter.php(1080): CodeIgniter\HTTP\Response->send()
#4 D:\DATABASE\XAMPP\htdocs\auabclites\core\system\CodeIgniter.php(373): CodeIgniter\CodeIgniter->sendResponse()
#5 D:\DATABASE\XAMPP\htdocs\auabclites\index.php(79): CodeIgniter\CodeIgniter->run()
#6 {main}
in SYSTEMPATH\Helpers\number_helper.php on line 136.
 1 [internal function]: CodeIgniter\Debug\Exceptions->shutdownHandler()
CRITICAL - 2023-09-07 05:44:26 --> Class "Locale" not found
in SYSTEMPATH\CodeIgniter.php on line 214.
 1 FCPATH\index.php(67): CodeIgniter\CodeIgniter->initialize()
CRITICAL - 2023-09-07 05:44:26 --> Uncaught Error: Class "Locale" not found in D:\DATABASE\XAMPP\htdocs\auabclites\core\system\Helpers\number_helper.php:136
Stack trace:
#0 D:\DATABASE\XAMPP\htdocs\auabclites\core\system\Helpers\number_helper.php(55): format_number(8, 2, NULL, Array)
#1 D:\DATABASE\XAMPP\htdocs\auabclites\core\system\Debug\BaseExceptionHandler.php(145): number_to_size(8, 2)
#2 D:\DATABASE\XAMPP\htdocs\auabclites\core\app\Views\errors\html\error_exception.php(360): CodeIgniter\Debug\BaseExceptionHandler::describeMemory(8388608)
#3 D:\DATABASE\XAMPP\htdocs\auabclites\core\system\Debug\BaseExceptionHandler.php(241): include('D:\\DATABASE\\XAM...')
#4 D:\DATABASE\XAMPP\htdocs\auabclites\core\system\Debug\BaseExceptionHandler.php(244): CodeIgniter\Debug\BaseExceptionHandler->CodeIgniter\Debug\{closure}()
#5 D:\DATABASE\XAMPP\htdocs\auabclites\core\system\Debug\ExceptionHandler.php(109): CodeIgniter\Debug\BaseExceptionHandler->render(Object(Error), 500, 'D:\\DATABASE\\XAM...')
#6 D:\DATABASE\XAMPP\htdocs\auabclites\core\system\Debug\Exceptions.php(147): CodeIgniter\Debug\ExceptionHandler->handle(Object(Error), Object(CodeIgniter\HTTP\IncomingRequest), Object(CodeIgniter\HTTP\Response), 500, 1)
#7 [internal function]: CodeIgniter\Debug\Exceptions->exceptionHandler(Object(Error))
#8 {main}
  thrown
【Previous Exception】
Error
Class "Locale" not found
#0 D:\DATABASE\XAMPP\htdocs\auabclites\index.php(67): CodeIgniter\CodeIgniter->initialize()
#1 {main}
in SYSTEMPATH\Helpers\number_helper.php on line 136.
 1 [internal function]: CodeIgniter\Debug\Exceptions->shutdownHandler()
CRITICAL - 2023-09-07 05:54:48 --> Class "Locale" not found
in SYSTEMPATH\CodeIgniter.php on line 214.
 1 FCPATH\index.php(67): CodeIgniter\CodeIgniter->initialize()
CRITICAL - 2023-09-07 05:54:48 --> Uncaught Error: Class "Locale" not found in D:\DATABASE\XAMPP\htdocs\auabclites\core\system\Helpers\number_helper.php:136
Stack trace:
#0 D:\DATABASE\XAMPP\htdocs\auabclites\core\system\Helpers\number_helper.php(55): format_number(8, 2, NULL, Array)
#1 D:\DATABASE\XAMPP\htdocs\auabclites\core\system\Debug\BaseExceptionHandler.php(145): number_to_size(8, 2)
#2 D:\DATABASE\XAMPP\htdocs\auabclites\core\app\Views\errors\html\error_exception.php(360): CodeIgniter\Debug\BaseExceptionHandler::describeMemory(8388608)
#3 D:\DATABASE\XAMPP\htdocs\auabclites\core\system\Debug\BaseExceptionHandler.php(241): include('D:\\DATABASE\\XAM...')
#4 D:\DATABASE\XAMPP\htdocs\auabclites\core\system\Debug\BaseExceptionHandler.php(244): CodeIgniter\Debug\BaseExceptionHandler->CodeIgniter\Debug\{closure}()
#5 D:\DATABASE\XAMPP\htdocs\auabclites\core\system\Debug\ExceptionHandler.php(109): CodeIgniter\Debug\BaseExceptionHandler->render(Object(Error), 500, 'D:\\DATABASE\\XAM...')
#6 D:\DATABASE\XAMPP\htdocs\auabclites\core\system\Debug\Exceptions.php(147): CodeIgniter\Debug\ExceptionHandler->handle(Object(Error), Object(CodeIgniter\HTTP\IncomingRequest), Object(CodeIgniter\HTTP\Response), 500, 1)
#7 [internal function]: CodeIgniter\Debug\Exceptions->exceptionHandler(Object(Error))
#8 {main}
  thrown
【Previous Exception】
Error
Class "Locale" not found
#0 D:\DATABASE\XAMPP\htdocs\auabclites\index.php(67): CodeIgniter\CodeIgniter->initialize()
#1 {main}
in SYSTEMPATH\Helpers\number_helper.php on line 136.
 1 [internal function]: CodeIgniter\Debug\Exceptions->shutdownHandler()
CRITICAL - 2023-09-07 05:54:48 --> Class "Locale" not found
in SYSTEMPATH\CodeIgniter.php on line 214.
 1 FCPATH\index.php(67): CodeIgniter\CodeIgniter->initialize()
CRITICAL - 2023-09-07 05:54:48 --> Uncaught Error: Class "Locale" not found in D:\DATABASE\XAMPP\htdocs\auabclites\core\system\Helpers\number_helper.php:136
Stack trace:
#0 D:\DATABASE\XAMPP\htdocs\auabclites\core\system\Helpers\number_helper.php(55): format_number(8, 2, NULL, Array)
#1 D:\DATABASE\XAMPP\htdocs\auabclites\core\system\Debug\BaseExceptionHandler.php(145): number_to_size(8, 2)
#2 D:\DATABASE\XAMPP\htdocs\auabclites\core\app\Views\errors\html\error_exception.php(360): CodeIgniter\Debug\BaseExceptionHandler::describeMemory(8388608)
#3 D:\DATABASE\XAMPP\htdocs\auabclites\core\system\Debug\BaseExceptionHandler.php(241): include('D:\\DATABASE\\XAM...')
#4 D:\DATABASE\XAMPP\htdocs\auabclites\core\system\Debug\BaseExceptionHandler.php(244): CodeIgniter\Debug\BaseExceptionHandler->CodeIgniter\Debug\{closure}()
#5 D:\DATABASE\XAMPP\htdocs\auabclites\core\system\Debug\ExceptionHandler.php(109): CodeIgniter\Debug\BaseExceptionHandler->render(Object(Error), 500, 'D:\\DATABASE\\XAM...')
#6 D:\DATABASE\XAMPP\htdocs\auabclites\core\system\Debug\Exceptions.php(147): CodeIgniter\Debug\ExceptionHandler->handle(Object(Error), Object(CodeIgniter\HTTP\IncomingRequest), Object(CodeIgniter\HTTP\Response), 500, 1)
#7 [internal function]: CodeIgniter\Debug\Exceptions->exceptionHandler(Object(Error))
#8 {main}
  thrown
【Previous Exception】
Error
Class "Locale" not found
#0 D:\DATABASE\XAMPP\htdocs\auabclites\index.php(67): CodeIgniter\CodeIgniter->initialize()
#1 {main}
in SYSTEMPATH\Helpers\number_helper.php on line 136.
 1 [internal function]: CodeIgniter\Debug\Exceptions->shutdownHandler()
CRITICAL - 2023-09-07 05:54:49 --> Class "Locale" not found
in SYSTEMPATH\CodeIgniter.php on line 214.
 1 FCPATH\index.php(67): CodeIgniter\CodeIgniter->initialize()
CRITICAL - 2023-09-07 05:54:49 --> Uncaught Error: Class "Locale" not found in D:\DATABASE\XAMPP\htdocs\auabclites\core\system\Helpers\number_helper.php:136
Stack trace:
#0 D:\DATABASE\XAMPP\htdocs\auabclites\core\system\Helpers\number_helper.php(55): format_number(8, 2, NULL, Array)
#1 D:\DATABASE\XAMPP\htdocs\auabclites\core\system\Debug\BaseExceptionHandler.php(145): number_to_size(8, 2)
#2 D:\DATABASE\XAMPP\htdocs\auabclites\core\app\Views\errors\html\error_exception.php(360): CodeIgniter\Debug\BaseExceptionHandler::describeMemory(8388608)
#3 D:\DATABASE\XAMPP\htdocs\auabclites\core\system\Debug\BaseExceptionHandler.php(241): include('D:\\DATABASE\\XAM...')
#4 D:\DATABASE\XAMPP\htdocs\auabclites\core\system\Debug\BaseExceptionHandler.php(244): CodeIgniter\Debug\BaseExceptionHandler->CodeIgniter\Debug\{closure}()
#5 D:\DATABASE\XAMPP\htdocs\auabclites\core\system\Debug\ExceptionHandler.php(109): CodeIgniter\Debug\BaseExceptionHandler->render(Object(Error), 500, 'D:\\DATABASE\\XAM...')
#6 D:\DATABASE\XAMPP\htdocs\auabclites\core\system\Debug\Exceptions.php(147): CodeIgniter\Debug\ExceptionHandler->handle(Object(Error), Object(CodeIgniter\HTTP\IncomingRequest), Object(CodeIgniter\HTTP\Response), 500, 1)
#7 [internal function]: CodeIgniter\Debug\Exceptions->exceptionHandler(Object(Error))
#8 {main}
  thrown
【Previous Exception】
Error
Class "Locale" not found
#0 D:\DATABASE\XAMPP\htdocs\auabclites\index.php(67): CodeIgniter\CodeIgniter->initialize()
#1 {main}
in SYSTEMPATH\Helpers\number_helper.php on line 136.
 1 [internal function]: CodeIgniter\Debug\Exceptions->shutdownHandler()
CRITICAL - 2023-09-07 05:54:49 --> Class "Locale" not found
in SYSTEMPATH\CodeIgniter.php on line 214.
 1 FCPATH\index.php(67): CodeIgniter\CodeIgniter->initialize()
CRITICAL - 2023-09-07 05:54:49 --> Uncaught Error: Class "Locale" not found in D:\DATABASE\XAMPP\htdocs\auabclites\core\system\Helpers\number_helper.php:136
Stack trace:
#0 D:\DATABASE\XAMPP\htdocs\auabclites\core\system\Helpers\number_helper.php(55): format_number(8, 2, NULL, Array)
#1 D:\DATABASE\XAMPP\htdocs\auabclites\core\system\Debug\BaseExceptionHandler.php(145): number_to_size(8, 2)
#2 D:\DATABASE\XAMPP\htdocs\auabclites\core\app\Views\errors\html\error_exception.php(360): CodeIgniter\Debug\BaseExceptionHandler::describeMemory(8388608)
#3 D:\DATABASE\XAMPP\htdocs\auabclites\core\system\Debug\BaseExceptionHandler.php(241): include('D:\\DATABASE\\XAM...')
#4 D:\DATABASE\XAMPP\htdocs\auabclites\core\system\Debug\BaseExceptionHandler.php(244): CodeIgniter\Debug\BaseExceptionHandler->CodeIgniter\Debug\{closure}()
#5 D:\DATABASE\XAMPP\htdocs\auabclites\core\system\Debug\ExceptionHandler.php(109): CodeIgniter\Debug\BaseExceptionHandler->render(Object(Error), 500, 'D:\\DATABASE\\XAM...')
#6 D:\DATABASE\XAMPP\htdocs\auabclites\core\system\Debug\Exceptions.php(147): CodeIgniter\Debug\ExceptionHandler->handle(Object(Error), Object(CodeIgniter\HTTP\IncomingRequest), Object(CodeIgniter\HTTP\Response), 500, 1)
#7 [internal function]: CodeIgniter\Debug\Exceptions->exceptionHandler(Object(Error))
#8 {main}
  thrown
【Previous Exception】
Error
Class "Locale" not found
#0 D:\DATABASE\XAMPP\htdocs\auabclites\index.php(67): CodeIgniter\CodeIgniter->initialize()
#1 {main}
in SYSTEMPATH\Helpers\number_helper.php on line 136.
 1 [internal function]: CodeIgniter\Debug\Exceptions->shutdownHandler()
