CRITICAL - 2023-09-13 07:54:04 --> Undefined constant "App\Controllers\Admin\Process\remove"
in APPPATH\Controllers\Admin\Process\OfficersController.php on line 283.
 1 SYSTEMPATH\CodeIgniter.php(915): App\Controllers\Admin\Process\OfficersController->delete_data()
 2 SYSTEMPATH\CodeIgniter.php(492): CodeIgniter\CodeIgniter->runController(Object(App\Controllers\Admin\Process\OfficersController))
 3 SYSTEMPATH\CodeIgniter.php(353): CodeIgniter\CodeIgniter->handleRequest(null, Object(Config\Cache), false)
 4 FCPATH\index.php(79): CodeIgniter\CodeIgniter->run()
CRITICAL - 2023-09-13 09:16:07 --> Undefined variable $value
in APPPATH\Views\Home\testimonial.php on line 51.
 1 APPPATH\Views\Home\testimonial.php(51): CodeIgniter\Debug\Exceptions->errorHandler(2, 'Undefined variable $value', 'D:\\DATABASE\\XAMPP\\htdocs\\auabclites\\core\\app\\Views\\Home\\testimonial.php', 51)
 2 SYSTEMPATH\View\View.php(226): include('D:\\DATABASE\\XAMPP\\htdocs\\auabclites\\core\\app\\Views\\Home\\testimonial.php')
 3 SYSTEMPATH\View\View.php(229): CodeIgniter\View\View->CodeIgniter\View\{closure}()
 4 SYSTEMPATH\Common.php(1178): CodeIgniter\View\View->render('Home/testimonial', [], true)
 5 APPPATH\Controllers\Home\ViewsController.php(44): view('Home/testimonial')
 6 APPPATH\Controllers\Home\ViewsController.php(1065): App\Controllers\Home\ViewsController->renderView('Home/testimonial', [...])
 7 SYSTEMPATH\CodeIgniter.php(915): App\Controllers\Home\ViewsController->testimonial()
 8 SYSTEMPATH\CodeIgniter.php(492): CodeIgniter\CodeIgniter->runController(Object(App\Controllers\Home\ViewsController))
 9 SYSTEMPATH\CodeIgniter.php(353): CodeIgniter\CodeIgniter->handleRequest(null, Object(Config\Cache), false)
10 FCPATH\index.php(79): CodeIgniter\CodeIgniter->run()
CRITICAL - 2023-09-13 09:16:35 --> Undefined variable $value
in APPPATH\Views\Home\testimonial.php on line 51.
 1 APPPATH\Views\Home\testimonial.php(51): CodeIgniter\Debug\Exceptions->errorHandler(2, 'Undefined variable $value', 'D:\\DATABASE\\XAMPP\\htdocs\\auabclites\\core\\app\\Views\\Home\\testimonial.php', 51)
 2 SYSTEMPATH\View\View.php(226): include('D:\\DATABASE\\XAMPP\\htdocs\\auabclites\\core\\app\\Views\\Home\\testimonial.php')
 3 SYSTEMPATH\View\View.php(229): CodeIgniter\View\View->CodeIgniter\View\{closure}()
 4 SYSTEMPATH\Common.php(1178): CodeIgniter\View\View->render('Home/testimonial', [], true)
 5 APPPATH\Controllers\Home\ViewsController.php(44): view('Home/testimonial')
 6 APPPATH\Controllers\Home\ViewsController.php(1065): App\Controllers\Home\ViewsController->renderView('Home/testimonial', [...])
 7 SYSTEMPATH\CodeIgniter.php(915): App\Controllers\Home\ViewsController->testimonial()
 8 SYSTEMPATH\CodeIgniter.php(492): CodeIgniter\CodeIgniter->runController(Object(App\Controllers\Home\ViewsController))
 9 SYSTEMPATH\CodeIgniter.php(353): CodeIgniter\CodeIgniter->handleRequest(null, Object(Config\Cache), false)
10 FCPATH\index.php(79): CodeIgniter\CodeIgniter->run()
CRITICAL - 2023-09-13 10:34:29 --> count(): Argument #1 ($value) must be of type Countable|array, null given
in APPPATH\Views\Home\testimonial.php on line 5.
 1 SYSTEMPATH\View\View.php(226): include()
 2 SYSTEMPATH\View\View.php(229): CodeIgniter\View\View->CodeIgniter\View\{closure}()
 3 SYSTEMPATH\Common.php(1178): CodeIgniter\View\View->render('Home/testimonial', [], true)
 4 APPPATH\Controllers\Home\ViewsController.php(44): view('Home/testimonial')
 5 APPPATH\Controllers\Home\ViewsController.php(1065): App\Controllers\Home\ViewsController->renderView('Home/testimonial', [...])
 6 SYSTEMPATH\CodeIgniter.php(915): App\Controllers\Home\ViewsController->testimonial()
 7 SYSTEMPATH\CodeIgniter.php(492): CodeIgniter\CodeIgniter->runController(Object(App\Controllers\Home\ViewsController))
 8 SYSTEMPATH\CodeIgniter.php(353): CodeIgniter\CodeIgniter->handleRequest(null, Object(Config\Cache), false)
 9 FCPATH\index.php(79): CodeIgniter\CodeIgniter->run()
CRITICAL - 2023-09-13 11:07:55 --> Call to undefined function base_furl()
in APPPATH\Views\Home\home.php on line 264.
 1 SYSTEMPATH\View\View.php(226): include()
 2 SYSTEMPATH\View\View.php(229): CodeIgniter\View\View->CodeIgniter\View\{closure}()
 3 SYSTEMPATH\Common.php(1178): CodeIgniter\View\View->render('Home/home', [], true)
 4 APPPATH\Controllers\Home\ViewsController.php(44): view('Home/home')
 5 APPPATH\Controllers\Home\ViewsController.php(108): App\Controllers\Home\ViewsController->renderView('Home/home', [...])
 6 SYSTEMPATH\CodeIgniter.php(915): App\Controllers\Home\ViewsController->home()
 7 SYSTEMPATH\CodeIgniter.php(492): CodeIgniter\CodeIgniter->runController(Object(App\Controllers\Home\ViewsController))
 8 SYSTEMPATH\CodeIgniter.php(353): CodeIgniter\CodeIgniter->handleRequest(null, Object(Config\Cache), false)
 9 FCPATH\index.php(79): CodeIgniter\CodeIgniter->run()
CRITICAL - 2023-09-13 11:18:18 --> Undefined array key 0
in APPPATH\Controllers\Api\ApiController.php on line 153.
 1 APPPATH\Controllers\Api\ApiController.php(153): CodeIgniter\Debug\Exceptions->errorHandler(2, 'Undefined array key 0', 'D:\\DATABASE\\XAMPP\\htdocs\\auabclites\\core\\app\\Controllers\\Api\\ApiController.php', 153)
 2 SYSTEMPATH\CodeIgniter.php(915): App\Controllers\Api\ApiController->newsletter()
 3 SYSTEMPATH\CodeIgniter.php(492): CodeIgniter\CodeIgniter->runController(Object(App\Controllers\Api\ApiController))
 4 SYSTEMPATH\CodeIgniter.php(353): CodeIgniter\CodeIgniter->handleRequest(null, Object(Config\Cache), false)
 5 FCPATH\index.php(79): CodeIgniter\CodeIgniter->run()
CRITICAL - 2023-09-13 11:19:06 --> Call to undefined method CodeIgniter\Validation\Validation::getFirstError()
in APPPATH\Controllers\Api\ApiController.php on line 153.
 1 SYSTEMPATH\CodeIgniter.php(915): App\Controllers\Api\ApiController->newsletter()
 2 SYSTEMPATH\CodeIgniter.php(492): CodeIgniter\CodeIgniter->runController(Object(App\Controllers\Api\ApiController))
 3 SYSTEMPATH\CodeIgniter.php(353): CodeIgniter\CodeIgniter->handleRequest(null, Object(Config\Cache), false)
 4 FCPATH\index.php(79): CodeIgniter\CodeIgniter->run()
CRITICAL - 2023-09-13 11:19:36 --> Call to a member function first() on array
in APPPATH\Controllers\Api\ApiController.php on line 153.
 1 SYSTEMPATH\CodeIgniter.php(915): App\Controllers\Api\ApiController->newsletter()
 2 SYSTEMPATH\CodeIgniter.php(492): CodeIgniter\CodeIgniter->runController(Object(App\Controllers\Api\ApiController))
 3 SYSTEMPATH\CodeIgniter.php(353): CodeIgniter\CodeIgniter->handleRequest(null, Object(Config\Cache), false)
 4 FCPATH\index.php(79): CodeIgniter\CodeIgniter->run()
