CRITICAL - 2023-09-12 04:20:22 --> Undefined variable $data
in APPPATH\Controllers\Home\ViewsController.php on line 1087.
 1 APPPATH\Controllers\Home\ViewsController.php(1087): CodeIgniter\Debug\Exceptions->errorHandler(2, 'Undefined variable $data', 'D:\\DATABASE\\XAMPP\\htdocs\\auabclites\\core\\app\\Controllers\\Home\\ViewsController.php', 1087)
 2 SYSTEMPATH\CodeIgniter.php(915): App\Controllers\Home\ViewsController->form_enroll()
 3 SYSTEMPATH\CodeIgniter.php(492): CodeIgniter\CodeIgniter->runController(Object(App\Controllers\Home\ViewsController))
 4 SYSTEMPATH\CodeIgniter.php(353): CodeIgniter\CodeIgniter->handleRequest(null, Object(Config\Cache), false)
 5 FCPATH\index.php(79): CodeIgniter\CodeIgniter->run()
CRITICAL - 2023-09-12 04:20:32 --> Undefined variable $model
in APPPATH\Controllers\Home\ViewsController.php on line 15.
 1 APPPATH\Controllers\Home\ViewsController.php(15): CodeIgniter\Debug\Exceptions->errorHandler(2, 'Undefined variable $model', 'D:\\DATABASE\\XAMPP\\htdocs\\auabclites\\core\\app\\Controllers\\Home\\ViewsController.php', 15)
 2 SYSTEMPATH\CodeIgniter.php(887): App\Controllers\Home\ViewsController->__construct()
 3 SYSTEMPATH\CodeIgniter.php(483): CodeIgniter\CodeIgniter->createController()
 4 SYSTEMPATH\CodeIgniter.php(353): CodeIgniter\CodeIgniter->handleRequest(null, Object(Config\Cache), false)
 5 FCPATH\index.php(79): CodeIgniter\CodeIgniter->run()
CRITICAL - 2023-09-12 04:20:42 --> Undefined variable $data
in APPPATH\Controllers\Home\ViewsController.php on line 1095.
 1 APPPATH\Controllers\Home\ViewsController.php(1095): CodeIgniter\Debug\Exceptions->errorHandler(2, 'Undefined variable $data', 'D:\\DATABASE\\XAMPP\\htdocs\\auabclites\\core\\app\\Controllers\\Home\\ViewsController.php', 1095)
 2 SYSTEMPATH\CodeIgniter.php(915): App\Controllers\Home\ViewsController->form_enroll()
 3 SYSTEMPATH\CodeIgniter.php(492): CodeIgniter\CodeIgniter->runController(Object(App\Controllers\Home\ViewsController))
 4 SYSTEMPATH\CodeIgniter.php(353): CodeIgniter\CodeIgniter->handleRequest(null, Object(Config\Cache), false)
 5 FCPATH\index.php(79): CodeIgniter\CodeIgniter->run()
CRITICAL - 2023-09-12 04:22:19 --> Undefined array key "site_images"
in APPPATH\Views\Home\templates\header.php on line 53.
 1 APPPATH\Views\Home\templates\header.php(53): CodeIgniter\Debug\Exceptions->errorHandler(2, 'Undefined array key "site_images"', 'D:\\DATABASE\\XAMPP\\htdocs\\auabclites\\core\\app\\Views\\Home\\templates\\header.php', 53)
 2 SYSTEMPATH\View\View.php(226): include('D:\\DATABASE\\XAMPP\\htdocs\\auabclites\\core\\app\\Views\\Home\\templates\\header.php')
 3 SYSTEMPATH\View\View.php(229): CodeIgniter\View\View->CodeIgniter\View\{closure}()
 4 SYSTEMPATH\Common.php(1178): CodeIgniter\View\View->render('home/templates/header', [], true)
 5 APPPATH\Controllers\Home\ViewsController.php(52): view('home/templates/header', [...])
 6 APPPATH\Controllers\Home\ViewsController.php(106): App\Controllers\Home\ViewsController->renderView('Home/home', [...])
 7 SYSTEMPATH\CodeIgniter.php(915): App\Controllers\Home\ViewsController->home()
 8 SYSTEMPATH\CodeIgniter.php(492): CodeIgniter\CodeIgniter->runController(Object(App\Controllers\Home\ViewsController))
 9 SYSTEMPATH\CodeIgniter.php(353): CodeIgniter\CodeIgniter->handleRequest(null, Object(Config\Cache), false)
10 FCPATH\index.php(79): CodeIgniter\CodeIgniter->run()
CRITICAL - 2023-09-12 04:22:54 --> Undefined variable $data
in APPPATH\Controllers\Home\ViewsController.php on line 77.
 1 APPPATH\Controllers\Home\ViewsController.php(77): CodeIgniter\Debug\Exceptions->errorHandler(2, 'Undefined variable $data', 'D:\\DATABASE\\XAMPP\\htdocs\\auabclites\\core\\app\\Controllers\\Home\\ViewsController.php', 77)
 2 SYSTEMPATH\CodeIgniter.php(915): App\Controllers\Home\ViewsController->home()
 3 SYSTEMPATH\CodeIgniter.php(492): CodeIgniter\CodeIgniter->runController(Object(App\Controllers\Home\ViewsController))
 4 SYSTEMPATH\CodeIgniter.php(353): CodeIgniter\CodeIgniter->handleRequest(null, Object(Config\Cache), false)
 5 FCPATH\index.php(79): CodeIgniter\CodeIgniter->run()
CRITICAL - 2023-09-12 04:23:05 --> Undefined array key "site_images"
in APPPATH\Views\Home\templates\header.php on line 53.
 1 APPPATH\Views\Home\templates\header.php(53): CodeIgniter\Debug\Exceptions->errorHandler(2, 'Undefined array key "site_images"', 'D:\\DATABASE\\XAMPP\\htdocs\\auabclites\\core\\app\\Views\\Home\\templates\\header.php', 53)
 2 SYSTEMPATH\View\View.php(226): include('D:\\DATABASE\\XAMPP\\htdocs\\auabclites\\core\\app\\Views\\Home\\templates\\header.php')
 3 SYSTEMPATH\View\View.php(229): CodeIgniter\View\View->CodeIgniter\View\{closure}()
 4 SYSTEMPATH\Common.php(1178): CodeIgniter\View\View->render('home/templates/header', [], true)
 5 APPPATH\Controllers\Home\ViewsController.php(52): view('home/templates/header', [...])
 6 APPPATH\Controllers\Home\ViewsController.php(112): App\Controllers\Home\ViewsController->renderView('Home/home', [...])
 7 SYSTEMPATH\CodeIgniter.php(915): App\Controllers\Home\ViewsController->home()
 8 SYSTEMPATH\CodeIgniter.php(492): CodeIgniter\CodeIgniter->runController(Object(App\Controllers\Home\ViewsController))
 9 SYSTEMPATH\CodeIgniter.php(353): CodeIgniter\CodeIgniter->handleRequest(null, Object(Config\Cache), false)
10 FCPATH\index.php(79): CodeIgniter\CodeIgniter->run()
CRITICAL - 2023-09-12 09:39:04 --> Invalid file: "../home/templates/header.php"
in SYSTEMPATH\Exceptions\FrameworkException.php on line 39.
 1 SYSTEMPATH\View\View.php(214): CodeIgniter\Exceptions\FrameworkException::forInvalidFile('../home/templates/header.php')
 2 SYSTEMPATH\View\View.php(467): CodeIgniter\View\View->render('../home/templates/header', null, true)
 3 APPPATH\Views\Home\sub-pages\form-enroll.php(1): CodeIgniter\View\View->include('../home/templates/header')
 4 SYSTEMPATH\View\View.php(226): include('D:\\DATABASE\\XAMPP\\htdocs\\auabclites\\core\\app\\Views\\Home\\sub-pages\\form-enroll.php')
 5 SYSTEMPATH\View\View.php(229): CodeIgniter\View\View->CodeIgniter\View\{closure}()
 6 SYSTEMPATH\Common.php(1178): CodeIgniter\View\View->render('Home/sub-pages/form-enroll', [], true)
 7 APPPATH\Controllers\Home\ViewsController.php(1098): view('Home/sub-pages/form-enroll', [...])
 8 SYSTEMPATH\CodeIgniter.php(915): App\Controllers\Home\ViewsController->form_enroll()
 9 SYSTEMPATH\CodeIgniter.php(492): CodeIgniter\CodeIgniter->runController(Object(App\Controllers\Home\ViewsController))
10 SYSTEMPATH\CodeIgniter.php(353): CodeIgniter\CodeIgniter->handleRequest(null, Object(Config\Cache), false)
11 FCPATH\index.php(79): CodeIgniter\CodeIgniter->run()
CRITICAL - 2023-09-12 09:40:55 --> Undefined property: CodeIgniter\View\View::$request
in APPPATH\Views\Home\templates\header.php on line 67.
 1 APPPATH\Views\Home\templates\header.php(67): CodeIgniter\Debug\Exceptions->errorHandler(2, 'Undefined property: CodeIgniter\\View\\View::$request', 'D:\\DATABASE\\XAMPP\\htdocs\\auabclites\\core\\app\\Views\\Home\\templates\\header.php', 67)
 2 SYSTEMPATH\View\View.php(226): include('D:\\DATABASE\\XAMPP\\htdocs\\auabclites\\core\\app\\Views\\Home\\templates\\header.php')
 3 SYSTEMPATH\View\View.php(229): CodeIgniter\View\View->CodeIgniter\View\{closure}()
 4 SYSTEMPATH\View\View.php(467): CodeIgniter\View\View->render('./home/templates/header', null, true)
 5 APPPATH\Views\Home\sub-pages\form-enroll.php(1): CodeIgniter\View\View->include('./home/templates/header')
 6 SYSTEMPATH\View\View.php(226): include('D:\\DATABASE\\XAMPP\\htdocs\\auabclites\\core\\app\\Views\\Home\\sub-pages\\form-enroll.php')
 7 SYSTEMPATH\View\View.php(229): CodeIgniter\View\View->CodeIgniter\View\{closure}()
 8 SYSTEMPATH\Common.php(1178): CodeIgniter\View\View->render('Home/sub-pages/form-enroll', [], true)
 9 APPPATH\Controllers\Home\ViewsController.php(1098): view('Home/sub-pages/form-enroll', [...])
10 SYSTEMPATH\CodeIgniter.php(915): App\Controllers\Home\ViewsController->form_enroll()
11 SYSTEMPATH\CodeIgniter.php(492): CodeIgniter\CodeIgniter->runController(Object(App\Controllers\Home\ViewsController))
12 SYSTEMPATH\CodeIgniter.php(353): CodeIgniter\CodeIgniter->handleRequest(null, Object(Config\Cache), false)
13 FCPATH\index.php(79): CodeIgniter\CodeIgniter->run()
CRITICAL - 2023-09-12 09:41:02 --> Cannot decrement CodeIgniter\View\View
in APPPATH\Views\Home\templates\header.php on line 67.
 1 SYSTEMPATH\View\View.php(226): include()
 2 SYSTEMPATH\View\View.php(229): CodeIgniter\View\View->CodeIgniter\View\{closure}()
 3 SYSTEMPATH\View\View.php(467): CodeIgniter\View\View->render('./home/templates/header', null, true)
 4 APPPATH\Views\Home\sub-pages\form-enroll.php(1): CodeIgniter\View\View->include('./home/templates/header')
 5 SYSTEMPATH\View\View.php(226): include('D:\\DATABASE\\XAMPP\\htdocs\\auabclites\\core\\app\\Views\\Home\\sub-pages\\form-enroll.php')
 6 SYSTEMPATH\View\View.php(229): CodeIgniter\View\View->CodeIgniter\View\{closure}()
 7 SYSTEMPATH\Common.php(1178): CodeIgniter\View\View->render('Home/sub-pages/form-enroll', [], true)
 8 APPPATH\Controllers\Home\ViewsController.php(1098): view('Home/sub-pages/form-enroll', [...])
 9 SYSTEMPATH\CodeIgniter.php(915): App\Controllers\Home\ViewsController->form_enroll()
10 SYSTEMPATH\CodeIgniter.php(492): CodeIgniter\CodeIgniter->runController(Object(App\Controllers\Home\ViewsController))
11 SYSTEMPATH\CodeIgniter.php(353): CodeIgniter\CodeIgniter->handleRequest(null, Object(Config\Cache), false)
12 FCPATH\index.php(79): CodeIgniter\CodeIgniter->run()
CRITICAL - 2023-09-12 09:41:18 --> syntax error, unexpected token "->"
in APPPATH\Views\Home\templates\header.php on line 67.
 1 SYSTEMPATH\View\View.php(229): CodeIgniter\View\View->CodeIgniter\View\{closure}()
 2 SYSTEMPATH\View\View.php(467): CodeIgniter\View\View->render('./home/templates/header', null, true)
 3 APPPATH\Views\Home\sub-pages\form-enroll.php(1): CodeIgniter\View\View->include('./home/templates/header')
 4 SYSTEMPATH\View\View.php(226): include('D:\\DATABASE\\XAMPP\\htdocs\\auabclites\\core\\app\\Views\\Home\\sub-pages\\form-enroll.php')
 5 SYSTEMPATH\View\View.php(229): CodeIgniter\View\View->CodeIgniter\View\{closure}()
 6 SYSTEMPATH\Common.php(1178): CodeIgniter\View\View->render('Home/sub-pages/form-enroll', [], true)
 7 APPPATH\Controllers\Home\ViewsController.php(1098): view('Home/sub-pages/form-enroll', [...])
 8 SYSTEMPATH\CodeIgniter.php(915): App\Controllers\Home\ViewsController->form_enroll()
 9 SYSTEMPATH\CodeIgniter.php(492): CodeIgniter\CodeIgniter->runController(Object(App\Controllers\Home\ViewsController))
10 SYSTEMPATH\CodeIgniter.php(353): CodeIgniter\CodeIgniter->handleRequest(null, Object(Config\Cache), false)
11 FCPATH\index.php(79): CodeIgniter\CodeIgniter->run()
CRITICAL - 2023-09-12 10:30:29 --> syntax error, unexpected token ")"
in APPPATH\Views\Home\templates\header.php on line 27.
 1 SYSTEMPATH\View\View.php(229): CodeIgniter\View\View->CodeIgniter\View\{closure}()
 2 SYSTEMPATH\View\View.php(467): CodeIgniter\View\View->render('./home/templates/header', null, true)
 3 APPPATH\Views\Home\sub-pages\form-enroll.php(1): CodeIgniter\View\View->include('./home/templates/header')
 4 SYSTEMPATH\View\View.php(226): include('D:\\DATABASE\\XAMPP\\htdocs\\auabclites\\core\\app\\Views\\Home\\sub-pages\\form-enroll.php')
 5 SYSTEMPATH\View\View.php(229): CodeIgniter\View\View->CodeIgniter\View\{closure}()
 6 SYSTEMPATH\Common.php(1178): CodeIgniter\View\View->render('Home/sub-pages/form-enroll', [], true)
 7 APPPATH\Controllers\Home\ViewsController.php(1098): view('Home/sub-pages/form-enroll', [...])
 8 SYSTEMPATH\CodeIgniter.php(915): App\Controllers\Home\ViewsController->form_enroll()
 9 SYSTEMPATH\CodeIgniter.php(492): CodeIgniter\CodeIgniter->runController(Object(App\Controllers\Home\ViewsController))
10 SYSTEMPATH\CodeIgniter.php(353): CodeIgniter\CodeIgniter->handleRequest(null, Object(Config\Cache), false)
11 FCPATH\index.php(79): CodeIgniter\CodeIgniter->run()
CRITICAL - 2023-09-12 10:31:30 --> Undefined variable $request
in APPPATH\Views\Home\templates\header.php on line 27.
 1 APPPATH\Views\Home\templates\header.php(27): CodeIgniter\Debug\Exceptions->errorHandler(2, 'Undefined variable $request', 'D:\\DATABASE\\XAMPP\\htdocs\\auabclites\\core\\app\\Views\\Home\\templates\\header.php', 27)
 2 SYSTEMPATH\View\View.php(226): include('D:\\DATABASE\\XAMPP\\htdocs\\auabclites\\core\\app\\Views\\Home\\templates\\header.php')
 3 SYSTEMPATH\View\View.php(229): CodeIgniter\View\View->CodeIgniter\View\{closure}()
 4 SYSTEMPATH\View\View.php(467): CodeIgniter\View\View->render('./home/templates/header', null, true)
 5 APPPATH\Views\Home\sub-pages\form-enroll.php(1): CodeIgniter\View\View->include('./home/templates/header')
 6 SYSTEMPATH\View\View.php(226): include('D:\\DATABASE\\XAMPP\\htdocs\\auabclites\\core\\app\\Views\\Home\\sub-pages\\form-enroll.php')
 7 SYSTEMPATH\View\View.php(229): CodeIgniter\View\View->CodeIgniter\View\{closure}()
 8 SYSTEMPATH\Common.php(1178): CodeIgniter\View\View->render('Home/sub-pages/form-enroll', [], true)
 9 APPPATH\Controllers\Home\ViewsController.php(1098): view('Home/sub-pages/form-enroll', [...])
10 SYSTEMPATH\CodeIgniter.php(915): App\Controllers\Home\ViewsController->form_enroll()
11 SYSTEMPATH\CodeIgniter.php(492): CodeIgniter\CodeIgniter->runController(Object(App\Controllers\Home\ViewsController))
12 SYSTEMPATH\CodeIgniter.php(353): CodeIgniter\CodeIgniter->handleRequest(null, Object(Config\Cache), false)
13 FCPATH\index.php(79): CodeIgniter\CodeIgniter->run()
CRITICAL - 2023-09-12 10:31:45 --> Undefined variable $path
in APPPATH\Views\Home\templates\header.php on line 29.
 1 APPPATH\Views\Home\templates\header.php(29): CodeIgniter\Debug\Exceptions->errorHandler(2, 'Undefined variable $path', 'D:\\DATABASE\\XAMPP\\htdocs\\auabclites\\core\\app\\Views\\Home\\templates\\header.php', 29)
 2 SYSTEMPATH\View\View.php(226): include('D:\\DATABASE\\XAMPP\\htdocs\\auabclites\\core\\app\\Views\\Home\\templates\\header.php')
 3 SYSTEMPATH\View\View.php(229): CodeIgniter\View\View->CodeIgniter\View\{closure}()
 4 SYSTEMPATH\View\View.php(467): CodeIgniter\View\View->render('./home/templates/header', null, true)
 5 APPPATH\Views\Home\sub-pages\form-enroll.php(1): CodeIgniter\View\View->include('./home/templates/header')
 6 SYSTEMPATH\View\View.php(226): include('D:\\DATABASE\\XAMPP\\htdocs\\auabclites\\core\\app\\Views\\Home\\sub-pages\\form-enroll.php')
 7 SYSTEMPATH\View\View.php(229): CodeIgniter\View\View->CodeIgniter\View\{closure}()
 8 SYSTEMPATH\Common.php(1178): CodeIgniter\View\View->render('Home/sub-pages/form-enroll', [], true)
 9 APPPATH\Controllers\Home\ViewsController.php(1098): view('Home/sub-pages/form-enroll', [...])
10 SYSTEMPATH\CodeIgniter.php(915): App\Controllers\Home\ViewsController->form_enroll()
11 SYSTEMPATH\CodeIgniter.php(492): CodeIgniter\CodeIgniter->runController(Object(App\Controllers\Home\ViewsController))
12 SYSTEMPATH\CodeIgniter.php(353): CodeIgniter\CodeIgniter->handleRequest(null, Object(Config\Cache), false)
13 FCPATH\index.php(79): CodeIgniter\CodeIgniter->run()
CRITICAL - 2023-09-12 11:20:21 --> syntax error, unexpected token ")"
in APPPATH\Views\Home\templates\header.php on line 27.
 1 SYSTEMPATH\View\View.php(229): CodeIgniter\View\View->CodeIgniter\View\{closure}()
 2 SYSTEMPATH\Common.php(1178): CodeIgniter\View\View->render('home/templates/header', [], true)
 3 APPPATH\Controllers\Home\ViewsController.php(43): view('home/templates/header', [...])
 4 APPPATH\Controllers\Home\ViewsController.php(1098): App\Controllers\Home\ViewsController->renderView('Home/sub-pages/form-enroll', [...])
 5 SYSTEMPATH\CodeIgniter.php(915): App\Controllers\Home\ViewsController->form_enroll()
 6 SYSTEMPATH\CodeIgniter.php(492): CodeIgniter\CodeIgniter->runController(Object(App\Controllers\Home\ViewsController))
 7 SYSTEMPATH\CodeIgniter.php(353): CodeIgniter\CodeIgniter->handleRequest(null, Object(Config\Cache), false)
 8 FCPATH\index.php(79): CodeIgniter\CodeIgniter->run()
